<?xml version="1.0" encoding="UTF-8"?>
<coverage generated="1686804306781" clover="3.2.0">
  <project timestamp="1686804306781" name="All files">
    <metrics statements="890" coveredstatements="700" conditionals="370" coveredconditionals="174" methods="297" coveredmethods="241" elements="1557" coveredelements="1115" complexity="0" loc="890" ncloc="890" packages="19" files="51" classes="51"/>
    <package name="__tests__">
      <metrics statements="9" coveredstatements="9" conditionals="0" coveredconditionals="0" methods="8" coveredmethods="8"/>
      <file name="utils.ts" path="/Users/imagine/project/packages/bear-react-carousel/__tests__/utils.ts">
        <metrics statements="9" coveredstatements="9" conditionals="0" coveredconditionals="0" methods="8" coveredmethods="8"/>
        <line num="1" count="16" type="stmt"/>
        <line num="2" count="16" type="stmt"/>
        <line num="3" count="102" type="stmt"/>
        <line num="4" count="102" type="stmt"/>
        <line num="8" count="16" type="stmt"/>
        <line num="9" count="16" type="stmt"/>
        <line num="10" count="16" type="stmt"/>
        <line num="14" count="27" type="stmt"/>
        <line num="15" count="79" type="stmt"/>
      </file>
    </package>
    <package name="src">
      <metrics statements="283" coveredstatements="158" conditionals="132" coveredconditionals="33" methods="85" coveredmethods="50"/>
      <file name="BearCarousel.tsx" path="/Users/imagine/project/packages/bear-react-carousel/src/BearCarousel.tsx">
        <metrics statements="128" coveredstatements="106" conditionals="39" coveredconditionals="16" methods="25" coveredmethods="22"/>
        <line num="1" count="4" type="stmt"/>
        <line num="2" count="4" type="stmt"/>
        <line num="3" count="4" type="stmt"/>
        <line num="5" count="4" type="stmt"/>
        <line num="6" count="4" type="stmt"/>
        <line num="8" count="4" type="stmt"/>
        <line num="9" count="4" type="stmt"/>
        <line num="10" count="4" type="stmt"/>
        <line num="11" count="4" type="stmt"/>
        <line num="12" count="4" type="stmt"/>
        <line num="13" count="4" type="stmt"/>
        <line num="14" count="4" type="stmt"/>
        <line num="15" count="4" type="stmt"/>
        <line num="16" count="4" type="stmt"/>
        <line num="18" count="4" type="stmt"/>
        <line num="19" count="4" type="stmt"/>
        <line num="20" count="4" type="stmt"/>
        <line num="21" count="4" type="stmt"/>
        <line num="22" count="4" type="stmt"/>
        <line num="35" count="4" type="stmt"/>
        <line num="54" count="16" type="stmt"/>
        <line num="55" count="16" type="stmt"/>
        <line num="68" count="16" type="stmt"/>
        <line num="71" count="16" type="stmt"/>
        <line num="72" count="16" type="stmt"/>
        <line num="73" count="16" type="stmt"/>
        <line num="78" count="16" type="stmt"/>
        <line num="79" count="16" type="stmt"/>
        <line num="84" count="16" type="stmt"/>
        <line num="90" count="16" type="stmt"/>
        <line num="96" count="16" type="stmt"/>
        <line num="100" count="16" type="stmt"/>
        <line num="101" count="16" type="stmt"/>
        <line num="106" count="16" type="cond" truecount="1" falsecount="2"/>
        <line num="108" count="16" type="cond" truecount="1" falsecount="0"/>
        <line num="111" count="16" type="cond" truecount="1" falsecount="0"/>
        <line num="113" count="16" type="cond" truecount="1" falsecount="0"/>
        <line num="114" count="16" type="cond" truecount="1" falsecount="1"/>
        <line num="117" count="16" type="stmt"/>
        <line num="118" count="16" type="stmt"/>
        <line num="120" count="16" type="stmt"/>
        <line num="121" count="16" type="stmt"/>
        <line num="122" count="16" type="stmt"/>
        <line num="124" count="16" type="stmt"/>
        <line num="125" count="16" type="stmt"/>
        <line num="127" count="16" type="stmt"/>
        <line num="130" count="16" type="stmt"/>
        <line num="131" count="16" type="stmt"/>
        <line num="132" count="16" type="stmt"/>
        <line num="136" count="16" type="cond" truecount="1" falsecount="2"/>
        <line num="137" count="16" type="stmt"/>
        <line num="138" count="16" type="stmt"/>
        <line num="139" count="16" type="stmt"/>
        <line num="140" count="16" type="stmt"/>
        <line num="141" count="16" type="stmt"/>
        <line num="143" count="16" type="stmt"/>
        <line num="144" count="16" type="stmt"/>
        <line num="146" count="16" type="stmt"/>
        <line num="147" count="16" type="stmt"/>
        <line num="156" count="0" type="cond" truecount="0" falsecount="3"/>
        <line num="158" count="0" type="stmt"/>
        <line num="160" count="0" type="cond" truecount="0" falsecount="4"/>
        <line num="164" count="0" type="stmt"/>
        <line num="165" count="0" type="stmt"/>
        <line num="166" count="0" type="stmt"/>
        <line num="167" count="0" type="stmt"/>
        <line num="170" count="0" type="stmt"/>
        <line num="173" count="0" type="cond" truecount="0" falsecount="3"/>
        <line num="174" count="0" type="stmt"/>
        <line num="175" count="0" type="stmt"/>
        <line num="178" count="0" type="cond" truecount="0" falsecount="1"/>
        <line num="179" count="0" type="stmt"/>
        <line num="180" count="0" type="stmt"/>
        <line num="183" count="0" type="stmt"/>
        <line num="186" count="16" type="stmt"/>
        <line num="187" count="16" type="cond" truecount="1" falsecount="0"/>
        <line num="188" count="16" type="stmt"/>
        <line num="189" count="16" type="cond" truecount="1" falsecount="0"/>
        <line num="190" count="16" type="stmt"/>
        <line num="198" count="16" type="stmt"/>
        <line num="199" count="16" type="cond" truecount="0" falsecount="1"/>
        <line num="200" count="0" type="stmt"/>
        <line num="211" count="16" type="stmt"/>
        <line num="212" count="5" type="stmt"/>
        <line num="223" count="16" type="stmt"/>
        <line num="224" count="19" type="stmt"/>
        <line num="234" count="16" type="stmt"/>
        <line num="235" count="19" type="stmt"/>
        <line num="236" count="19" type="stmt"/>
        <line num="242" count="16" type="stmt"/>
        <line num="243" count="3" type="stmt"/>
        <line num="244" count="3" type="stmt"/>
        <line num="251" count="16" type="stmt"/>
        <line num="252" count="3" type="stmt"/>
        <line num="259" count="16" type="stmt"/>
        <line num="260" count="2" type="stmt"/>
        <line num="266" count="16" type="stmt"/>
        <line num="267" count="34" type="cond" truecount="0" falsecount="1"/>
        <line num="268" count="0" type="stmt"/>
        <line num="269" count="0" type="stmt"/>
        <line num="273" count="16" type="stmt"/>
        <line num="274" count="0" type="cond" truecount="0" falsecount="2"/>
        <line num="275" count="0" type="stmt"/>
        <line num="277" count="0" type="stmt"/>
        <line num="284" count="16" type="stmt"/>
        <line num="285" count="16" type="stmt"/>
        <line num="287" count="16" type="cond" truecount="0" falsecount="1"/>
        <line num="306" count="16" type="stmt"/>
        <line num="307" count="16" type="stmt"/>
        <line num="308" count="16" type="stmt"/>
        <line num="309" count="16" type="stmt"/>
        <line num="310" count="102" type="stmt"/>
        <line num="311" count="102" type="cond" truecount="2" falsecount="0"/>
        <line num="313" count="102" type="stmt"/>
        <line num="315" count="204" type="stmt"/>
        <line num="333" count="16" type="stmt"/>
        <line num="334" count="14" type="stmt"/>
        <line num="335" count="14" type="stmt"/>
        <line num="336" count="14" type="stmt"/>
        <line num="339" count="14" type="stmt"/>
        <line num="340" count="14" type="cond" truecount="0" falsecount="1"/>
        <line num="341" count="0" type="stmt"/>
        <line num="344" count="14" type="stmt"/>
        <line num="346" count="84" type="stmt"/>
        <line num="348" count="168" type="stmt"/>
        <line num="349" count="2" type="stmt"/>
        <line num="366" count="16" type="stmt"/>
        <line num="396" count="16" type="stmt"/>
      </file>
      <file name="BearSlideCard.tsx" path="/Users/imagine/project/packages/bear-react-carousel/src/BearSlideCard.tsx">
        <metrics statements="8" coveredstatements="8" conditionals="17" coveredconditionals="10" methods="2" coveredmethods="2"/>
        <line num="1" count="4" type="stmt"/>
        <line num="3" count="4" type="stmt"/>
        <line num="4" count="4" type="stmt"/>
        <line num="5" count="4" type="stmt"/>
        <line num="19" count="4" type="stmt"/>
        <line num="30" count="102" type="stmt"/>
        <line num="31" count="102" type="stmt"/>
        <line num="54" count="30" type="stmt"/>
      </file>
      <file name="Icon.tsx" path="/Users/imagine/project/packages/bear-react-carousel/src/Icon.tsx">
        <metrics statements="3" coveredstatements="3" conditionals="0" coveredconditionals="0" methods="4" coveredmethods="2"/>
        <line num="1" count="6" type="stmt"/>
        <line num="3" count="6" type="stmt"/>
        <line num="12" count="33" type="stmt"/>
      </file>
      <file name="config.ts" path="/Users/imagine/project/packages/bear-react-carousel/src/config.ts">
        <metrics statements="1" coveredstatements="1" conditionals="0" coveredconditionals="0" methods="1" coveredmethods="0"/>
        <line num="3" count="5" type="stmt"/>
      </file>
      <file name="deepCompare.ts" path="/Users/imagine/project/packages/bear-react-carousel/src/deepCompare.ts">
        <metrics statements="75" coveredstatements="2" conditionals="60" coveredconditionals="0" methods="11" coveredmethods="0"/>
        <line num="5" count="0" type="stmt"/>
        <line num="6" count="0" type="stmt"/>
        <line num="7" count="0" type="cond" truecount="0" falsecount="1"/>
        <line num="8" count="0" type="stmt"/>
        <line num="11" count="0" type="stmt"/>
        <line num="14" count="0" type="stmt"/>
        <line num="21" count="0" type="stmt"/>
        <line num="25" count="0" type="cond" truecount="0" falsecount="2"/>
        <line num="30" count="0" type="stmt"/>
        <line num="41" count="0" type="stmt"/>
        <line num="45" count="0" type="cond" truecount="0" falsecount="2"/>
        <line num="49" count="0" type="stmt"/>
        <line num="50" count="0" type="stmt"/>
        <line num="52" count="0" type="cond" truecount="0" falsecount="3"/>
        <line num="53" count="0" type="stmt"/>
        <line num="56" count="0" type="cond" truecount="0" falsecount="1"/>
        <line num="57" count="0" type="stmt"/>
        <line num="60" count="0" type="cond" truecount="0" falsecount="1"/>
        <line num="61" count="0" type="stmt"/>
        <line num="78" count="11" type="stmt"/>
        <line num="87" count="0" type="cond" truecount="0" falsecount="2"/>
        <line num="89" count="0" type="stmt"/>
        <line num="91" count="0" type="stmt"/>
        <line num="92" count="0" type="cond" truecount="0" falsecount="1"/>
        <line num="93" count="0" type="stmt"/>
        <line num="96" count="0" type="stmt"/>
        <line num="97" count="0" type="stmt"/>
        <line num="98" count="0" type="cond" truecount="0" falsecount="1"/>
        <line num="99" count="0" type="stmt"/>
        <line num="103" count="0" type="cond" truecount="0" falsecount="3"/>
        <line num="104" count="0" type="stmt"/>
        <line num="107" count="0" type="cond" truecount="0" falsecount="1"/>
        <line num="108" count="0" type="stmt"/>
        <line num="111" count="0" type="cond" truecount="0" falsecount="3"/>
        <line num="112" count="0" type="stmt"/>
        <line num="114" count="0" type="stmt"/>
        <line num="115" count="0" type="cond" truecount="0" falsecount="1"/>
        <line num="116" count="0" type="stmt"/>
        <line num="118" count="0" type="cond" truecount="0" falsecount="5"/>
        <line num="122" count="0" type="cond" truecount="0" falsecount="2"/>
        <line num="124" count="0" type="stmt"/>
        <line num="125" count="0" type="cond" truecount="0" falsecount="4"/>
        <line num="127" count="0" type="stmt"/>
        <line num="130" count="0" type="stmt"/>
        <line num="136" count="0" type="stmt"/>
        <line num="139" count="0" type="cond" truecount="0" falsecount="2"/>
        <line num="141" count="0" type="cond" truecount="0" falsecount="3"/>
        <line num="142" count="0" type="stmt"/>
        <line num="146" count="0" type="cond" truecount="0" falsecount="3"/>
        <line num="147" count="0" type="stmt"/>
        <line num="151" count="0" type="stmt"/>
        <line num="152" count="0" type="stmt"/>
        <line num="157" count="0" type="cond" truecount="0" falsecount="2"/>
        <line num="158" count="0" type="stmt"/>
        <line num="159" count="0" type="cond" truecount="0" falsecount="1"/>
        <line num="160" count="0" type="stmt"/>
        <line num="164" count="0" type="stmt"/>
        <line num="165" count="0" type="stmt"/>
        <line num="168" count="0" type="cond" truecount="0" falsecount="3"/>
        <line num="169" count="0" type="stmt"/>
        <line num="173" count="0" type="stmt"/>
        <line num="175" count="0" type="stmt"/>
        <line num="178" count="0" type="cond" truecount="0" falsecount="1"/>
        <line num="179" count="0" type="stmt"/>
        <line num="182" count="0" type="stmt"/>
        <line num="183" count="0" type="stmt"/>
        <line num="186" count="0" type="stmt"/>
        <line num="190" count="0" type="cond" truecount="0" falsecount="1"/>
        <line num="191" count="0" type="stmt"/>
        <line num="195" count="0" type="stmt"/>
        <line num="196" count="0" type="stmt"/>
        <line num="198" count="0" type="stmt"/>
        <line num="218" count="0" type="cond" truecount="0" falsecount="2"/>
        <line num="219" count="0" type="cond" truecount="0" falsecount="2"/>
        <line num="222" count="11" type="stmt"/>
      </file>
      <file name="el-class-name.ts" path="/Users/imagine/project/packages/bear-react-carousel/src/el-class-name.ts">
        <metrics statements="1" coveredstatements="1" conditionals="0" coveredconditionals="0" methods="1" coveredmethods="1"/>
        <line num="4" count="499" type="stmt"/>
      </file>
      <file name="logger.ts" path="/Users/imagine/project/packages/bear-react-carousel/src/logger.ts">
        <metrics statements="22" coveredstatements="4" conditionals="4" coveredconditionals="0" methods="8" coveredmethods="0"/>
        <line num="1" count="5" type="stmt"/>
        <line num="3" count="5" type="stmt"/>
        <line num="18" count="0" type="stmt"/>
        <line num="27" count="0" type="stmt"/>
        <line num="31" count="0" type="stmt"/>
        <line num="40" count="0" type="stmt"/>
        <line num="44" count="0" type="stmt"/>
        <line num="53" count="0" type="stmt"/>
        <line num="57" count="0" type="stmt"/>
        <line num="66" count="0" type="stmt"/>
        <line num="70" count="0" type="stmt"/>
        <line num="79" count="0" type="stmt"/>
        <line num="83" count="0" type="stmt"/>
        <line num="88" count="0" type="stmt"/>
        <line num="89" count="0" type="cond" truecount="0" falsecount="2"/>
        <line num="90" count="0" type="stmt"/>
        <line num="91" count="0" type="stmt"/>
        <line num="92" count="0" type="stmt"/>
        <line num="93" count="0" type="cond" truecount="0" falsecount="1"/>
        <line num="94" count="0" type="stmt"/>
        <line num="99" count="5" type="stmt"/>
        <line num="108" count="5" type="stmt"/>
      </file>
      <file name="types.ts" path="/Users/imagine/project/packages/bear-react-carousel/src/types.ts">
        <metrics statements="1" coveredstatements="1" conditionals="2" coveredconditionals="2" methods="1" coveredmethods="1"/>
        <line num="9" count="5" type="cond" truecount="2" falsecount="0"/>
      </file>
      <file name="utils.ts" path="/Users/imagine/project/packages/bear-react-carousel/src/utils.ts">
        <metrics statements="44" coveredstatements="32" conditionals="10" coveredconditionals="5" methods="32" coveredmethods="22"/>
        <line num="2" count="11" type="stmt"/>
        <line num="7" count="21" type="stmt"/>
        <line num="8" count="21" type="stmt"/>
        <line num="13" count="18" type="stmt"/>
        <line num="14" count="18" type="stmt"/>
        <line num="24" count="38" type="cond" truecount="0" falsecount="1"/>
        <line num="25" count="38" type="stmt"/>
        <line num="26" count="38" type="cond" truecount="1" falsecount="0"/>
        <line num="27" count="32" type="stmt"/>
        <line num="30" count="6" type="stmt"/>
        <line num="39" count="22" type="stmt"/>
        <line num="40" count="22" type="stmt"/>
        <line num="41" count="15" type="stmt"/>
        <line num="42" count="1" type="stmt"/>
        <line num="44" count="22" type="cond" truecount="1" falsecount="0"/>
        <line num="45" count="17" type="stmt"/>
        <line num="56" count="5" type="stmt"/>
        <line num="57" count="5" type="stmt"/>
        <line num="58" count="5" type="cond" truecount="1" falsecount="0"/>
        <line num="59" count="2" type="stmt"/>
        <line num="74" count="4" type="stmt"/>
        <line num="75" count="4" type="stmt"/>
        <line num="86" count="1" type="stmt"/>
        <line num="87" count="1" type="stmt"/>
        <line num="90" count="1" type="stmt"/>
        <line num="91" count="1" type="stmt"/>
        <line num="100" count="1" type="stmt"/>
        <line num="101" count="1" type="stmt"/>
        <line num="110" count="0" type="stmt"/>
        <line num="111" count="0" type="stmt"/>
        <line num="112" count="0" type="cond" truecount="0" falsecount="2"/>
        <line num="113" count="0" type="stmt"/>
        <line num="114" count="0" type="stmt"/>
        <line num="115" count="0" type="cond" truecount="0" falsecount="2"/>
        <line num="116" count="0" type="stmt"/>
        <line num="118" count="0" type="stmt"/>
        <line num="121" count="0" type="stmt"/>
        <line num="122" count="0" type="stmt"/>
        <line num="123" count="0" type="stmt"/>
        <line num="125" count="0" type="stmt"/>
        <line num="130" count="485" type="cond" truecount="1" falsecount="0"/>
        <line num="131" count="485" type="cond" truecount="1" falsecount="0"/>
        <line num="132" count="46" type="stmt"/>
        <line num="134" count="439" type="stmt"/>
      </file>
    </package>
    <package name="src.components.CarouselRoot">
      <metrics statements="6" coveredstatements="6" conditionals="2" coveredconditionals="0" methods="3" coveredmethods="3"/>
      <file name="CarouselRoot.tsx" path="/Users/imagine/project/packages/bear-react-carousel/src/components/CarouselRoot/CarouselRoot.tsx">
        <metrics statements="5" coveredstatements="5" conditionals="2" coveredconditionals="0" methods="2" coveredmethods="2"/>
        <line num="1" count="4" type="stmt"/>
        <line num="2" count="4" type="stmt"/>
        <line num="3" count="4" type="stmt"/>
        <line num="25" count="4" type="stmt"/>
        <line num="55" count="16" type="stmt"/>
      </file>
      <file name="index.ts" path="/Users/imagine/project/packages/bear-react-carousel/src/components/CarouselRoot/index.ts">
        <metrics statements="1" coveredstatements="1" conditionals="0" coveredconditionals="0" methods="1" coveredmethods="1"/>
        <line num="1" count="16" type="stmt"/>
      </file>
    </package>
    <package name="src.components.NavButton">
      <metrics statements="8" coveredstatements="8" conditionals="0" coveredconditionals="0" methods="6" coveredmethods="5"/>
      <file name="NavButton.tsx" path="/Users/imagine/project/packages/bear-react-carousel/src/components/NavButton/NavButton.tsx">
        <metrics statements="7" coveredstatements="7" conditionals="0" coveredconditionals="0" methods="6" coveredmethods="5"/>
        <line num="2" count="5" type="stmt"/>
        <line num="3" count="5" type="stmt"/>
        <line num="4" count="5" type="stmt"/>
        <line num="13" count="5" type="stmt"/>
        <line num="36" count="17" type="stmt"/>
        <line num="42" count="16" type="stmt"/>
        <line num="50" count="5" type="stmt"/>
      </file>
      <file name="index.ts" path="/Users/imagine/project/packages/bear-react-carousel/src/components/NavButton/index.ts">
        <metrics statements="1" coveredstatements="1" conditionals="0" coveredconditionals="0" methods="0" coveredmethods="0"/>
        <line num="1" count="4" type="stmt"/>
      </file>
    </package>
    <package name="src.components.Page">
      <metrics statements="8" coveredstatements="8" conditionals="2" coveredconditionals="1" methods="4" coveredmethods="4"/>
      <file name="Page.tsx" path="/Users/imagine/project/packages/bear-react-carousel/src/components/Page/Page.tsx">
        <metrics statements="7" coveredstatements="7" conditionals="2" coveredconditionals="1" methods="3" coveredmethods="3"/>
        <line num="1" count="5" type="stmt"/>
        <line num="2" count="5" type="stmt"/>
        <line num="3" count="5" type="stmt"/>
        <line num="13" count="5" type="stmt"/>
        <line num="20" count="85" type="stmt"/>
        <line num="21" count="3" type="stmt"/>
        <line num="42" count="85" type="stmt"/>
      </file>
      <file name="index.ts" path="/Users/imagine/project/packages/bear-react-carousel/src/components/Page/index.ts">
        <metrics statements="1" coveredstatements="1" conditionals="0" coveredconditionals="0" methods="1" coveredmethods="1"/>
        <line num="1" count="84" type="stmt"/>
      </file>
    </package>
    <package name="src.components.SlideItem">
      <metrics statements="7" coveredstatements="7" conditionals="5" coveredconditionals="3" methods="3" coveredmethods="3"/>
      <file name="SlideItem.tsx" path="/Users/imagine/project/packages/bear-react-carousel/src/components/SlideItem/SlideItem.tsx">
        <metrics statements="6" coveredstatements="6" conditionals="5" coveredconditionals="3" methods="2" coveredmethods="2"/>
        <line num="1" count="5" type="stmt"/>
        <line num="2" count="5" type="stmt"/>
        <line num="3" count="5" type="stmt"/>
        <line num="4" count="5" type="stmt"/>
        <line num="19" count="5" type="stmt"/>
        <line num="61" count="103" type="stmt"/>
      </file>
      <file name="index.ts" path="/Users/imagine/project/packages/bear-react-carousel/src/components/SlideItem/index.ts">
        <metrics statements="1" coveredstatements="1" conditionals="0" coveredconditionals="0" methods="1" coveredmethods="1"/>
        <line num="1" count="102" type="stmt"/>
      </file>
    </package>
    <package name="src.components.WindowSize">
      <metrics statements="4" coveredstatements="4" conditionals="1" coveredconditionals="0" methods="3" coveredmethods="2"/>
      <file name="WindowSize.tsx" path="/Users/imagine/project/packages/bear-react-carousel/src/components/WindowSize/WindowSize.tsx">
        <metrics statements="3" coveredstatements="3" conditionals="1" coveredconditionals="0" methods="2" coveredmethods="2"/>
        <line num="1" count="5" type="stmt"/>
        <line num="12" count="5" type="stmt"/>
        <line num="24" count="5" type="stmt"/>
      </file>
      <file name="index.ts" path="/Users/imagine/project/packages/bear-react-carousel/src/components/WindowSize/index.ts">
        <metrics statements="1" coveredstatements="1" conditionals="0" coveredconditionals="0" methods="1" coveredmethods="0"/>
        <line num="1" count="4" type="stmt"/>
      </file>
    </package>
    <package name="src.hook">
      <metrics statements="40" coveredstatements="19" conditionals="10" coveredconditionals="1" methods="10" coveredmethods="5"/>
      <file name="useDraggableClick.ts" path="/Users/imagine/project/packages/bear-react-carousel/src/hook/useDraggableClick.ts">
        <metrics statements="17" coveredstatements="9" conditionals="5" coveredconditionals="0" methods="5" coveredmethods="2"/>
        <line num="1" count="4" type="stmt"/>
        <line num="8" count="4" type="cond" truecount="0" falsecount="1"/>
        <line num="9" count="102" type="stmt"/>
        <line num="10" count="102" type="stmt"/>
        <line num="12" count="102" type="stmt"/>
        <line num="13" count="0" type="stmt"/>
        <line num="14" count="0" type="stmt"/>
        <line num="15" count="0" type="stmt"/>
        <line num="18" count="102" type="stmt"/>
        <line num="19" count="0" type="stmt"/>
        <line num="20" count="0" type="cond" truecount="0" falsecount="4"/>
        <line num="21" count="0" type="stmt"/>
        <line num="22" count="0" type="stmt"/>
        <line num="26" count="102" type="stmt"/>
        <line num="27" count="0" type="stmt"/>
        <line num="30" count="102" type="stmt"/>
        <line num="33" count="102" type="stmt"/>
      </file>
      <file name="useLazyLoadBg.ts" path="/Users/imagine/project/packages/bear-react-carousel/src/hook/useLazyLoadBg.ts">
        <metrics statements="23" coveredstatements="10" conditionals="5" coveredconditionals="1" methods="5" coveredmethods="3"/>
        <line num="1" count="4" type="stmt"/>
        <line num="8" count="4" type="stmt"/>
        <line num="9" count="102" type="stmt"/>
        <line num="10" count="102" type="stmt"/>
        <line num="11" count="102" type="stmt"/>
        <line num="13" count="102" type="stmt"/>
        <line num="14" count="102" type="cond" truecount="1" falsecount="2"/>
        <line num="15" count="0" type="stmt"/>
        <line num="16" count="0" type="stmt"/>
        <line num="20" count="102" type="stmt"/>
        <line num="21" count="0" type="stmt"/>
        <line num="22" count="0" type="cond" truecount="0" falsecount="1"/>
        <line num="23" count="0" type="stmt"/>
        <line num="24" count="0" type="stmt"/>
        <line num="26" count="0" type="stmt"/>
        <line num="27" count="0" type="cond" truecount="0" falsecount="1"/>
        <line num="28" count="0" type="stmt"/>
        <line num="29" count="0" type="stmt"/>
        <line num="31" count="0" type="stmt"/>
        <line num="32" count="0" type="stmt"/>
        <line num="34" count="0" type="stmt"/>
        <line num="39" count="102" type="stmt"/>
        <line num="42" count="102" type="stmt"/>
      </file>
    </package>
    <package name="src.interface">
      <metrics statements="10" coveredstatements="6" conditionals="6" coveredconditionals="1" methods="10" coveredmethods="6"/>
      <file name="DragEvent.ts" path="/Users/imagine/project/packages/bear-react-carousel/src/interface/DragEvent.ts">
        <metrics statements="10" coveredstatements="6" conditionals="6" coveredconditionals="1" methods="10" coveredmethods="6"/>
        <line num="11" count="2" type="stmt"/>
        <line num="17" count="2" type="cond" truecount="1" falsecount="1"/>
        <line num="21" count="0" type="cond" truecount="0" falsecount="2"/>
        <line num="24" count="0" type="cond" truecount="0" falsecount="2"/>
        <line num="28" count="2" type="stmt"/>
        <line num="35" count="3" type="stmt"/>
        <line num="42" count="3" type="stmt"/>
        <line num="46" count="0" type="stmt"/>
        <line num="49" count="0" type="stmt"/>
        <line num="53" count="3" type="stmt"/>
      </file>
    </package>
    <package name="src.manager.AutoPlayer">
      <metrics statements="28" coveredstatements="28" conditionals="10" coveredconditionals="6" methods="9" coveredmethods="9"/>
      <file name="AutoPlayer.ts" path="/Users/imagine/project/packages/bear-react-carousel/src/manager/AutoPlayer/AutoPlayer.ts">
        <metrics statements="27" coveredstatements="27" conditionals="10" coveredconditionals="6" methods="8" coveredmethods="8"/>
        <line num="2" count="4" type="stmt"/>
        <line num="4" count="4" type="stmt"/>
        <line num="5" count="4" type="stmt"/>
        <line num="13" count="16" type="stmt"/>
        <line num="16" count="35" type="stmt"/>
        <line num="22" count="16" type="stmt"/>
        <line num="25" count="16" type="stmt"/>
        <line num="26" count="16" type="stmt"/>
        <line num="27" count="16" type="stmt"/>
        <line num="29" count="16" type="stmt"/>
        <line num="30" count="16" type="stmt"/>
        <line num="37" count="16" type="stmt"/>
        <line num="38" count="16" type="stmt"/>
        <line num="39" count="16" type="stmt"/>
        <line num="41" count="16" type="stmt"/>
        <line num="42" count="16" type="stmt"/>
        <line num="45" count="16" type="stmt"/>
        <line num="46" count="35" type="stmt"/>
        <line num="47" count="35" type="cond" truecount="1" falsecount="2"/>
        <line num="49" count="35" type="cond" truecount="4" falsecount="0"/>
        <line num="51" count="8" type="stmt"/>
        <line num="52" count="5" type="stmt"/>
        <line num="57" count="16" type="stmt"/>
        <line num="58" count="38" type="cond" truecount="1" falsecount="2"/>
        <line num="60" count="38" type="stmt"/>
        <line num="61" count="38" type="stmt"/>
        <line num="66" count="16" type="stmt"/>
      </file>
      <file name="index.ts" path="/Users/imagine/project/packages/bear-react-carousel/src/manager/AutoPlayer/index.ts">
        <metrics statements="1" coveredstatements="1" conditionals="0" coveredconditionals="0" methods="1" coveredmethods="1"/>
        <line num="1" count="16" type="stmt"/>
      </file>
    </package>
    <package name="src.manager.Configurator">
      <metrics statements="38" coveredstatements="36" conditionals="16" coveredconditionals="9" methods="17" coveredmethods="17"/>
      <file name="Configurator.ts" path="/Users/imagine/project/packages/bear-react-carousel/src/manager/Configurator/Configurator.ts">
        <metrics statements="14" coveredstatements="14" conditionals="4" coveredconditionals="2" methods="8" coveredmethods="8"/>
        <line num="1" count="5" type="stmt"/>
        <line num="2" count="5" type="stmt"/>
        <line num="5" count="5" type="stmt"/>
        <line num="11" count="19" type="stmt"/>
        <line num="14" count="19" type="stmt"/>
        <line num="18" count="48" type="stmt"/>
        <line num="22" count="382" type="stmt"/>
        <line num="27" count="16" type="stmt"/>
        <line num="51" count="16" type="stmt"/>
        <line num="52" count="48" type="stmt"/>
        <line num="54" count="48" type="stmt"/>
        <line num="59" count="19" type="stmt"/>
        <line num="60" count="19" type="stmt"/>
        <line num="65" count="19" type="stmt"/>
      </file>
      <file name="index.ts" path="/Users/imagine/project/packages/bear-react-carousel/src/manager/Configurator/index.ts">
        <metrics statements="3" coveredstatements="3" conditionals="0" coveredconditionals="0" methods="1" coveredmethods="1"/>
        <line num="1" count="19" type="stmt"/>
        <line num="2" count="5" type="stmt"/>
        <line num="3" count="5" type="stmt"/>
      </file>
      <file name="utils.ts" path="/Users/imagine/project/packages/bear-react-carousel/src/manager/Configurator/utils.ts">
        <metrics statements="21" coveredstatements="19" conditionals="12" coveredconditionals="7" methods="8" coveredmethods="8"/>
        <line num="3" count="6" type="stmt"/>
        <line num="5" count="16" type="stmt"/>
        <line num="6" count="16" type="stmt"/>
        <line num="33" count="2" type="stmt"/>
        <line num="34" count="2" type="stmt"/>
        <line num="36" count="2" type="cond" truecount="1" falsecount="0"/>
        <line num="37" count="1" type="stmt"/>
        <line num="39" count="1" type="stmt"/>
        <line num="48" count="19" type="stmt"/>
        <line num="49" count="19" type="stmt"/>
        <line num="50" count="19" type="stmt"/>
        <line num="51" count="19" type="cond" truecount="1" falsecount="0"/>
        <line num="52" count="3" type="cond" truecount="2" falsecount="0"/>
        <line num="60" count="19" type="cond" truecount="1" falsecount="1"/>
        <line num="61" count="19" type="stmt"/>
        <line num="70" count="16" type="stmt"/>
        <line num="71" count="16" type="cond" truecount="0" falsecount="1"/>
        <line num="72" count="0" type="stmt"/>
        <line num="74" count="16" type="cond" truecount="0" falsecount="1"/>
        <line num="75" count="0" type="stmt"/>
        <line num="77" count="16" type="stmt"/>
      </file>
    </package>
    <package name="src.manager.Controller">
      <metrics statements="73" coveredstatements="61" conditionals="40" coveredconditionals="24" methods="20" coveredmethods="20"/>
      <file name="Controller.ts" path="/Users/imagine/project/packages/bear-react-carousel/src/manager/Controller/Controller.ts">
        <metrics statements="42" coveredstatements="42" conditionals="16" coveredconditionals="12" methods="13" coveredmethods="13"/>
        <line num="2" count="4" type="stmt"/>
        <line num="7" count="4" type="stmt"/>
        <line num="8" count="4" type="stmt"/>
        <line num="9" count="4" type="stmt"/>
        <line num="16" count="16" type="stmt"/>
        <line num="23" count="16" type="stmt"/>
        <line num="24" count="16" type="stmt"/>
        <line num="25" count="16" type="stmt"/>
        <line num="28" count="16" type="stmt"/>
        <line num="29" count="16" type="stmt"/>
        <line num="33" count="16" type="stmt"/>
        <line num="34" count="16" type="stmt"/>
        <line num="38" count="16" type="stmt"/>
        <line num="39" count="16" type="stmt"/>
        <line num="42" count="16" type="stmt"/>
        <line num="43" count="16" type="stmt"/>
        <line num="51" count="16" type="stmt"/>
        <line num="52" count="3" type="cond" truecount="1" falsecount="2"/>
        <line num="53" count="3" type="stmt"/>
        <line num="55" count="3" type="cond" truecount="1" falsecount="0"/>
        <line num="56" count="1" type="stmt"/>
        <line num="62" count="16" type="stmt"/>
        <line num="63" count="35" type="cond" truecount="2" falsecount="0"/>
        <line num="64" count="35" type="cond" truecount="1" falsecount="0"/>
        <line num="66" count="35" type="cond" truecount="1" falsecount="0"/>
        <line num="67" count="34" type="stmt"/>
        <line num="68" count="34" type="cond" truecount="1" falsecount="1"/>
        <line num="71" count="34" type="stmt"/>
        <line num="72" count="34" type="stmt"/>
        <line num="77" count="35" type="cond" truecount="1" falsecount="0"/>
        <line num="88" count="18" type="stmt"/>
        <line num="89" count="18" type="stmt"/>
        <line num="91" count="18" type="cond" truecount="1" falsecount="1"/>
        <line num="93" count="18" type="stmt"/>
        <line num="94" count="18" type="stmt"/>
        <line num="100" count="16" type="stmt"/>
        <line num="101" count="10" type="stmt"/>
        <line num="102" count="10" type="stmt"/>
        <line num="108" count="16" type="stmt"/>
        <line num="109" count="3" type="stmt"/>
        <line num="110" count="3" type="stmt"/>
        <line num="117" count="16" type="stmt"/>
      </file>
      <file name="index.ts" path="/Users/imagine/project/packages/bear-react-carousel/src/manager/Controller/index.ts">
        <metrics statements="1" coveredstatements="1" conditionals="0" coveredconditionals="0" methods="1" coveredmethods="1"/>
        <line num="1" count="16" type="stmt"/>
      </file>
      <file name="utils.ts" path="/Users/imagine/project/packages/bear-react-carousel/src/manager/Controller/utils.ts">
        <metrics statements="30" coveredstatements="18" conditionals="24" coveredconditionals="12" methods="6" coveredmethods="6"/>
        <line num="11" count="21" type="stmt"/>
        <line num="12" count="21" type="stmt"/>
        <line num="23" count="3" type="stmt"/>
        <line num="28" count="3" type="stmt"/>
        <line num="29" count="3" type="stmt"/>
        <line num="31" count="3" type="cond" truecount="1" falsecount="1"/>
        <line num="33" count="0" type="cond" truecount="0" falsecount="1"/>
        <line num="34" count="0" type="stmt"/>
        <line num="38" count="0" type="stmt"/>
        <line num="43" count="3" type="cond" truecount="2" falsecount="3"/>
        <line num="45" count="0" type="stmt"/>
        <line num="49" count="3" type="cond" truecount="1" falsecount="0"/>
        <line num="51" count="3" type="stmt"/>
        <line num="56" count="0" type="stmt"/>
        <line num="67" count="10" type="stmt"/>
        <line num="73" count="10" type="stmt"/>
        <line num="74" count="10" type="stmt"/>
        <line num="76" count="10" type="stmt"/>
        <line num="77" count="10" type="stmt"/>
        <line num="79" count="10" type="cond" truecount="1" falsecount="1"/>
        <line num="81" count="0" type="cond" truecount="0" falsecount="1"/>
        <line num="82" count="0" type="stmt"/>
        <line num="86" count="0" type="stmt"/>
        <line num="91" count="10" type="cond" truecount="4" falsecount="1"/>
        <line num="94" count="0" type="stmt"/>
        <line num="98" count="10" type="cond" truecount="3" falsecount="1"/>
        <line num="101" count="10" type="stmt"/>
        <line num="105" count="0" type="cond" truecount="0" falsecount="3"/>
        <line num="106" count="0" type="stmt"/>
        <line num="111" count="0" type="stmt"/>
      </file>
    </package>
    <package name="src.manager.Dragger">
      <metrics statements="88" coveredstatements="88" conditionals="33" coveredconditionals="17" methods="19" coveredmethods="19"/>
      <file name="Dragger.ts" path="/Users/imagine/project/packages/bear-react-carousel/src/manager/Dragger/Dragger.ts">
        <metrics statements="85" coveredstatements="85" conditionals="33" coveredconditionals="17" methods="17" coveredmethods="17"/>
        <line num="1" count="4" type="stmt"/>
        <line num="6" count="4" type="stmt"/>
        <line num="8" count="4" type="stmt"/>
        <line num="9" count="4" type="stmt"/>
        <line num="10" count="4" type="stmt"/>
        <line num="11" count="4" type="stmt"/>
        <line num="22" count="16" type="stmt"/>
        <line num="30" count="16" type="stmt"/>
        <line num="31" count="16" type="stmt"/>
        <line num="32" count="16" type="stmt"/>
        <line num="33" count="16" type="stmt"/>
        <line num="34" count="16" type="stmt"/>
        <line num="38" count="16" type="stmt"/>
        <line num="39" count="16" type="stmt"/>
        <line num="40" count="16" type="stmt"/>
        <line num="41" count="16" type="stmt"/>
        <line num="44" count="16" type="stmt"/>
        <line num="45" count="16" type="stmt"/>
        <line num="48" count="16" type="stmt"/>
        <line num="49" count="16" type="stmt"/>
        <line num="52" count="16" type="stmt"/>
        <line num="53" count="16" type="stmt"/>
        <line num="54" count="16" type="stmt"/>
        <line num="55" count="16" type="stmt"/>
        <line num="58" count="16" type="stmt"/>
        <line num="59" count="16" type="stmt"/>
        <line num="62" count="16" type="stmt"/>
        <line num="63" count="16" type="stmt"/>
        <line num="71" count="16" type="stmt"/>
        <line num="72" count="1" type="cond" truecount="1" falsecount="2"/>
        <line num="73" count="1" type="stmt"/>
        <line num="75" count="1" type="stmt"/>
        <line num="76" count="1" type="cond" truecount="1" falsecount="0"/>
        <line num="77" count="1" type="stmt"/>
        <line num="78" count="1" type="stmt"/>
        <line num="79" count="1" type="stmt"/>
        <line num="89" count="16" type="stmt"/>
        <line num="90" count="1" type="stmt"/>
        <line num="91" count="1" type="cond" truecount="1" falsecount="2"/>
        <line num="93" count="1" type="stmt"/>
        <line num="94" count="1" type="stmt"/>
        <line num="103" count="16" type="stmt"/>
        <line num="104" count="1" type="cond" truecount="1" falsecount="2"/>
        <line num="106" count="1" type="stmt"/>
        <line num="107" count="1" type="stmt"/>
        <line num="108" count="1" type="stmt"/>
        <line num="115" count="16" type="stmt"/>
        <line num="116" count="2" type="cond" truecount="1" falsecount="2"/>
        <line num="117" count="2" type="stmt"/>
        <line num="119" count="2" type="stmt"/>
        <line num="120" count="2" type="cond" truecount="1" falsecount="0"/>
        <line num="121" count="2" type="stmt"/>
        <line num="122" count="2" type="stmt"/>
        <line num="123" count="2" type="stmt"/>
        <line num="124" count="2" type="stmt"/>
        <line num="134" count="16" type="stmt"/>
        <line num="135" count="1" type="stmt"/>
        <line num="136" count="1" type="cond" truecount="1" falsecount="2"/>
        <line num="138" count="1" type="stmt"/>
        <line num="139" count="1" type="stmt"/>
        <line num="146" count="16" type="stmt"/>
        <line num="147" count="2" type="stmt"/>
        <line num="148" count="2" type="cond" truecount="1" falsecount="2"/>
        <line num="150" count="2" type="stmt"/>
        <line num="151" count="2" type="stmt"/>
        <line num="152" count="2" type="stmt"/>
        <line num="153" count="2" type="stmt"/>
        <line num="160" count="2" type="cond" truecount="1" falsecount="2"/>
        <line num="162" count="2" type="stmt"/>
        <line num="164" count="2" type="stmt"/>
        <line num="165" count="2" type="stmt"/>
        <line num="167" count="2" type="cond" truecount="5" falsecount="0"/>
        <line num="172" count="2" type="stmt"/>
        <line num="173" count="2" type="stmt"/>
        <line num="176" count="2" type="stmt"/>
        <line num="178" count="2" type="stmt"/>
        <line num="189" count="16" type="stmt"/>
        <line num="190" count="3" type="cond" truecount="1" falsecount="2"/>
        <line num="191" count="3" type="stmt"/>
        <line num="193" count="3" type="cond" truecount="1" falsecount="0"/>
        <line num="194" count="6" type="stmt"/>
        <line num="195" count="3" type="cond" truecount="1" falsecount="0"/>
        <line num="196" count="3" type="stmt"/>
        <line num="197" count="3" type="stmt"/>
        <line num="207" count="16" type="stmt"/>
      </file>
      <file name="index.ts" path="/Users/imagine/project/packages/bear-react-carousel/src/manager/Dragger/index.ts">
        <metrics statements="1" coveredstatements="1" conditionals="0" coveredconditionals="0" methods="1" coveredmethods="1"/>
        <line num="1" count="16" type="stmt"/>
      </file>
      <file name="utils.ts" path="/Users/imagine/project/packages/bear-react-carousel/src/manager/Dragger/utils.ts">
        <metrics statements="2" coveredstatements="2" conditionals="0" coveredconditionals="0" methods="1" coveredmethods="1"/>
        <line num="7" count="2" type="stmt"/>
        <line num="8" count="2" type="stmt"/>
      </file>
    </package>
    <package name="src.manager.Elementor">
      <metrics statements="103" coveredstatements="89" conditionals="30" coveredconditionals="26" methods="36" coveredmethods="29"/>
      <file name="Elementor.ts" path="/Users/imagine/project/packages/bear-react-carousel/src/manager/Elementor/Elementor.ts">
        <metrics statements="85" coveredstatements="71" conditionals="21" coveredconditionals="19" methods="27" coveredmethods="20"/>
        <line num="1" count="4" type="stmt"/>
        <line num="4" count="4" type="stmt"/>
        <line num="5" count="4" type="stmt"/>
        <line num="10" count="16" type="stmt"/>
        <line num="11" count="16" type="stmt"/>
        <line num="12" count="16" type="stmt"/>
        <line num="13" count="16" type="stmt"/>
        <line num="14" count="16" type="stmt"/>
        <line num="15" count="16" type="stmt"/>
        <line num="19" count="16" type="stmt"/>
        <line num="26" count="16" type="stmt"/>
        <line num="27" count="16" type="stmt"/>
        <line num="29" count="16" type="stmt"/>
        <line num="30" count="16" type="stmt"/>
        <line num="34" count="117" type="stmt"/>
        <line num="37" count="281" type="stmt"/>
        <line num="40" count="345" type="stmt"/>
        <line num="43" count="28" type="stmt"/>
        <line num="46" count="0" type="stmt"/>
        <line num="49" count="0" type="stmt"/>
        <line num="53" count="0" type="stmt"/>
        <line num="57" count="0" type="stmt"/>
        <line num="63" count="16" type="stmt"/>
        <line num="64" count="16" type="stmt"/>
        <line num="65" count="16" type="stmt"/>
        <line num="68" count="16" type="stmt"/>
        <line num="69" count="16" type="stmt"/>
        <line num="70" count="16" type="stmt"/>
        <line num="79" count="16" type="stmt"/>
        <line num="80" count="36" type="stmt"/>
        <line num="87" count="16" type="stmt"/>
        <line num="88" count="2" type="stmt"/>
        <line num="89" count="2" type="stmt"/>
        <line num="90" count="2" type="stmt"/>
        <line num="91" count="2" type="stmt"/>
        <line num="100" count="16" type="stmt"/>
        <line num="101" count="0" type="stmt"/>
        <line num="102" count="0" type="stmt"/>
        <line num="103" count="0" type="stmt"/>
        <line num="105" count="0" type="stmt"/>
        <line num="114" count="16" type="stmt"/>
        <line num="115" count="34" type="stmt"/>
        <line num="116" count="34" type="cond" truecount="1" falsecount="0"/>
        <line num="117" count="34" type="stmt"/>
        <line num="120" count="0" type="stmt"/>
        <line num="128" count="16" type="stmt"/>
        <line num="129" count="5" type="stmt"/>
        <line num="135" count="204" type="stmt"/>
        <line num="138" count="168" type="stmt"/>
        <line num="143" count="36" type="cond" truecount="1" falsecount="0"/>
        <line num="144" count="36" type="stmt"/>
        <line num="145" count="36" type="cond" truecount="2" falsecount="0"/>
        <line num="150" count="36" type="stmt"/>
        <line num="155" count="16" type="stmt"/>
        <line num="156" count="36" type="stmt"/>
        <line num="157" count="230" type="stmt"/>
        <line num="160" count="36" type="stmt"/>
        <line num="162" count="230" type="cond" truecount="2" falsecount="0"/>
        <line num="163" count="36" type="stmt"/>
        <line num="164" count="194" type="cond" truecount="1" falsecount="0"/>
        <line num="165" count="20" type="stmt"/>
        <line num="169" count="75" type="stmt"/>
        <line num="170" count="36" type="stmt"/>
        <line num="173" count="36" type="cond" truecount="3" falsecount="0"/>
        <line num="174" count="28" type="stmt"/>
        <line num="175" count="168" type="cond" truecount="2" falsecount="0"/>
        <line num="176" count="28" type="stmt"/>
        <line num="177" count="140" type="cond" truecount="1" falsecount="0"/>
        <line num="178" count="10" type="stmt"/>
        <line num="186" count="36" type="cond" truecount="3" falsecount="0"/>
        <line num="187" count="29" type="stmt"/>
        <line num="188" count="29" type="stmt"/>
        <line num="189" count="29" type="cond" truecount="1" falsecount="0"/>
        <line num="190" count="14" type="stmt"/>
        <line num="192" count="29" type="cond" truecount="0" falsecount="1"/>
        <line num="193" count="0" type="stmt"/>
        <line num="199" count="36" type="stmt"/>
        <line num="200" count="36" type="cond" truecount="1" falsecount="1"/>
        <line num="204" count="16" type="stmt"/>
        <line num="205" count="0" type="stmt"/>
        <line num="206" count="0" type="stmt"/>
        <line num="209" count="16" type="stmt"/>
        <line num="210" count="0" type="stmt"/>
        <line num="211" count="0" type="stmt"/>
        <line num="216" count="16" type="stmt"/>
      </file>
      <file name="index.ts" path="/Users/imagine/project/packages/bear-react-carousel/src/manager/Elementor/index.ts">
        <metrics statements="2" coveredstatements="2" conditionals="0" coveredconditionals="0" methods="1" coveredmethods="1"/>
        <line num="1" count="16" type="stmt"/>
        <line num="2" count="4" type="stmt"/>
      </file>
      <file name="utils.ts" path="/Users/imagine/project/packages/bear-react-carousel/src/manager/Elementor/utils.ts">
        <metrics statements="16" coveredstatements="16" conditionals="9" coveredconditionals="7" methods="8" coveredmethods="8"/>
        <line num="1" count="5" type="stmt"/>
        <line num="14" count="38" type="stmt"/>
        <line num="19" count="38" type="cond" truecount="1" falsecount="0"/>
        <line num="20" count="2" type="stmt"/>
        <line num="21" count="2" type="cond" truecount="1" falsecount="1"/>
        <line num="22" count="2" type="cond" truecount="1" falsecount="0"/>
        <line num="24" count="1" type="stmt"/>
        <line num="27" count="2" type="stmt"/>
        <line num="29" count="36" type="stmt"/>
        <line num="40" count="2" type="stmt"/>
        <line num="41" count="2" type="stmt"/>
        <line num="42" count="2" type="stmt"/>
        <line num="52" count="35" type="stmt"/>
        <line num="53" count="35" type="stmt"/>
        <line num="62" count="230" type="stmt"/>
        <line num="63" count="230" type="cond" truecount="4" falsecount="1"/>
      </file>
    </package>
    <package name="src.manager.Eventor">
      <metrics statements="15" coveredstatements="15" conditionals="5" coveredconditionals="5" methods="5" coveredmethods="5"/>
      <file name="Eventor.ts" path="/Users/imagine/project/packages/bear-react-carousel/src/manager/Eventor/Eventor.ts">
        <metrics statements="14" coveredstatements="14" conditionals="5" coveredconditionals="5" methods="4" coveredmethods="4"/>
        <line num="3" count="89" type="stmt"/>
        <line num="6" count="132" type="cond" truecount="1" falsecount="0"/>
        <line num="7" count="132" type="stmt"/>
        <line num="9" count="132" type="stmt"/>
        <line num="13" count="129" type="cond" truecount="1" falsecount="0"/>
        <line num="14" count="129" type="stmt"/>
        <line num="15" count="129" type="stmt"/>
        <line num="16" count="129" type="cond" truecount="1" falsecount="0"/>
        <line num="17" count="129" type="stmt"/>
        <line num="23" count="137" type="cond" truecount="1" falsecount="0"/>
        <line num="24" count="89" type="stmt"/>
        <line num="25" count="88" type="cond" truecount="1" falsecount="0"/>
        <line num="26" count="88" type="stmt"/>
        <line num="33" count="89" type="stmt"/>
      </file>
      <file name="index.ts" path="/Users/imagine/project/packages/bear-react-carousel/src/manager/Eventor/index.ts">
        <metrics statements="1" coveredstatements="1" conditionals="0" coveredconditionals="0" methods="1" coveredmethods="1"/>
        <line num="1" count="86" type="stmt"/>
      </file>
    </package>
    <package name="src.manager.Locator">
      <metrics statements="35" coveredstatements="32" conditionals="32" coveredconditionals="23" methods="12" coveredmethods="12"/>
      <file name="Locator.ts" path="/Users/imagine/project/packages/bear-react-carousel/src/manager/Locator/Locator.ts">
        <metrics statements="10" coveredstatements="10" conditionals="0" coveredconditionals="0" methods="4" coveredmethods="4"/>
        <line num="2" count="4" type="stmt"/>
        <line num="5" count="4" type="stmt"/>
        <line num="16" count="16" type="stmt"/>
        <line num="19" count="2" type="stmt"/>
        <line num="22" count="16" type="stmt"/>
        <line num="23" count="3" type="stmt"/>
        <line num="24" count="3" type="stmt"/>
        <line num="27" count="16" type="stmt"/>
        <line num="28" count="2" type="stmt"/>
        <line num="32" count="16" type="stmt"/>
      </file>
      <file name="index.ts" path="/Users/imagine/project/packages/bear-react-carousel/src/manager/Locator/index.ts">
        <metrics statements="1" coveredstatements="1" conditionals="0" coveredconditionals="0" methods="1" coveredmethods="1"/>
        <line num="1" count="16" type="stmt"/>
      </file>
      <file name="types.ts" path="/Users/imagine/project/packages/bear-react-carousel/src/manager/Locator/types.ts">
        <metrics statements="1" coveredstatements="1" conditionals="2" coveredconditionals="2" methods="1" coveredmethods="1"/>
        <line num="1" count="5" type="cond" truecount="2" falsecount="0"/>
      </file>
      <file name="utils.ts" path="/Users/imagine/project/packages/bear-react-carousel/src/manager/Locator/utils.ts">
        <metrics statements="23" coveredstatements="20" conditionals="30" coveredconditionals="21" methods="6" coveredmethods="6"/>
        <line num="1" count="5" type="stmt"/>
        <line num="2" count="5" type="stmt"/>
        <line num="10" count="3" type="stmt"/>
        <line num="11" count="7" type="stmt"/>
        <line num="25" count="4" type="stmt"/>
        <line num="26" count="4" type="stmt"/>
        <line num="27" count="4" type="stmt"/>
        <line num="30" count="4" type="cond" truecount="3" falsecount="0"/>
        <line num="31" count="4" type="stmt"/>
        <line num="33" count="4" type="cond" truecount="3" falsecount="0"/>
        <line num="36" count="3" type="cond" truecount="3" falsecount="0"/>
        <line num="39" count="2" type="cond" truecount="3" falsecount="0"/>
        <line num="42" count="1" type="cond" truecount="3" falsecount="2"/>
        <line num="44" count="0" type="stmt"/>
        <line num="54" count="4" type="stmt"/>
        <line num="55" count="4" type="stmt"/>
        <line num="56" count="4" type="stmt"/>
        <line num="58" count="4" type="cond" truecount="1" falsecount="1"/>
        <line num="59" count="4" type="stmt"/>
        <line num="62" count="4" type="cond" truecount="1" falsecount="2"/>
        <line num="65" count="4" type="cond" truecount="4" falsecount="0"/>
        <line num="69" count="0" type="cond" truecount="0" falsecount="4"/>
        <line num="71" count="0" type="stmt"/>
      </file>
    </package>
    <package name="src.manager.Stater">
      <metrics statements="75" coveredstatements="74" conditionals="27" coveredconditionals="19" methods="25" coveredmethods="24"/>
      <file name="Stater.ts" path="/Users/imagine/project/packages/bear-react-carousel/src/manager/Stater/Stater.ts">
        <metrics statements="45" coveredstatements="44" conditionals="14" coveredconditionals="11" methods="18" coveredmethods="17"/>
        <line num="3" count="4" type="stmt"/>
        <line num="6" count="4" type="stmt"/>
        <line num="13" count="16" type="stmt"/>
        <line num="17" count="16" type="stmt"/>
        <line num="18" count="16" type="stmt"/>
        <line num="22" count="10" type="stmt"/>
        <line num="26" count="10" type="stmt"/>
        <line num="27" count="10" type="stmt"/>
        <line num="31" count="0" type="stmt"/>
        <line num="35" count="167" type="stmt"/>
        <line num="39" count="187" type="stmt"/>
        <line num="43" count="112" type="stmt"/>
        <line num="47" count="26" type="stmt"/>
        <line num="51" count="1" type="cond" truecount="1" falsecount="1"/>
        <line num="55" count="52" type="stmt"/>
        <line num="59" count="52" type="stmt"/>
        <line num="63" count="16" type="stmt"/>
        <line num="64" count="16" type="stmt"/>
        <line num="67" count="16" type="stmt"/>
        <line num="68" count="16" type="stmt"/>
        <line num="76" count="16" type="stmt"/>
        <line num="77" count="35" type="stmt"/>
        <line num="78" count="35" type="stmt"/>
        <line num="82" count="16" type="cond" truecount="0" falsecount="1"/>
        <line num="83" count="16" type="stmt"/>
        <line num="85" count="16" type="stmt"/>
        <line num="86" count="16" type="stmt"/>
        <line num="88" count="16" type="stmt"/>
        <line num="91" count="16" type="cond" truecount="2" falsecount="0"/>
        <line num="92" count="16" type="stmt"/>
        <line num="95" count="16" type="stmt"/>
        <line num="98" count="16" type="stmt"/>
        <line num="100" count="16" type="cond" truecount="4" falsecount="0"/>
        <line num="101" count="12" type="stmt"/>
        <line num="104" count="16" type="stmt"/>
        <line num="129" count="16" type="stmt"/>
        <line num="132" count="16" type="cond" truecount="0" falsecount="1"/>
        <line num="133" count="16" type="stmt"/>
        <line num="134" count="16" type="stmt"/>
        <line num="141" count="16" type="stmt"/>
        <line num="145" count="16" type="stmt"/>
        <line num="146" count="34" type="stmt"/>
        <line num="147" count="34" type="stmt"/>
        <line num="148" count="34" type="stmt"/>
        <line num="154" count="16" type="stmt"/>
      </file>
      <file name="index.ts" path="/Users/imagine/project/packages/bear-react-carousel/src/manager/Stater/index.ts">
        <metrics statements="1" coveredstatements="1" conditionals="0" coveredconditionals="0" methods="1" coveredmethods="1"/>
        <line num="1" count="16" type="stmt"/>
      </file>
      <file name="utils.ts" path="/Users/imagine/project/packages/bear-react-carousel/src/manager/Stater/utils.ts">
        <metrics statements="29" coveredstatements="29" conditionals="13" coveredconditionals="8" methods="6" coveredmethods="6"/>
        <line num="11" count="16" type="cond" truecount="0" falsecount="4"/>
        <line num="12" count="16" type="stmt"/>
        <line num="13" count="16" type="cond" truecount="2" falsecount="0"/>
        <line num="14" count="16" type="stmt"/>
        <line num="15" count="16" type="cond" truecount="1" falsecount="1"/>
        <line num="16" count="16" type="stmt"/>
        <line num="18" count="16" type="cond" truecount="1" falsecount="0"/>
        <line num="20" count="3" type="stmt"/>
        <line num="21" count="3" type="stmt"/>
        <line num="22" count="3" type="stmt"/>
        <line num="30" count="3" type="stmt"/>
        <line num="34" count="16" type="stmt"/>
        <line num="35" count="16" type="stmt"/>
        <line num="36" count="16" type="stmt"/>
        <line num="37" count="96" type="stmt"/>
        <line num="46" count="96" type="stmt"/>
        <line num="47" count="96" type="stmt"/>
        <line num="50" count="16" type="cond" truecount="1" falsecount="0"/>
        <line num="53" count="3" type="stmt"/>
        <line num="54" count="3" type="stmt"/>
        <line num="63" count="3" type="stmt"/>
        <line num="64" count="3" type="stmt"/>
        <line num="67" count="16" type="stmt"/>
        <line num="79" count="11" type="stmt"/>
        <line num="80" count="11" type="cond" truecount="1" falsecount="0"/>
        <line num="81" count="1" type="stmt"/>
        <line num="84" count="10" type="stmt"/>
        <line num="95" count="37" type="stmt"/>
        <line num="96" count="37" type="cond" truecount="2" falsecount="0"/>
      </file>
    </package>
    <package name="src.manager.SyncCarousel">
      <metrics statements="19" coveredstatements="15" conditionals="11" coveredconditionals="3" methods="9" coveredmethods="8"/>
      <file name="SyncCarousel.ts" path="/Users/imagine/project/packages/bear-react-carousel/src/manager/SyncCarousel/SyncCarousel.ts">
        <metrics statements="18" coveredstatements="14" conditionals="11" coveredconditionals="3" methods="8" coveredmethods="7"/>
        <line num="3" count="4" type="stmt"/>
        <line num="4" count="4" type="stmt"/>
        <line num="10" count="16" type="stmt"/>
        <line num="14" count="2" type="stmt"/>
        <line num="18" count="21" type="stmt"/>
        <line num="22" count="19" type="stmt"/>
        <line num="25" count="16" type="stmt"/>
        <line num="26" count="2" type="cond" truecount="1" falsecount="2"/>
        <line num="28" count="2" type="cond" truecount="0" falsecount="1"/>
        <line num="30" count="0" type="stmt"/>
        <line num="31" count="0" type="stmt"/>
        <line num="35" count="16" type="stmt"/>
        <line num="36" count="0" type="cond" truecount="0" falsecount="3"/>
        <line num="38" count="0" type="stmt"/>
        <line num="41" count="16" type="cond" truecount="1" falsecount="0"/>
        <line num="42" count="19" type="cond" truecount="1" falsecount="2"/>
        <line num="44" count="19" type="stmt"/>
        <line num="49" count="16" type="stmt"/>
      </file>
      <file name="index.ts" path="/Users/imagine/project/packages/bear-react-carousel/src/manager/SyncCarousel/index.ts">
        <metrics statements="1" coveredstatements="1" conditionals="0" coveredconditionals="0" methods="1" coveredmethods="1"/>
        <line num="1" count="16" type="stmt"/>
      </file>
    </package>
    <package name="src.manager.WindowSizer">
      <metrics statements="41" coveredstatements="37" conditionals="8" coveredconditionals="3" methods="13" coveredmethods="12"/>
      <file name="WindowSizer.ts" path="/Users/imagine/project/packages/bear-react-carousel/src/manager/WindowSizer/WindowSizer.ts">
        <metrics statements="34" coveredstatements="31" conditionals="7" coveredconditionals="2" methods="9" coveredmethods="9"/>
        <line num="1" count="5" type="stmt"/>
        <line num="4" count="5" type="stmt"/>
        <line num="5" count="5" type="stmt"/>
        <line num="6" count="5" type="stmt"/>
        <line num="7" count="5" type="stmt"/>
        <line num="8" count="5" type="stmt"/>
        <line num="12" count="5" type="stmt"/>
        <line num="22" count="19" type="stmt"/>
        <line num="26" count="17" type="stmt"/>
        <line num="29" count="1" type="stmt"/>
        <line num="37" count="19" type="stmt"/>
        <line num="38" count="19" type="stmt"/>
        <line num="39" count="19" type="stmt"/>
        <line num="40" count="19" type="stmt"/>
        <line num="41" count="19" type="stmt"/>
        <line num="44" count="19" type="stmt"/>
        <line num="45" count="19" type="cond" truecount="1" falsecount="1"/>
        <line num="46" count="19" type="stmt"/>
        <line num="47" count="0" type="cond" truecount="0" falsecount="2"/>
        <line num="48" count="0" type="stmt"/>
        <line num="50" count="0" type="stmt"/>
        <line num="54" count="19" type="stmt"/>
        <line num="55" count="20" type="stmt"/>
        <line num="58" count="19" type="stmt"/>
        <line num="59" count="1" type="cond" truecount="1" falsecount="2"/>
        <line num="61" count="1" type="stmt"/>
        <line num="62" count="1" type="stmt"/>
        <line num="65" count="19" type="stmt"/>
        <line num="66" count="17" type="stmt"/>
        <line num="67" count="17" type="stmt"/>
        <line num="70" count="19" type="stmt"/>
        <line num="71" count="16" type="stmt"/>
        <line num="72" count="16" type="stmt"/>
        <line num="76" count="19" type="stmt"/>
      </file>
      <file name="index.ts" path="/Users/imagine/project/packages/bear-react-carousel/src/manager/WindowSizer/index.ts">
        <metrics statements="1" coveredstatements="1" conditionals="0" coveredconditionals="0" methods="1" coveredmethods="1"/>
        <line num="1" count="16" type="stmt"/>
      </file>
      <file name="utils.ts" path="/Users/imagine/project/packages/bear-react-carousel/src/manager/WindowSizer/utils.ts">
        <metrics statements="6" coveredstatements="5" conditionals="1" coveredconditionals="1" methods="3" coveredmethods="2"/>
        <line num="7" count="20" type="stmt"/>
        <line num="8" count="20" type="stmt"/>
        <line num="9" count="4" type="stmt"/>
        <line num="10" count="0" type="stmt"/>
        <line num="12" count="20" type="cond" truecount="1" falsecount="0"/>
        <line num="13" count="16" type="stmt"/>
      </file>
    </package>
  </project>
</coverage>
