{"/Users/imagine/project/packages/bear-react-carousel/__tests__/utils.ts": {"path":"/Users/imagine/project/packages/bear-react-carousel/__tests__/utils.ts","statementMap":{"0":{"start":{"line":1,"column":16},"end":{"line":1,"column":34}},"1":{"start":{"line":8,"column":16},"end":{"line":8,"column":32}},"2":{"start":{"line":14,"column":16},"end":{"line":14,"column":32}},"3":{"start":{"line":2,"column":4},"end":{"line":5,"column":null}},"4":{"start":{"line":3,"column":8},"end":{"line":3,"column":null}},"5":{"start":{"line":4,"column":8},"end":{"line":4,"column":null}},"6":{"start":{"line":9,"column":4},"end":{"line":9,"column":null}},"7":{"start":{"line":10,"column":4},"end":{"line":10,"column":null}},"8":{"start":{"line":15,"column":4},"end":{"line":15,"column":null}},"9":{"start":{"line":15,"column":31},"end":{"line":15,"column":null}}},"fnMap":{"0":{"name":"(anonymous_1)","decl":{"start":{"line":1,"column":34},"end":{"line":1,"column":35}},"loc":{"start":{"line":1,"column":16},"end":{"line":1,"column":34}}},"1":{"name":"(anonymous_2)","decl":{"start":{"line":8,"column":32},"end":{"line":8,"column":33}},"loc":{"start":{"line":8,"column":16},"end":{"line":8,"column":32}}},"2":{"name":"(anonymous_3)","decl":{"start":{"line":14,"column":32},"end":{"line":14,"column":33}},"loc":{"start":{"line":14,"column":16},"end":{"line":14,"column":32}}},"3":{"name":"setSlideItemsSizes","decl":{"start":{"line":1,"column":16},"end":{"line":1,"column":34}},"loc":{"start":{"line":1,"column":74},"end":{"line":6,"column":null}}},"4":{"name":"(anonymous_5)","decl":{"start":{"line":2,"column":21},"end":{"line":2,"column":22}},"loc":{"start":{"line":2,"column":36},"end":{"line":5,"column":null}}},"5":{"name":"setContainerSize","decl":{"start":{"line":8,"column":16},"end":{"line":8,"column":32}},"loc":{"start":{"line":8,"column":69},"end":{"line":11,"column":null}}},"6":{"name":"getActiveElement","decl":{"start":{"line":14,"column":16},"end":{"line":14,"column":32}},"loc":{"start":{"line":14,"column":58},"end":{"line":16,"column":null}}},"7":{"name":"(anonymous_8)","decl":{"start":{"line":15,"column":25},"end":{"line":15,"column":31}},"loc":{"start":{"line":15,"column":31},"end":{"line":15,"column":null}}}},"branchMap":{},"s":{"0":16,"1":16,"2":27,"3":16,"4":102,"5":102,"6":16,"7":16,"8":27,"9":79},"f":{"0":16,"1":16,"2":27,"3":16,"4":102,"5":16,"6":27,"7":79},"b":{}}
,"/Users/imagine/project/packages/bear-react-carousel/src/BearCarousel.tsx": {"path":"/Users/imagine/project/packages/bear-react-carousel/src/BearCarousel.tsx","statementMap":{"0":{"start":{"line":396,"column":0},"end":{"line":396,"column":15}},"1":{"start":{"line":1,"column":23},"end":{"line":1,"column":null}},"2":{"start":{"line":2,"column":75},"end":{"line":2,"column":null}},"3":{"start":{"line":3,"column":19},"end":{"line":3,"column":null}},"4":{"start":{"line":5,"column":24},"end":{"line":5,"column":null}},"5":{"start":{"line":6,"column":7},"end":{"line":6,"column":null}},"6":{"start":{"line":8,"column":39},"end":{"line":8,"column":null}},"7":{"start":{"line":9,"column":24},"end":{"line":9,"column":null}},"8":{"start":{"line":10,"column":19},"end":{"line":10,"column":null}},"9":{"start":{"line":11,"column":22},"end":{"line":11,"column":null}},"10":{"start":{"line":12,"column":22},"end":{"line":12,"column":null}},"11":{"start":{"line":13,"column":23},"end":{"line":13,"column":null}},"12":{"start":{"line":14,"column":23},"end":{"line":14,"column":null}},"13":{"start":{"line":15,"column":20},"end":{"line":15,"column":null}},"14":{"start":{"line":16,"column":25},"end":{"line":16,"column":null}},"15":{"start":{"line":18,"column":23},"end":{"line":18,"column":null}},"16":{"start":{"line":19,"column":17},"end":{"line":19,"column":null}},"17":{"start":{"line":20,"column":43},"end":{"line":20,"column":null}},"18":{"start":{"line":21,"column":25},"end":{"line":21,"column":null}},"19":{"start":{"line":22,"column":24},"end":{"line":22,"column":null}},"20":{"start":{"line":35,"column":26},"end":{"line":53,"column":6}},"21":{"start":{"line":54,"column":25},"end":{"line":54,"column":42}},"22":{"start":{"line":55,"column":12},"end":{"line":55,"column":28}},"23":{"start":{"line":68,"column":8},"end":{"line":68,"column":null}},"24":{"start":{"line":71,"column":24},"end":{"line":71,"column":null}},"25":{"start":{"line":72,"column":8},"end":{"line":72,"column":null}},"26":{"start":{"line":73,"column":8},"end":{"line":77,"column":null}},"27":{"start":{"line":78,"column":8},"end":{"line":78,"column":null}},"28":{"start":{"line":79,"column":8},"end":{"line":82,"column":null}},"29":{"start":{"line":84,"column":8},"end":{"line":88,"column":null}},"30":{"start":{"line":90,"column":8},"end":{"line":94,"column":null}},"31":{"start":{"line":96,"column":8},"end":{"line":98,"column":null}},"32":{"start":{"line":100,"column":8},"end":{"line":100,"column":null}},"33":{"start":{"line":101,"column":8},"end":{"line":101,"column":null}},"34":{"start":{"line":106,"column":8},"end":{"line":106,"column":null}},"35":{"start":{"line":106,"column":62},"end":{"line":106,"column":null}},"36":{"start":{"line":108,"column":8},"end":{"line":108,"column":null}},"37":{"start":{"line":108,"column":31},"end":{"line":108,"column":null}},"38":{"start":{"line":111,"column":8},"end":{"line":128,"column":9}},"39":{"start":{"line":113,"column":12},"end":{"line":115,"column":13}},"40":{"start":{"line":114,"column":16},"end":{"line":114,"column":null}},"41":{"start":{"line":117,"column":12},"end":{"line":117,"column":null}},"42":{"start":{"line":118,"column":12},"end":{"line":118,"column":null}},"43":{"start":{"line":120,"column":12},"end":{"line":120,"column":null}},"44":{"start":{"line":121,"column":12},"end":{"line":121,"column":null}},"45":{"start":{"line":122,"column":12},"end":{"line":122,"column":null}},"46":{"start":{"line":124,"column":12},"end":{"line":124,"column":null}},"47":{"start":{"line":125,"column":12},"end":{"line":125,"column":null}},"48":{"start":{"line":127,"column":12},"end":{"line":127,"column":null}},"49":{"start":{"line":130,"column":8},"end":{"line":130,"column":null}},"50":{"start":{"line":131,"column":8},"end":{"line":131,"column":null}},"51":{"start":{"line":132,"column":8},"end":{"line":132,"column":null}},"52":{"start":{"line":136,"column":8},"end":{"line":136,"column":null}},"53":{"start":{"line":136,"column":65},"end":{"line":136,"column":null}},"54":{"start":{"line":137,"column":8},"end":{"line":137,"column":null}},"55":{"start":{"line":138,"column":8},"end":{"line":138,"column":null}},"56":{"start":{"line":139,"column":8},"end":{"line":139,"column":null}},"57":{"start":{"line":140,"column":8},"end":{"line":140,"column":null}},"58":{"start":{"line":141,"column":8},"end":{"line":141,"column":null}},"59":{"start":{"line":143,"column":8},"end":{"line":143,"column":null}},"60":{"start":{"line":144,"column":8},"end":{"line":144,"column":null}},"61":{"start":{"line":146,"column":8},"end":{"line":146,"column":null}},"62":{"start":{"line":147,"column":8},"end":{"line":147,"column":null}},"63":{"start":{"line":156,"column":8},"end":{"line":156,"column":null}},"64":{"start":{"line":156,"column":82},"end":{"line":156,"column":null}},"65":{"start":{"line":158,"column":45},"end":{"line":158,"column":null}},"66":{"start":{"line":160,"column":8},"end":{"line":171,"column":9}},"67":{"start":{"line":164,"column":12},"end":{"line":164,"column":null}},"68":{"start":{"line":165,"column":12},"end":{"line":165,"column":null}},"69":{"start":{"line":166,"column":12},"end":{"line":168,"column":null}},"70":{"start":{"line":167,"column":16},"end":{"line":167,"column":null}},"71":{"start":{"line":170,"column":12},"end":{"line":170,"column":null}},"72":{"start":{"line":173,"column":8},"end":{"line":176,"column":9}},"73":{"start":{"line":174,"column":12},"end":{"line":174,"column":null}},"74":{"start":{"line":175,"column":12},"end":{"line":175,"column":null}},"75":{"start":{"line":178,"column":8},"end":{"line":181,"column":9}},"76":{"start":{"line":179,"column":12},"end":{"line":179,"column":null}},"77":{"start":{"line":180,"column":12},"end":{"line":180,"column":null}},"78":{"start":{"line":183,"column":8},"end":{"line":183,"column":null}},"79":{"start":{"line":186,"column":20},"end":{"line":193,"column":6}},"80":{"start":{"line":187,"column":8},"end":{"line":192,"column":9}},"81":{"start":{"line":188,"column":30},"end":{"line":188,"column":67}},"82":{"start":{"line":189,"column":12},"end":{"line":191,"column":13}},"83":{"start":{"line":190,"column":16},"end":{"line":190,"column":null}},"84":{"start":{"line":198,"column":29},"end":{"line":202,"column":6}},"85":{"start":{"line":199,"column":8},"end":{"line":201,"column":9}},"86":{"start":{"line":200,"column":12},"end":{"line":200,"column":null}},"87":{"start":{"line":211,"column":26},"end":{"line":213,"column":6}},"88":{"start":{"line":212,"column":8},"end":{"line":212,"column":null}},"89":{"start":{"line":223,"column":29},"end":{"line":225,"column":6}},"90":{"start":{"line":224,"column":8},"end":{"line":224,"column":null}},"91":{"start":{"line":234,"column":28},"end":{"line":237,"column":6}},"92":{"start":{"line":235,"column":8},"end":{"line":235,"column":null}},"93":{"start":{"line":236,"column":8},"end":{"line":236,"column":null}},"94":{"start":{"line":242,"column":27},"end":{"line":245,"column":6}},"95":{"start":{"line":243,"column":8},"end":{"line":243,"column":null}},"96":{"start":{"line":244,"column":8},"end":{"line":244,"column":null}},"97":{"start":{"line":251,"column":25},"end":{"line":253,"column":6}},"98":{"start":{"line":252,"column":8},"end":{"line":252,"column":null}},"99":{"start":{"line":259,"column":26},"end":{"line":261,"column":6}},"100":{"start":{"line":260,"column":8},"end":{"line":260,"column":null}},"101":{"start":{"line":266,"column":24},"end":{"line":271,"column":6}},"102":{"start":{"line":267,"column":8},"end":{"line":270,"column":9}},"103":{"start":{"line":268,"column":44},"end":{"line":268,"column":56}},"104":{"start":{"line":269,"column":12},"end":{"line":269,"column":null}},"105":{"start":{"line":273,"column":24},"end":{"line":279,"column":6}},"106":{"start":{"line":274,"column":8},"end":{"line":278,"column":9}},"107":{"start":{"line":275,"column":12},"end":{"line":275,"column":null}},"108":{"start":{"line":277,"column":12},"end":{"line":277,"column":null}},"109":{"start":{"line":284,"column":31},"end":{"line":300,"column":6}},"110":{"start":{"line":285,"column":34},"end":{"line":285,"column":44}},"111":{"start":{"line":287,"column":8},"end":{"line":291,"column":9}},"112":{"start":{"line":306,"column":32},"end":{"line":327,"column":6}},"113":{"start":{"line":307,"column":26},"end":{"line":307,"column":36}},"114":{"start":{"line":308,"column":40},"end":{"line":308,"column":52}},"115":{"start":{"line":309,"column":8},"end":{"line":326,"column":null}},"116":{"start":{"line":310,"column":29},"end":{"line":310,"column":67}},"117":{"start":{"line":311,"column":28},"end":{"line":311,"column":54}},"118":{"start":{"line":313,"column":12},"end":{"line":314,"column":null}},"119":{"start":{"line":315,"column":29},"end":{"line":315,"column":null}},"120":{"start":{"line":333,"column":32},"end":{"line":363,"column":6}},"121":{"start":{"line":334,"column":35},"end":{"line":334,"column":45}},"122":{"start":{"line":335,"column":23},"end":{"line":335,"column":35}},"123":{"start":{"line":336,"column":38},"end":{"line":336,"column":64}},"124":{"start":{"line":339,"column":30},"end":{"line":339,"column":null}},"125":{"start":{"line":340,"column":8},"end":{"line":342,"column":9}},"126":{"start":{"line":341,"column":12},"end":{"line":341,"column":null}},"127":{"start":{"line":344,"column":28},"end":{"line":354,"column":null}},"128":{"start":{"line":346,"column":16},"end":{"line":347,"column":null}},"129":{"start":{"line":348,"column":33},"end":{"line":348,"column":null}},"130":{"start":{"line":349,"column":45},"end":{"line":349,"column":null}},"131":{"start":{"line":366,"column":44},"end":{"line":366,"column":54}},"132":{"start":{"line":396,"column":15},"end":{"line":396,"column":null}}},"fnMap":{"0":{"name":"(anonymous_0)","decl":{"start":{"line":396,"column":0},"end":{"line":396,"column":15}},"loc":{"start":{"line":396,"column":0},"end":{"line":396,"column":15}}},"1":{"name":"(anonymous_5)","decl":{"start":{"line":67,"column":4},"end":{"line":67,"column":16}},"loc":{"start":{"line":67,"column":43},"end":{"line":102,"column":null}}},"2":{"name":"(anonymous_6)","decl":{"start":{"line":105,"column":4},"end":{"line":105,"column":24}},"loc":{"start":{"line":105,"column":24},"end":{"line":133,"column":null}}},"3":{"name":"(anonymous_7)","decl":{"start":{"line":135,"column":4},"end":{"line":135,"column":27}},"loc":{"start":{"line":135,"column":27},"end":{"line":148,"column":null}}},"4":{"name":"(anonymous_8)","decl":{"start":{"line":155,"column":4},"end":{"line":155,"column":26}},"loc":{"start":{"line":155,"column":76},"end":{"line":184,"column":null}}},"5":{"name":"(anonymous_9)","decl":{"start":{"line":166,"column":23},"end":{"line":166,"column":29}},"loc":{"start":{"line":166,"column":29},"end":{"line":168,"column":15}}},"6":{"name":"(anonymous_10)","decl":{"start":{"line":186,"column":20},"end":{"line":186,"column":26}},"loc":{"start":{"line":186,"column":26},"end":{"line":193,"column":6}}},"7":{"name":"(anonymous_11)","decl":{"start":{"line":198,"column":29},"end":{"line":198,"column":35}},"loc":{"start":{"line":198,"column":35},"end":{"line":202,"column":6}}},"8":{"name":"(anonymous_12)","decl":{"start":{"line":211,"column":26},"end":{"line":211,"column":32}},"loc":{"start":{"line":211,"column":32},"end":{"line":213,"column":6}}},"9":{"name":"(anonymous_13)","decl":{"start":{"line":223,"column":29},"end":{"line":223,"column":35}},"loc":{"start":{"line":223,"column":35},"end":{"line":225,"column":6}}},"10":{"name":"(anonymous_14)","decl":{"start":{"line":234,"column":28},"end":{"line":234,"column":29}},"loc":{"start":{"line":234,"column":72},"end":{"line":237,"column":6}}},"11":{"name":"(anonymous_15)","decl":{"start":{"line":242,"column":27},"end":{"line":242,"column":33}},"loc":{"start":{"line":242,"column":33},"end":{"line":245,"column":6}}},"12":{"name":"(anonymous_16)","decl":{"start":{"line":251,"column":25},"end":{"line":251,"column":26}},"loc":{"start":{"line":251,"column":56},"end":{"line":253,"column":6}}},"13":{"name":"(anonymous_17)","decl":{"start":{"line":259,"column":26},"end":{"line":259,"column":27}},"loc":{"start":{"line":259,"column":50},"end":{"line":261,"column":6}}},"14":{"name":"(anonymous_18)","decl":{"start":{"line":266,"column":24},"end":{"line":266,"column":30}},"loc":{"start":{"line":266,"column":30},"end":{"line":271,"column":6}}},"15":{"name":"(anonymous_19)","decl":{"start":{"line":273,"column":24},"end":{"line":273,"column":25}},"loc":{"start":{"line":273,"column":56},"end":{"line":279,"column":6}}},"16":{"name":"(anonymous_20)","decl":{"start":{"line":284,"column":31},"end":{"line":284,"column":37}},"loc":{"start":{"line":284,"column":37},"end":{"line":300,"column":6}}},"17":{"name":"(anonymous_21)","decl":{"start":{"line":306,"column":32},"end":{"line":306,"column":38}},"loc":{"start":{"line":306,"column":38},"end":{"line":327,"column":6}}},"18":{"name":"(anonymous_22)","decl":{"start":{"line":309,"column":33},"end":{"line":309,"column":34}},"loc":{"start":{"line":309,"column":45},"end":{"line":326,"column":null}}},"19":{"name":"(anonymous_23)","decl":{"start":{"line":315,"column":21},"end":{"line":315,"column":22}},"loc":{"start":{"line":315,"column":29},"end":{"line":315,"column":null}}},"20":{"name":"(anonymous_24)","decl":{"start":{"line":333,"column":32},"end":{"line":333,"column":38}},"loc":{"start":{"line":333,"column":38},"end":{"line":363,"column":6}}},"21":{"name":"(anonymous_25)","decl":{"start":{"line":345,"column":17},"end":{"line":345,"column":18}},"loc":{"start":{"line":345,"column":33},"end":{"line":354,"column":null}}},"22":{"name":"(anonymous_26)","decl":{"start":{"line":348,"column":25},"end":{"line":348,"column":26}},"loc":{"start":{"line":348,"column":33},"end":{"line":348,"column":null}}},"23":{"name":"(anonymous_27)","decl":{"start":{"line":349,"column":35},"end":{"line":349,"column":36}},"loc":{"start":{"line":349,"column":45},"end":{"line":349,"column":null}}},"24":{"name":"(anonymous_28)","decl":{"start":{"line":365,"column":4},"end":{"line":365,"column":12}},"loc":{"start":{"line":365,"column":12},"end":{"line":392,"column":null}}}},"branchMap":{"0":{"loc":{"start":{"line":106,"column":8},"end":{"line":106,"column":null}},"type":"if","locations":[{"start":{"line":106,"column":8},"end":{"line":106,"column":null}}]},"1":{"loc":{"start":{"line":106,"column":11},"end":{"line":106,"column":60}},"type":"binary-expr","locations":[{"start":{"line":106,"column":11},"end":{"line":106,"column":29}},{"start":{"line":106,"column":33},"end":{"line":106,"column":60}}]},"2":{"loc":{"start":{"line":108,"column":8},"end":{"line":108,"column":null}},"type":"if","locations":[{"start":{"line":108,"column":8},"end":{"line":108,"column":null}}]},"3":{"loc":{"start":{"line":111,"column":8},"end":{"line":128,"column":9}},"type":"if","locations":[{"start":{"line":111,"column":8},"end":{"line":128,"column":9}}]},"4":{"loc":{"start":{"line":113,"column":12},"end":{"line":115,"column":13}},"type":"if","locations":[{"start":{"line":113,"column":12},"end":{"line":115,"column":13}}]},"5":{"loc":{"start":{"line":114,"column":45},"end":{"line":114,"column":80}},"type":"binary-expr","locations":[{"start":{"line":114,"column":45},"end":{"line":114,"column":73}},{"start":{"line":114,"column":77},"end":{"line":114,"column":80}}]},"6":{"loc":{"start":{"line":136,"column":8},"end":{"line":136,"column":null}},"type":"if","locations":[{"start":{"line":136,"column":8},"end":{"line":136,"column":null}}]},"7":{"loc":{"start":{"line":136,"column":11},"end":{"line":136,"column":63}},"type":"binary-expr","locations":[{"start":{"line":136,"column":11},"end":{"line":136,"column":29}},{"start":{"line":136,"column":33},"end":{"line":136,"column":63}}]},"8":{"loc":{"start":{"line":156,"column":8},"end":{"line":156,"column":null}},"type":"if","locations":[{"start":{"line":156,"column":8},"end":{"line":156,"column":null}}]},"9":{"loc":{"start":{"line":156,"column":11},"end":{"line":156,"column":80}},"type":"binary-expr","locations":[{"start":{"line":156,"column":11},"end":{"line":156,"column":45}},{"start":{"line":156,"column":49},"end":{"line":156,"column":80}}]},"10":{"loc":{"start":{"line":160,"column":8},"end":{"line":171,"column":9}},"type":"if","locations":[{"start":{"line":160,"column":8},"end":{"line":171,"column":9}}]},"11":{"loc":{"start":{"line":160,"column":11},"end":{"line":162,"column":null}},"type":"binary-expr","locations":[{"start":{"line":160,"column":11},"end":{"line":160,"column":null}},{"start":{"line":161,"column":12},"end":{"line":161,"column":null}},{"start":{"line":162,"column":12},"end":{"line":162,"column":null}}]},"12":{"loc":{"start":{"line":173,"column":8},"end":{"line":176,"column":9}},"type":"if","locations":[{"start":{"line":173,"column":8},"end":{"line":176,"column":9}}]},"13":{"loc":{"start":{"line":173,"column":11},"end":{"line":173,"column":74}},"type":"binary-expr","locations":[{"start":{"line":173,"column":11},"end":{"line":173,"column":36}},{"start":{"line":173,"column":40},"end":{"line":173,"column":74}}]},"14":{"loc":{"start":{"line":178,"column":8},"end":{"line":181,"column":9}},"type":"if","locations":[{"start":{"line":178,"column":8},"end":{"line":181,"column":9}}]},"15":{"loc":{"start":{"line":187,"column":8},"end":{"line":192,"column":9}},"type":"if","locations":[{"start":{"line":187,"column":8},"end":{"line":192,"column":9}}]},"16":{"loc":{"start":{"line":189,"column":12},"end":{"line":191,"column":13}},"type":"if","locations":[{"start":{"line":189,"column":12},"end":{"line":191,"column":13}}]},"17":{"loc":{"start":{"line":199,"column":8},"end":{"line":201,"column":9}},"type":"if","locations":[{"start":{"line":199,"column":8},"end":{"line":201,"column":9}}]},"18":{"loc":{"start":{"line":267,"column":8},"end":{"line":270,"column":9}},"type":"if","locations":[{"start":{"line":267,"column":8},"end":{"line":270,"column":9}}]},"19":{"loc":{"start":{"line":274,"column":8},"end":{"line":278,"column":9}},"type":"if","locations":[{"start":{"line":274,"column":8},"end":{"line":278,"column":9}},{"start":{"line":276,"column":13},"end":{"line":278,"column":9}}]},"20":{"loc":{"start":{"line":287,"column":8},"end":{"line":291,"column":9}},"type":"if","locations":[{"start":{"line":287,"column":8},"end":{"line":291,"column":9}}]},"21":{"loc":{"start":{"line":311,"column":28},"end":{"line":311,"column":54}},"type":"cond-expr","locations":[{"start":{"line":311,"column":42},"end":{"line":311,"column":52}},{"start":{"line":311,"column":52},"end":{"line":311,"column":54}}]},"22":{"loc":{"start":{"line":340,"column":8},"end":{"line":342,"column":9}},"type":"if","locations":[{"start":{"line":340,"column":8},"end":{"line":342,"column":9}}]},"23":{"loc":{"start":{"line":352,"column":33},"end":{"line":352,"column":74}},"type":"binary-expr","locations":[{"start":{"line":352,"column":33},"end":{"line":352,"column":56}},{"start":{"line":352,"column":56},"end":{"line":352,"column":74}}]},"24":{"loc":{"start":{"line":379,"column":17},"end":{"line":379,"column":null}},"type":"binary-expr","locations":[{"start":{"line":379,"column":17},"end":{"line":379,"column":48}},{"start":{"line":379,"column":52},"end":{"line":379,"column":null}}]},"25":{"loc":{"start":{"line":387,"column":17},"end":{"line":387,"column":null}},"type":"binary-expr","locations":[{"start":{"line":387,"column":17},"end":{"line":387,"column":49}},{"start":{"line":387,"column":53},"end":{"line":387,"column":null}}]},"26":{"loc":{"start":{"line":389,"column":17},"end":{"line":389,"column":28}},"type":"binary-expr","locations":[{"start":{"line":389,"column":17},"end":{"line":389,"column":28}}]}},"s":{"0":16,"1":4,"2":4,"3":4,"4":4,"5":4,"6":4,"7":4,"8":4,"9":4,"10":4,"11":4,"12":4,"13":4,"14":4,"15":4,"16":4,"17":4,"18":4,"19":4,"20":4,"21":16,"22":16,"23":16,"24":16,"25":16,"26":16,"27":16,"28":16,"29":16,"30":16,"31":16,"32":16,"33":16,"34":16,"35":0,"36":16,"37":16,"38":16,"39":16,"40":16,"41":16,"42":16,"43":16,"44":16,"45":16,"46":16,"47":16,"48":16,"49":16,"50":16,"51":16,"52":16,"53":0,"54":16,"55":16,"56":16,"57":16,"58":16,"59":16,"60":16,"61":16,"62":16,"63":0,"64":0,"65":0,"66":0,"67":0,"68":0,"69":0,"70":0,"71":0,"72":0,"73":0,"74":0,"75":0,"76":0,"77":0,"78":0,"79":16,"80":16,"81":16,"82":16,"83":16,"84":16,"85":16,"86":0,"87":16,"88":5,"89":16,"90":19,"91":16,"92":19,"93":19,"94":16,"95":3,"96":3,"97":16,"98":3,"99":16,"100":2,"101":16,"102":34,"103":0,"104":0,"105":16,"106":0,"107":0,"108":0,"109":16,"110":16,"111":16,"112":16,"113":16,"114":16,"115":16,"116":102,"117":102,"118":102,"119":204,"120":16,"121":14,"122":14,"123":14,"124":14,"125":14,"126":0,"127":14,"128":84,"129":168,"130":2,"131":16,"132":4},"f":{"0":16,"1":16,"2":16,"3":16,"4":0,"5":0,"6":16,"7":16,"8":5,"9":19,"10":19,"11":3,"12":3,"13":2,"14":34,"15":0,"16":16,"17":16,"18":102,"19":204,"20":14,"21":84,"22":168,"23":2,"24":16},"b":{"0":[0],"1":[16,0],"2":[16],"3":[16],"4":[16],"5":[16,0],"6":[0],"7":[16,0],"8":[0],"9":[0,0],"10":[0],"11":[0,0,0],"12":[0],"13":[0,0],"14":[0],"15":[16],"16":[16],"17":[0],"18":[0],"19":[0,0],"20":[0],"21":[6,96],"22":[0],"23":[84,0],"24":[16,16],"25":[16,14],"26":[16]}}
,"/Users/imagine/project/packages/bear-react-carousel/src/BearSlideCard.tsx": {"path":"/Users/imagine/project/packages/bear-react-carousel/src/BearSlideCard.tsx","statementMap":{"0":{"start":{"line":54,"column":0},"end":{"line":54,"column":15}},"1":{"start":{"line":1,"column":31},"end":{"line":1,"column":null}},"2":{"start":{"line":3,"column":24},"end":{"line":3,"column":null}},"3":{"start":{"line":4,"column":26},"end":{"line":4,"column":null}},"4":{"start":{"line":5,"column":30},"end":{"line":5,"column":null}},"5":{"start":{"line":19,"column":22},"end":{"line":50,"column":null}},"6":{"start":{"line":30,"column":34},"end":{"line":30,"column":null}},"7":{"start":{"line":31,"column":37},"end":{"line":31,"column":null}},"8":{"start":{"line":54,"column":15},"end":{"line":54,"column":null}}},"fnMap":{"0":{"name":"(anonymous_0)","decl":{"start":{"line":54,"column":0},"end":{"line":54,"column":15}},"loc":{"start":{"line":54,"column":0},"end":{"line":54,"column":15}}},"1":{"name":"(anonymous_2)","decl":{"start":{"line":19,"column":22},"end":{"line":19,"column":23}},"loc":{"start":{"line":29,"column":14},"end":{"line":50,"column":null}}}},"branchMap":{"0":{"loc":{"start":{"line":24,"column":4},"end":{"line":24,"column":18}},"type":"default-arg","locations":[{"start":{"line":24,"column":13},"end":{"line":24,"column":18}}]},"1":{"loc":{"start":{"line":25,"column":4},"end":{"line":25,"column":null}},"type":"default-arg","locations":[{"start":{"line":25,"column":16},"end":{"line":25,"column":null}}]},"2":{"loc":{"start":{"line":28,"column":4},"end":{"line":28,"column":26}},"type":"default-arg","locations":[{"start":{"line":28,"column":23},"end":{"line":28,"column":26}}]},"3":{"loc":{"start":{"line":36,"column":21},"end":{"line":36,"column":53}},"type":"cond-expr","locations":[{"start":{"line":36,"column":31},"end":{"line":36,"column":44}},{"start":{"line":36,"column":44},"end":{"line":36,"column":53}}]},"4":{"loc":{"start":{"line":37,"column":19},"end":{"line":37,"column":49}},"type":"cond-expr","locations":[{"start":{"line":37,"column":29},"end":{"line":37,"column":40}},{"start":{"line":37,"column":40},"end":{"line":37,"column":49}}]},"5":{"loc":{"start":{"line":38,"column":23},"end":{"line":38,"column":48}},"type":"cond-expr","locations":[{"start":{"line":38,"column":32},"end":{"line":38,"column":39}},{"start":{"line":38,"column":39},"end":{"line":38,"column":48}}]},"6":{"loc":{"start":{"line":41,"column":29},"end":{"line":41,"column":73}},"type":"cond-expr","locations":[{"start":{"line":41,"column":47},"end":{"line":41,"column":58}},{"start":{"line":41,"column":58},"end":{"line":41,"column":73}}]},"7":{"loc":{"start":{"line":41,"column":29},"end":{"line":41,"column":47}},"type":"binary-expr","locations":[{"start":{"line":41,"column":29},"end":{"line":41,"column":39}},{"start":{"line":41,"column":39},"end":{"line":41,"column":47}}]},"8":{"loc":{"start":{"line":45,"column":9},"end":{"line":47,"column":24}},"type":"cond-expr","locations":[{"start":{"line":45,"column":31},"end":{"line":47,"column":24}},{"start":{"line":47,"column":16},"end":{"line":47,"column":24}}]},"9":{"loc":{"start":{"line":45,"column":9},"end":{"line":45,"column":31}},"type":"binary-expr","locations":[{"start":{"line":45,"column":9},"end":{"line":45,"column":19}},{"start":{"line":45,"column":19},"end":{"line":45,"column":31}}]}},"s":{"0":30,"1":4,"2":4,"3":4,"4":4,"5":4,"6":102,"7":102,"8":4},"f":{"0":30,"1":102},"b":{"0":[102],"1":[102],"2":[102],"3":[0,102],"4":[0,102],"5":[0,102],"6":[0,102],"7":[102,0],"8":[0,102],"9":[102,0]}}
,"/Users/imagine/project/packages/bear-react-carousel/src/Icon.tsx": {"path":"/Users/imagine/project/packages/bear-react-carousel/src/Icon.tsx","statementMap":{"0":{"start":{"line":3,"column":13},"end":{"line":3,"column":22}},"1":{"start":{"line":12,"column":13},"end":{"line":12,"column":22}},"2":{"start":{"line":1,"column":18},"end":{"line":1,"column":null}},"3":{"start":{"line":3,"column":25},"end":{"line":10,"column":null}},"4":{"start":{"line":12,"column":25},"end":{"line":17,"column":null}}},"fnMap":{"0":{"name":"(anonymous_1)","decl":{"start":{"line":3,"column":22},"end":{"line":3,"column":25}},"loc":{"start":{"line":3,"column":13},"end":{"line":3,"column":22}}},"1":{"name":"(anonymous_2)","decl":{"start":{"line":12,"column":22},"end":{"line":12,"column":25}},"loc":{"start":{"line":12,"column":13},"end":{"line":12,"column":22}}},"2":{"name":"(anonymous_4)","decl":{"start":{"line":3,"column":25},"end":{"line":3,"column":31}},"loc":{"start":{"line":3,"column":31},"end":{"line":10,"column":null}}},"3":{"name":"(anonymous_5)","decl":{"start":{"line":12,"column":25},"end":{"line":12,"column":31}},"loc":{"start":{"line":12,"column":31},"end":{"line":17,"column":null}}}},"branchMap":{},"s":{"0":0,"1":33,"2":6,"3":6,"4":6},"f":{"0":0,"1":33,"2":0,"3":33},"b":{}}
,"/Users/imagine/project/packages/bear-react-carousel/src/config.ts": {"path":"/Users/imagine/project/packages/bear-react-carousel/src/config.ts","statementMap":{"0":{"start":{"line":3,"column":13},"end":{"line":3,"column":25}},"1":{"start":{"line":3,"column":25},"end":{"line":32,"column":null}}},"fnMap":{"0":{"name":"(anonymous_0)","decl":{"start":{"line":3,"column":13},"end":{"line":3,"column":25}},"loc":{"start":{"line":3,"column":13},"end":{"line":3,"column":25}}}},"branchMap":{},"s":{"0":0,"1":5},"f":{"0":0},"b":{}}
,"/Users/imagine/project/packages/bear-react-carousel/src/deepCompare.ts": {"path":"/Users/imagine/project/packages/bear-react-carousel/src/deepCompare.ts","statementMap":{"0":{"start":{"line":222,"column":0},"end":{"line":222,"column":15}},"1":{"start":{"line":5,"column":15},"end":{"line":5,"column":17}},"2":{"start":{"line":6,"column":4},"end":{"line":10,"column":null}},"3":{"start":{"line":7,"column":8},"end":{"line":9,"column":9}},"4":{"start":{"line":8,"column":12},"end":{"line":8,"column":null}},"5":{"start":{"line":11,"column":4},"end":{"line":15,"column":null}},"6":{"start":{"line":14,"column":16},"end":{"line":15,"column":31}},"7":{"start":{"line":21,"column":4},"end":{"line":21,"column":null}},"8":{"start":{"line":25,"column":4},"end":{"line":25,"column":null}},"9":{"start":{"line":30,"column":4},"end":{"line":35,"column":null}},"10":{"start":{"line":41,"column":4},"end":{"line":41,"column":null}},"11":{"start":{"line":45,"column":4},"end":{"line":45,"column":null}},"12":{"start":{"line":49,"column":22},"end":{"line":49,"column":null}},"13":{"start":{"line":50,"column":22},"end":{"line":50,"column":null}},"14":{"start":{"line":52,"column":4},"end":{"line":54,"column":5}},"15":{"start":{"line":53,"column":8},"end":{"line":53,"column":null}},"16":{"start":{"line":56,"column":4},"end":{"line":58,"column":5}},"17":{"start":{"line":57,"column":8},"end":{"line":57,"column":null}},"18":{"start":{"line":60,"column":4},"end":{"line":62,"column":5}},"19":{"start":{"line":61,"column":8},"end":{"line":61,"column":null}},"20":{"start":{"line":78,"column":11},"end":{"line":200,"column":null}},"21":{"start":{"line":87,"column":4},"end":{"line":87,"column":null}},"22":{"start":{"line":89,"column":17},"end":{"line":89,"column":21}},"23":{"start":{"line":91,"column":27},"end":{"line":91,"column":null}},"24":{"start":{"line":92,"column":4},"end":{"line":94,"column":5}},"25":{"start":{"line":93,"column":8},"end":{"line":93,"column":null}},"26":{"start":{"line":96,"column":4},"end":{"line":101,"column":null}},"27":{"start":{"line":96,"column":17},"end":{"line":96,"column":20}},"28":{"start":{"line":97,"column":33},"end":{"line":97,"column":null}},"29":{"start":{"line":98,"column":8},"end":{"line":100,"column":9}},"30":{"start":{"line":99,"column":12},"end":{"line":99,"column":null}},"31":{"start":{"line":103,"column":4},"end":{"line":105,"column":5}},"32":{"start":{"line":104,"column":8},"end":{"line":104,"column":null}},"33":{"start":{"line":107,"column":4},"end":{"line":109,"column":5}},"34":{"start":{"line":108,"column":8},"end":{"line":108,"column":null}},"35":{"start":{"line":111,"column":4},"end":{"line":113,"column":5}},"36":{"start":{"line":112,"column":8},"end":{"line":112,"column":null}},"37":{"start":{"line":114,"column":20},"end":{"line":114,"column":null}},"38":{"start":{"line":115,"column":4},"end":{"line":117,"column":5}},"39":{"start":{"line":116,"column":8},"end":{"line":116,"column":null}},"40":{"start":{"line":118,"column":4},"end":{"line":140,"column":null}},"41":{"start":{"line":122,"column":8},"end":{"line":131,"column":9}},"42":{"start":{"line":124,"column":12},"end":{"line":124,"column":null}},"43":{"start":{"line":125,"column":15},"end":{"line":131,"column":9}},"44":{"start":{"line":127,"column":12},"end":{"line":127,"column":null}},"45":{"start":{"line":130,"column":12},"end":{"line":130,"column":null}},"46":{"start":{"line":136,"column":8},"end":{"line":136,"column":null}},"47":{"start":{"line":139,"column":8},"end":{"line":139,"column":null}},"48":{"start":{"line":141,"column":4},"end":{"line":143,"column":5}},"49":{"start":{"line":142,"column":8},"end":{"line":142,"column":null}},"50":{"start":{"line":146,"column":4},"end":{"line":148,"column":5}},"51":{"start":{"line":147,"column":8},"end":{"line":147,"column":null}},"52":{"start":{"line":151,"column":17},"end":{"line":151,"column":30}},"53":{"start":{"line":152,"column":4},"end":{"line":162,"column":null}},"54":{"start":{"line":157,"column":8},"end":{"line":161,"column":9}},"55":{"start":{"line":158,"column":12},"end":{"line":158,"column":null}},"56":{"start":{"line":159,"column":15},"end":{"line":161,"column":9}},"57":{"start":{"line":160,"column":12},"end":{"line":160,"column":null}},"58":{"start":{"line":164,"column":4},"end":{"line":164,"column":null}},"59":{"start":{"line":165,"column":4},"end":{"line":165,"column":null}},"60":{"start":{"line":168,"column":4},"end":{"line":170,"column":5}},"61":{"start":{"line":169,"column":8},"end":{"line":169,"column":null}},"62":{"start":{"line":173,"column":16},"end":{"line":173,"column":null}},"63":{"start":{"line":175,"column":15},"end":{"line":175,"column":27}},"64":{"start":{"line":178,"column":4},"end":{"line":180,"column":5}},"65":{"start":{"line":179,"column":8},"end":{"line":179,"column":null}},"66":{"start":{"line":182,"column":4},"end":{"line":193,"column":null}},"67":{"start":{"line":183,"column":8},"end":{"line":183,"column":null}},"68":{"start":{"line":186,"column":8},"end":{"line":188,"column":null}},"69":{"start":{"line":190,"column":8},"end":{"line":192,"column":9}},"70":{"start":{"line":191,"column":12},"end":{"line":191,"column":null}},"71":{"start":{"line":195,"column":4},"end":{"line":195,"column":null}},"72":{"start":{"line":196,"column":4},"end":{"line":196,"column":null}},"73":{"start":{"line":198,"column":4},"end":{"line":198,"column":null}},"74":{"start":{"line":218,"column":26},"end":{"line":218,"column":54}},"75":{"start":{"line":219,"column":4},"end":{"line":219,"column":null}},"76":{"start":{"line":222,"column":15},"end":{"line":222,"column":null}}},"fnMap":{"0":{"name":"(anonymous_0)","decl":{"start":{"line":222,"column":0},"end":{"line":222,"column":15}},"loc":{"start":{"line":222,"column":0},"end":{"line":222,"column":15}}},"1":{"name":"keys","decl":{"start":{"line":4,"column":9},"end":{"line":4,"column":14}},"loc":{"start":{"line":4,"column":74},"end":{"line":18,"column":null}}},"2":{"name":"(anonymous_2)","decl":{"start":{"line":13,"column":12},"end":{"line":13,"column":null}},"loc":{"start":{"line":14,"column":16},"end":{"line":15,"column":31}}},"3":{"name":"hasKey","decl":{"start":{"line":20,"column":9},"end":{"line":20,"column":16}},"loc":{"start":{"line":20,"column":39},"end":{"line":22,"column":null}}},"4":{"name":"hasDefinedKey","decl":{"start":{"line":24,"column":9},"end":{"line":24,"column":23}},"loc":{"start":{"line":24,"column":46},"end":{"line":26,"column":null}}},"5":{"name":"isDomNode","decl":{"start":{"line":29,"column":9},"end":{"line":29,"column":19}},"loc":{"start":{"line":29,"column":38},"end":{"line":37,"column":null}}},"6":{"name":"isA","decl":{"start":{"line":40,"column":9},"end":{"line":40,"column":13}},"loc":{"start":{"line":40,"column":47},"end":{"line":42,"column":null}}},"7":{"name":"isAsymmetric","decl":{"start":{"line":44,"column":9},"end":{"line":44,"column":22}},"loc":{"start":{"line":44,"column":32},"end":{"line":46,"column":null}}},"8":{"name":"asymmetricMatch","decl":{"start":{"line":48,"column":9},"end":{"line":48,"column":25}},"loc":{"start":{"line":48,"column":41},"end":{"line":63,"column":null}}},"9":{"name":"(anonymous_9)","decl":{"start":{"line":78,"column":11},"end":{"line":78,"column":null}},"loc":{"start":{"line":85,"column":14},"end":{"line":200,"column":null}}},"10":{"name":"deepCompare","decl":{"start":{"line":210,"column":9},"end":{"line":210,"column":null}},"loc":{"start":{"line":217,"column":11},"end":{"line":220,"column":null}}}},"branchMap":{"0":{"loc":{"start":{"line":7,"column":8},"end":{"line":9,"column":9}},"type":"if","locations":[{"start":{"line":7,"column":8},"end":{"line":9,"column":9}}]},"1":{"loc":{"start":{"line":25,"column":11},"end":{"line":25,"column":null}},"type":"binary-expr","locations":[{"start":{"line":25,"column":11},"end":{"line":25,"column":31}},{"start":{"line":25,"column":31},"end":{"line":25,"column":null}}]},"2":{"loc":{"start":{"line":31,"column":8},"end":{"line":35,"column":null}},"type":"binary-expr","locations":[{"start":{"line":31,"column":8},"end":{"line":31,"column":20}},{"start":{"line":32,"column":8},"end":{"line":32,"column":null}},{"start":{"line":33,"column":8},"end":{"line":33,"column":null}},{"start":{"line":34,"column":8},"end":{"line":34,"column":null}},{"start":{"line":35,"column":8},"end":{"line":35,"column":null}}]},"3":{"loc":{"start":{"line":45,"column":11},"end":{"line":45,"column":null}},"type":"binary-expr","locations":[{"start":{"line":45,"column":11},"end":{"line":45,"column":20}},{"start":{"line":45,"column":20},"end":{"line":45,"column":null}}]},"4":{"loc":{"start":{"line":52,"column":4},"end":{"line":54,"column":5}},"type":"if","locations":[{"start":{"line":52,"column":4},"end":{"line":54,"column":5}}]},"5":{"loc":{"start":{"line":52,"column":8},"end":{"line":52,"column":36}},"type":"binary-expr","locations":[{"start":{"line":52,"column":8},"end":{"line":52,"column":23}},{"start":{"line":52,"column":23},"end":{"line":52,"column":36}}]},"6":{"loc":{"start":{"line":56,"column":4},"end":{"line":58,"column":5}},"type":"if","locations":[{"start":{"line":56,"column":4},"end":{"line":58,"column":5}}]},"7":{"loc":{"start":{"line":60,"column":4},"end":{"line":62,"column":5}},"type":"if","locations":[{"start":{"line":60,"column":4},"end":{"line":62,"column":5}}]},"8":{"loc":{"start":{"line":87,"column":20},"end":{"line":87,"column":39}},"type":"binary-expr","locations":[{"start":{"line":87,"column":20},"end":{"line":87,"column":37}},{"start":{"line":87,"column":37},"end":{"line":87,"column":39}}]},"9":{"loc":{"start":{"line":92,"column":4},"end":{"line":94,"column":5}},"type":"if","locations":[{"start":{"line":92,"column":4},"end":{"line":94,"column":5}}]},"10":{"loc":{"start":{"line":98,"column":8},"end":{"line":100,"column":9}},"type":"if","locations":[{"start":{"line":98,"column":8},"end":{"line":100,"column":9}}]},"11":{"loc":{"start":{"line":103,"column":4},"end":{"line":105,"column":5}},"type":"if","locations":[{"start":{"line":103,"column":4},"end":{"line":105,"column":5}}]},"12":{"loc":{"start":{"line":103,"column":8},"end":{"line":103,"column":50}},"type":"binary-expr","locations":[{"start":{"line":103,"column":8},"end":{"line":103,"column":30}},{"start":{"line":103,"column":30},"end":{"line":103,"column":50}}]},"13":{"loc":{"start":{"line":107,"column":4},"end":{"line":109,"column":5}},"type":"if","locations":[{"start":{"line":107,"column":4},"end":{"line":109,"column":5}}]},"14":{"loc":{"start":{"line":111,"column":4},"end":{"line":113,"column":5}},"type":"if","locations":[{"start":{"line":111,"column":4},"end":{"line":113,"column":5}}]},"15":{"loc":{"start":{"line":111,"column":8},"end":{"line":111,"column":32}},"type":"binary-expr","locations":[{"start":{"line":111,"column":8},"end":{"line":111,"column":18}},{"start":{"line":111,"column":22},"end":{"line":111,"column":32}}]},"16":{"loc":{"start":{"line":115,"column":4},"end":{"line":117,"column":5}},"type":"if","locations":[{"start":{"line":115,"column":4},"end":{"line":117,"column":5}}]},"17":{"loc":{"start":{"line":118,"column":4},"end":{"line":140,"column":null}},"type":"switch","locations":[{"start":{"line":119,"column":4},"end":{"line":119,"column":null}},{"start":{"line":120,"column":4},"end":{"line":120,"column":null}},{"start":{"line":121,"column":4},"end":{"line":131,"column":9}},{"start":{"line":132,"column":4},"end":{"line":136,"column":null}},{"start":{"line":138,"column":4},"end":{"line":139,"column":null}}]},"18":{"loc":{"start":{"line":122,"column":8},"end":{"line":131,"column":9}},"type":"if","locations":[{"start":{"line":122,"column":8},"end":{"line":131,"column":9}},{"start":{"line":125,"column":15},"end":{"line":131,"column":9}}]},"19":{"loc":{"start":{"line":125,"column":15},"end":{"line":131,"column":9}},"type":"if","locations":[{"start":{"line":125,"column":15},"end":{"line":131,"column":9}},{"start":{"line":128,"column":15},"end":{"line":131,"column":9}}]},"20":{"loc":{"start":{"line":125,"column":19},"end":{"line":125,"column":67}},"type":"binary-expr","locations":[{"start":{"line":125,"column":19},"end":{"line":125,"column":44}},{"start":{"line":125,"column":44},"end":{"line":125,"column":67}}]},"21":{"loc":{"start":{"line":139,"column":15},"end":{"line":139,"column":59}},"type":"binary-expr","locations":[{"start":{"line":139,"column":15},"end":{"line":139,"column":36}},{"start":{"line":139,"column":40},"end":{"line":139,"column":59}}]},"22":{"loc":{"start":{"line":141,"column":4},"end":{"line":143,"column":5}},"type":"if","locations":[{"start":{"line":141,"column":4},"end":{"line":143,"column":5}}]},"23":{"loc":{"start":{"line":141,"column":8},"end":{"line":141,"column":56}},"type":"binary-expr","locations":[{"start":{"line":141,"column":8},"end":{"line":141,"column":33}},{"start":{"line":141,"column":33},"end":{"line":141,"column":56}}]},"24":{"loc":{"start":{"line":146,"column":4},"end":{"line":148,"column":5}},"type":"if","locations":[{"start":{"line":146,"column":4},"end":{"line":148,"column":5}}]},"25":{"loc":{"start":{"line":146,"column":8},"end":{"line":146,"column":38}},"type":"binary-expr","locations":[{"start":{"line":146,"column":8},"end":{"line":146,"column":24}},{"start":{"line":146,"column":24},"end":{"line":146,"column":38}}]},"26":{"loc":{"start":{"line":157,"column":8},"end":{"line":161,"column":9}},"type":"if","locations":[{"start":{"line":157,"column":8},"end":{"line":161,"column":9}},{"start":{"line":159,"column":15},"end":{"line":161,"column":9}}]},"27":{"loc":{"start":{"line":159,"column":15},"end":{"line":161,"column":9}},"type":"if","locations":[{"start":{"line":159,"column":15},"end":{"line":161,"column":9}}]},"28":{"loc":{"start":{"line":168,"column":4},"end":{"line":170,"column":5}},"type":"if","locations":[{"start":{"line":168,"column":4},"end":{"line":170,"column":5}}]},"29":{"loc":{"start":{"line":168,"column":8},"end":{"line":168,"column":62}},"type":"binary-expr","locations":[{"start":{"line":168,"column":8},"end":{"line":168,"column":41}},{"start":{"line":168,"column":41},"end":{"line":168,"column":62}}]},"30":{"loc":{"start":{"line":178,"column":4},"end":{"line":180,"column":5}},"type":"if","locations":[{"start":{"line":178,"column":4},"end":{"line":180,"column":5}}]},"31":{"loc":{"start":{"line":187,"column":12},"end":{"line":188,"column":null}},"type":"binary-expr","locations":[{"start":{"line":187,"column":12},"end":{"line":187,"column":null}},{"start":{"line":188,"column":12},"end":{"line":188,"column":null}}]},"32":{"loc":{"start":{"line":190,"column":8},"end":{"line":192,"column":9}},"type":"if","locations":[{"start":{"line":190,"column":8},"end":{"line":192,"column":9}}]},"33":{"loc":{"start":{"line":218,"column":26},"end":{"line":218,"column":54}},"type":"binary-expr","locations":[{"start":{"line":218,"column":26},"end":{"line":218,"column":52}},{"start":{"line":218,"column":52},"end":{"line":218,"column":54}}]},"34":{"loc":{"start":{"line":219,"column":43},"end":{"line":219,"column":81}},"type":"cond-expr","locations":[{"start":{"line":219,"column":59},"end":{"line":219,"column":68}},{"start":{"line":219,"column":68},"end":{"line":219,"column":81}}]}},"s":{"0":0,"1":0,"2":0,"3":0,"4":0,"5":0,"6":0,"7":0,"8":0,"9":0,"10":0,"11":0,"12":0,"13":0,"14":0,"15":0,"16":0,"17":0,"18":0,"19":0,"20":11,"21":0,"22":0,"23":0,"24":0,"25":0,"26":0,"27":0,"28":0,"29":0,"30":0,"31":0,"32":0,"33":0,"34":0,"35":0,"36":0,"37":0,"38":0,"39":0,"40":0,"41":0,"42":0,"43":0,"44":0,"45":0,"46":0,"47":0,"48":0,"49":0,"50":0,"51":0,"52":0,"53":0,"54":0,"55":0,"56":0,"57":0,"58":0,"59":0,"60":0,"61":0,"62":0,"63":0,"64":0,"65":0,"66":0,"67":0,"68":0,"69":0,"70":0,"71":0,"72":0,"73":0,"74":0,"75":0,"76":11},"f":{"0":0,"1":0,"2":0,"3":0,"4":0,"5":0,"6":0,"7":0,"8":0,"9":0,"10":0},"b":{"0":[0],"1":[0,0],"2":[0,0,0,0,0],"3":[0,0],"4":[0],"5":[0,0],"6":[0],"7":[0],"8":[0,0],"9":[0],"10":[0],"11":[0],"12":[0,0],"13":[0],"14":[0],"15":[0,0],"16":[0],"17":[0,0,0,0,0],"18":[0,0],"19":[0,0],"20":[0,0],"21":[0,0],"22":[0],"23":[0,0],"24":[0],"25":[0,0],"26":[0,0],"27":[0],"28":[0],"29":[0,0],"30":[0],"31":[0,0],"32":[0],"33":[0,0],"34":[0,0]}}
,"/Users/imagine/project/packages/bear-react-carousel/src/el-class-name.ts": {"path":"/Users/imagine/project/packages/bear-react-carousel/src/el-class-name.ts","statementMap":{"0":{"start":{"line":4,"column":0},"end":{"line":4,"column":15}},"1":{"start":{"line":4,"column":15},"end":{"line":27,"column":null}}},"fnMap":{"0":{"name":"(anonymous_0)","decl":{"start":{"line":4,"column":0},"end":{"line":4,"column":15}},"loc":{"start":{"line":4,"column":0},"end":{"line":4,"column":15}}}},"branchMap":{},"s":{"0":499,"1":9},"f":{"0":499},"b":{}}
,"/Users/imagine/project/packages/bear-react-carousel/src/logger.ts": {"path":"/Users/imagine/project/packages/bear-react-carousel/src/logger.ts","statementMap":{"0":{"start":{"line":108,"column":0},"end":{"line":108,"column":15}},"1":{"start":{"line":1,"column":24},"end":{"line":1,"column":null}},"2":{"start":{"line":3,"column":19},"end":{"line":8,"column":null}},"3":{"start":{"line":18,"column":4},"end":{"line":18,"column":null}},"4":{"start":{"line":27,"column":19},"end":{"line":29,"column":null}},"5":{"start":{"line":31,"column":4},"end":{"line":31,"column":null}},"6":{"start":{"line":40,"column":19},"end":{"line":42,"column":null}},"7":{"start":{"line":44,"column":4},"end":{"line":44,"column":null}},"8":{"start":{"line":53,"column":19},"end":{"line":55,"column":null}},"9":{"start":{"line":57,"column":4},"end":{"line":57,"column":null}},"10":{"start":{"line":66,"column":19},"end":{"line":68,"column":null}},"11":{"start":{"line":70,"column":4},"end":{"line":70,"column":null}},"12":{"start":{"line":79,"column":19},"end":{"line":81,"column":null}},"13":{"start":{"line":83,"column":4},"end":{"line":83,"column":null}},"14":{"start":{"line":88,"column":16},"end":{"line":88,"column":null}},"15":{"start":{"line":89,"column":4},"end":{"line":95,"column":5}},"16":{"start":{"line":90,"column":20},"end":{"line":90,"column":null}},"17":{"start":{"line":91,"column":20},"end":{"line":91,"column":null}},"18":{"start":{"line":92,"column":8},"end":{"line":92,"column":null}},"19":{"start":{"line":93,"column":10},"end":{"line":95,"column":5}},"20":{"start":{"line":94,"column":8},"end":{"line":94,"column":null}},"21":{"start":{"line":99,"column":15},"end":{"line":106,"column":null}},"22":{"start":{"line":108,"column":15},"end":{"line":108,"column":null}}},"fnMap":{"0":{"name":"(anonymous_0)","decl":{"start":{"line":108,"column":0},"end":{"line":108,"column":15}},"loc":{"start":{"line":108,"column":0},"end":{"line":108,"column":15}}},"1":{"name":"messageConsole","decl":{"start":{"line":16,"column":9},"end":{"line":16,"column":24}},"loc":{"start":{"line":16,"column":69},"end":{"line":19,"column":null}}},"2":{"name":"primary","decl":{"start":{"line":26,"column":9},"end":{"line":26,"column":17}},"loc":{"start":{"line":26,"column":49},"end":{"line":32,"column":null}}},"3":{"name":"success","decl":{"start":{"line":39,"column":9},"end":{"line":39,"column":17}},"loc":{"start":{"line":39,"column":49},"end":{"line":45,"column":null}}},"4":{"name":"info","decl":{"start":{"line":52,"column":9},"end":{"line":52,"column":14}},"loc":{"start":{"line":52,"column":46},"end":{"line":58,"column":null}}},"5":{"name":"warning","decl":{"start":{"line":65,"column":9},"end":{"line":65,"column":17}},"loc":{"start":{"line":65,"column":49},"end":{"line":71,"column":null}}},"6":{"name":"danger","decl":{"start":{"line":78,"column":9},"end":{"line":78,"column":16}},"loc":{"start":{"line":78,"column":48},"end":{"line":84,"column":null}}},"7":{"name":"printInText","decl":{"start":{"line":87,"column":9},"end":{"line":87,"column":21}},"loc":{"start":{"line":87,"column":47},"end":{"line":96,"column":null}}}},"branchMap":{"0":{"loc":{"start":{"line":87,"column":31},"end":{"line":87,"column":46}},"type":"default-arg","locations":[{"start":{"line":87,"column":42},"end":{"line":87,"column":46}}]},"1":{"loc":{"start":{"line":89,"column":4},"end":{"line":95,"column":5}},"type":"if","locations":[{"start":{"line":89,"column":4},"end":{"line":95,"column":5}},{"start":{"line":93,"column":10},"end":{"line":95,"column":5}}]},"2":{"loc":{"start":{"line":93,"column":10},"end":{"line":95,"column":5}},"type":"if","locations":[{"start":{"line":93,"column":10},"end":{"line":95,"column":5}}]}},"s":{"0":0,"1":5,"2":5,"3":0,"4":0,"5":0,"6":0,"7":0,"8":0,"9":0,"10":0,"11":0,"12":0,"13":0,"14":0,"15":0,"16":0,"17":0,"18":0,"19":0,"20":0,"21":5,"22":5},"f":{"0":0,"1":0,"2":0,"3":0,"4":0,"5":0,"6":0,"7":0},"b":{"0":[0],"1":[0,0],"2":[0]}}
,"/Users/imagine/project/packages/bear-react-carousel/src/types.ts": {"path":"/Users/imagine/project/packages/bear-react-carousel/src/types.ts","statementMap":{"0":{"start":{"line":9,"column":12},"end":{"line":9,"column":19}},"1":{"start":{"line":9,"column":12},"end":{"line":10,"column":null}},"2":{"start":{"line":9,"column":12},"end":{"line":11,"column":null}}},"fnMap":{"0":{"name":"(anonymous_1)","decl":{"start":{"line":9,"column":12},"end":{"line":9,"column":19}},"loc":{"start":{"line":9,"column":19},"end":{"line":9,"column":11}}}},"branchMap":{"0":{"loc":{"start":{"line":9,"column":12},"end":{"line":9,"column":19}},"type":"binary-expr","locations":[{"start":{"line":9,"column":12},"end":{"line":9,"column":19}},{"start":{"line":9,"column":12},"end":{"line":9,"column":19}}]}},"s":{"0":5,"1":5,"2":5},"f":{"0":5},"b":{"0":[5,5]}}
,"/Users/imagine/project/packages/bear-react-carousel/src/utils.ts": {"path":"/Users/imagine/project/packages/bear-react-carousel/src/utils.ts","statementMap":{"0":{"start":{"line":7,"column":16},"end":{"line":7,"column":29}},"1":{"start":{"line":13,"column":16},"end":{"line":13,"column":30}},"2":{"start":{"line":24,"column":16},"end":{"line":24,"column":27}},"3":{"start":{"line":39,"column":16},"end":{"line":39,"column":30}},"4":{"start":{"line":56,"column":16},"end":{"line":56,"column":30}},"5":{"start":{"line":74,"column":16},"end":{"line":74,"column":32}},"6":{"start":{"line":86,"column":16},"end":{"line":86,"column":27}},"7":{"start":{"line":90,"column":16},"end":{"line":90,"column":28}},"8":{"start":{"line":100,"column":16},"end":{"line":100,"column":33}},"9":{"start":{"line":110,"column":16},"end":{"line":110,"column":27}},"10":{"start":{"line":121,"column":16},"end":{"line":121,"column":28}},"11":{"start":{"line":130,"column":16},"end":{"line":130,"column":33}},"12":{"start":{"line":2,"column":24},"end":{"line":2,"column":null}},"13":{"start":{"line":8,"column":4},"end":{"line":8,"column":null}},"14":{"start":{"line":8,"column":10},"end":{"line":8,"column":46}},"15":{"start":{"line":8,"column":46},"end":{"line":8,"column":59}},"16":{"start":{"line":8,"column":73},"end":{"line":8,"column":87}},"17":{"start":{"line":14,"column":4},"end":{"line":14,"column":null}},"18":{"start":{"line":14,"column":10},"end":{"line":14,"column":46}},"19":{"start":{"line":14,"column":46},"end":{"line":14,"column":59}},"20":{"start":{"line":14,"column":73},"end":{"line":14,"column":87}},"21":{"start":{"line":25,"column":24},"end":{"line":25,"column":null}},"22":{"start":{"line":26,"column":4},"end":{"line":28,"column":5}},"23":{"start":{"line":27,"column":8},"end":{"line":27,"column":null}},"24":{"start":{"line":30,"column":4},"end":{"line":30,"column":null}},"25":{"start":{"line":40,"column":24},"end":{"line":42,"column":null}},"26":{"start":{"line":41,"column":24},"end":{"line":41,"column":null}},"27":{"start":{"line":42,"column":24},"end":{"line":42,"column":null}},"28":{"start":{"line":44,"column":4},"end":{"line":44,"column":null}},"29":{"start":{"line":44,"column":32},"end":{"line":44,"column":null}},"30":{"start":{"line":45,"column":4},"end":{"line":45,"column":null}},"31":{"start":{"line":57,"column":25},"end":{"line":57,"column":null}},"32":{"start":{"line":58,"column":4},"end":{"line":58,"column":null}},"33":{"start":{"line":58,"column":30},"end":{"line":58,"column":null}},"34":{"start":{"line":59,"column":4},"end":{"line":59,"column":null}},"35":{"start":{"line":75,"column":4},"end":{"line":75,"column":null}},"36":{"start":{"line":87,"column":4},"end":{"line":87,"column":null}},"37":{"start":{"line":91,"column":4},"end":{"line":91,"column":null}},"38":{"start":{"line":101,"column":4},"end":{"line":101,"column":null}},"39":{"start":{"line":111,"column":24},"end":{"line":113,"column":null}},"40":{"start":{"line":112,"column":23},"end":{"line":112,"column":null}},"41":{"start":{"line":113,"column":20},"end":{"line":113,"column":30}},"42":{"start":{"line":114,"column":28},"end":{"line":116,"column":null}},"43":{"start":{"line":115,"column":23},"end":{"line":115,"column":null}},"44":{"start":{"line":116,"column":20},"end":{"line":116,"column":34}},"45":{"start":{"line":118,"column":4},"end":{"line":118,"column":null}},"46":{"start":{"line":122,"column":19},"end":{"line":122,"column":null}},"47":{"start":{"line":122,"column":38},"end":{"line":122,"column":45}},"48":{"start":{"line":123,"column":20},"end":{"line":123,"column":null}},"49":{"start":{"line":123,"column":43},"end":{"line":123,"column":50}},"50":{"start":{"line":125,"column":4},"end":{"line":125,"column":null}},"51":{"start":{"line":131,"column":4},"end":{"line":133,"column":5}},"52":{"start":{"line":132,"column":8},"end":{"line":132,"column":null}},"53":{"start":{"line":134,"column":4},"end":{"line":134,"column":null}}},"fnMap":{"0":{"name":"(anonymous_1)","decl":{"start":{"line":7,"column":29},"end":{"line":7,"column":41}},"loc":{"start":{"line":7,"column":16},"end":{"line":7,"column":29}}},"1":{"name":"(anonymous_2)","decl":{"start":{"line":13,"column":30},"end":{"line":13,"column":42}},"loc":{"start":{"line":13,"column":16},"end":{"line":13,"column":30}}},"2":{"name":"(anonymous_3)","decl":{"start":{"line":24,"column":27},"end":{"line":24,"column":28}},"loc":{"start":{"line":24,"column":16},"end":{"line":24,"column":27}}},"3":{"name":"(anonymous_4)","decl":{"start":{"line":39,"column":30},"end":{"line":39,"column":31}},"loc":{"start":{"line":39,"column":16},"end":{"line":39,"column":30}}},"4":{"name":"(anonymous_5)","decl":{"start":{"line":56,"column":30},"end":{"line":56,"column":31}},"loc":{"start":{"line":56,"column":16},"end":{"line":56,"column":30}}},"5":{"name":"(anonymous_6)","decl":{"start":{"line":74,"column":32},"end":{"line":74,"column":33}},"loc":{"start":{"line":74,"column":16},"end":{"line":74,"column":32}}},"6":{"name":"(anonymous_7)","decl":{"start":{"line":86,"column":27},"end":{"line":86,"column":28}},"loc":{"start":{"line":86,"column":16},"end":{"line":86,"column":27}}},"7":{"name":"(anonymous_8)","decl":{"start":{"line":90,"column":28},"end":{"line":90,"column":29}},"loc":{"start":{"line":90,"column":16},"end":{"line":90,"column":28}}},"8":{"name":"(anonymous_9)","decl":{"start":{"line":100,"column":33},"end":{"line":100,"column":34}},"loc":{"start":{"line":100,"column":16},"end":{"line":100,"column":33}}},"9":{"name":"(anonymous_10)","decl":{"start":{"line":110,"column":27},"end":{"line":110,"column":28}},"loc":{"start":{"line":110,"column":16},"end":{"line":110,"column":27}}},"10":{"name":"(anonymous_11)","decl":{"start":{"line":121,"column":28},"end":{"line":121,"column":29}},"loc":{"start":{"line":121,"column":16},"end":{"line":121,"column":28}}},"11":{"name":"(anonymous_12)","decl":{"start":{"line":130,"column":33},"end":{"line":130,"column":34}},"loc":{"start":{"line":130,"column":16},"end":{"line":130,"column":33}}},"12":{"name":"checkIsMobile","decl":{"start":{"line":7,"column":16},"end":{"line":7,"column":29}},"loc":{"start":{"line":7,"column":41},"end":{"line":9,"column":null}}},"13":{"name":"checkIsDesktop","decl":{"start":{"line":13,"column":16},"end":{"line":13,"column":30}},"loc":{"start":{"line":13,"column":42},"end":{"line":15,"column":null}}},"14":{"name":"anyToNumber","decl":{"start":{"line":24,"column":16},"end":{"line":24,"column":27}},"loc":{"start":{"line":24,"column":66},"end":{"line":31,"column":null}}},"15":{"name":"getSizeByRange","decl":{"start":{"line":39,"column":16},"end":{"line":39,"column":30}},"loc":{"start":{"line":39,"column":85},"end":{"line":46,"column":null}}},"16":{"name":"(anonymous_18)","decl":{"start":{"line":41,"column":16},"end":{"line":41,"column":24}},"loc":{"start":{"line":41,"column":24},"end":{"line":41,"column":null}}},"17":{"name":"(anonymous_19)","decl":{"start":{"line":42,"column":14},"end":{"line":42,"column":15}},"loc":{"start":{"line":42,"column":24},"end":{"line":42,"column":null}}},"18":{"name":"getMatrixValue","decl":{"start":{"line":56,"column":16},"end":{"line":56,"column":30}},"loc":{"start":{"line":56,"column":57},"end":{"line":61,"column":null}}},"19":{"name":"decimal2Rounding","decl":{"start":{"line":74,"column":16},"end":{"line":74,"column":32}},"loc":{"start":{"line":74,"column":54},"end":{"line":76,"column":null}}},"20":{"name":"getNextPage","decl":{"start":{"line":86,"column":16},"end":{"line":86,"column":27}},"loc":{"start":{"line":86,"column":47},"end":{"line":88,"column":null}}},"21":{"name":"getLastIndex","decl":{"start":{"line":90,"column":16},"end":{"line":90,"column":28}},"loc":{"start":{"line":90,"column":50},"end":{"line":92,"column":null}}},"22":{"name":"getLoopResetIndex","decl":{"start":{"line":100,"column":16},"end":{"line":100,"column":33}},"loc":{"start":{"line":100,"column":86},"end":{"line":102,"column":null}}},"23":{"name":"isPropsDiff","decl":{"start":{"line":110,"column":16},"end":{"line":110,"column":27}},"loc":{"start":{"line":110,"column":105},"end":{"line":119,"column":null}}},"24":{"name":"(anonymous_26)","decl":{"start":{"line":112,"column":16},"end":{"line":112,"column":23}},"loc":{"start":{"line":112,"column":23},"end":{"line":112,"column":null}}},"25":{"name":"(anonymous_27)","decl":{"start":{"line":113,"column":13},"end":{"line":113,"column":20}},"loc":{"start":{"line":113,"column":20},"end":{"line":113,"column":30}}},"26":{"name":"(anonymous_28)","decl":{"start":{"line":115,"column":16},"end":{"line":115,"column":23}},"loc":{"start":{"line":115,"column":23},"end":{"line":115,"column":null}}},"27":{"name":"(anonymous_29)","decl":{"start":{"line":116,"column":13},"end":{"line":116,"column":20}},"loc":{"start":{"line":116,"column":20},"end":{"line":116,"column":34}}},"28":{"name":"isDataKeyDff","decl":{"start":{"line":121,"column":16},"end":{"line":121,"column":28}},"loc":{"start":{"line":121,"column":93},"end":{"line":126,"column":null}}},"29":{"name":"(anonymous_31)","decl":{"start":{"line":122,"column":29},"end":{"line":122,"column":30}},"loc":{"start":{"line":122,"column":38},"end":{"line":122,"column":45}}},"30":{"name":"(anonymous_32)","decl":{"start":{"line":123,"column":34},"end":{"line":123,"column":35}},"loc":{"start":{"line":123,"column":43},"end":{"line":123,"column":50}}},"31":{"name":"booleanToDataAttr","decl":{"start":{"line":130,"column":16},"end":{"line":130,"column":33}},"loc":{"start":{"line":130,"column":111},"end":{"line":135,"column":null}}}},"branchMap":{"0":{"loc":{"start":{"line":24,"column":40},"end":{"line":24,"column":56}},"type":"default-arg","locations":[{"start":{"line":24,"column":55},"end":{"line":24,"column":56}}]},"1":{"loc":{"start":{"line":26,"column":4},"end":{"line":28,"column":5}},"type":"if","locations":[{"start":{"line":26,"column":4},"end":{"line":28,"column":5}}]},"2":{"loc":{"start":{"line":44,"column":4},"end":{"line":44,"column":null}},"type":"if","locations":[{"start":{"line":44,"column":4},"end":{"line":44,"column":null}}]},"3":{"loc":{"start":{"line":58,"column":4},"end":{"line":58,"column":null}},"type":"if","locations":[{"start":{"line":58,"column":4},"end":{"line":58,"column":null}}]},"4":{"loc":{"start":{"line":112,"column":23},"end":{"line":112,"column":null}},"type":"binary-expr","locations":[{"start":{"line":112,"column":23},"end":{"line":112,"column":59}},{"start":{"line":112,"column":59},"end":{"line":112,"column":null}}]},"5":{"loc":{"start":{"line":115,"column":23},"end":{"line":115,"column":null}},"type":"binary-expr","locations":[{"start":{"line":115,"column":23},"end":{"line":115,"column":63}},{"start":{"line":115,"column":63},"end":{"line":115,"column":null}}]},"6":{"loc":{"start":{"line":130,"column":51},"end":{"line":130,"column":92}},"type":"default-arg","locations":[{"start":{"line":130,"column":88},"end":{"line":130,"column":92}}]},"7":{"loc":{"start":{"line":131,"column":4},"end":{"line":133,"column":5}},"type":"if","locations":[{"start":{"line":131,"column":4},"end":{"line":133,"column":5}}]}},"s":{"0":21,"1":18,"2":38,"3":22,"4":5,"5":4,"6":1,"7":1,"8":1,"9":0,"10":0,"11":485,"12":11,"13":21,"14":21,"15":20,"16":1,"17":18,"18":18,"19":17,"20":1,"21":38,"22":38,"23":32,"24":6,"25":22,"26":15,"27":1,"28":22,"29":5,"30":17,"31":5,"32":5,"33":3,"34":2,"35":4,"36":1,"37":1,"38":1,"39":0,"40":0,"41":0,"42":0,"43":0,"44":0,"45":0,"46":0,"47":0,"48":0,"49":0,"50":0,"51":485,"52":46,"53":439},"f":{"0":21,"1":18,"2":38,"3":22,"4":5,"5":4,"6":1,"7":1,"8":1,"9":0,"10":0,"11":485,"12":21,"13":18,"14":38,"15":22,"16":15,"17":1,"18":5,"19":4,"20":1,"21":1,"22":1,"23":0,"24":0,"25":0,"26":0,"27":0,"28":0,"29":0,"30":0,"31":485},"b":{"0":[0],"1":[32],"2":[5],"3":[3],"4":[0,0],"5":[0,0],"6":[382],"7":[46]}}
,"/Users/imagine/project/packages/bear-react-carousel/src/components/CarouselRoot/CarouselRoot.tsx": {"path":"/Users/imagine/project/packages/bear-react-carousel/src/components/CarouselRoot/CarouselRoot.tsx","statementMap":{"0":{"start":{"line":55,"column":0},"end":{"line":55,"column":15}},"1":{"start":{"line":1,"column":25},"end":{"line":1,"column":null}},"2":{"start":{"line":2,"column":24},"end":{"line":2,"column":null}},"3":{"start":{"line":3,"column":32},"end":{"line":3,"column":null}},"4":{"start":{"line":25,"column":21},"end":{"line":52,"column":null}},"5":{"start":{"line":55,"column":15},"end":{"line":55,"column":null}}},"fnMap":{"0":{"name":"(anonymous_0)","decl":{"start":{"line":55,"column":0},"end":{"line":55,"column":15}},"loc":{"start":{"line":55,"column":0},"end":{"line":55,"column":15}}},"1":{"name":"(anonymous_2)","decl":{"start":{"line":25,"column":56},"end":{"line":25,"column":57}},"loc":{"start":{"line":35,"column":11},"end":{"line":52,"column":null}}}},"branchMap":{"0":{"loc":{"start":{"line":31,"column":4},"end":{"line":31,"column":18}},"type":"default-arg","locations":[{"start":{"line":31,"column":13},"end":{"line":31,"column":18}}]},"1":{"loc":{"start":{"line":33,"column":4},"end":{"line":33,"column":28}},"type":"default-arg","locations":[{"start":{"line":33,"column":24},"end":{"line":33,"column":28}}]}},"s":{"0":16,"1":4,"2":4,"3":4,"4":4,"5":4},"f":{"0":16,"1":16},"b":{"0":[0],"1":[0]}}
,"/Users/imagine/project/packages/bear-react-carousel/src/components/CarouselRoot/index.ts": {"path":"/Users/imagine/project/packages/bear-react-carousel/src/components/CarouselRoot/index.ts","statementMap":{"0":{"start":{"line":1,"column":8},"end":{"line":1,"column":15}},"1":{"start":{"line":1,"column":22},"end":{"line":1,"column":null}}},"fnMap":{"0":{"name":"(anonymous_0)","decl":{"start":{"line":1,"column":8},"end":{"line":1,"column":15}},"loc":{"start":{"line":1,"column":8},"end":{"line":1,"column":15}}}},"branchMap":{},"s":{"0":16,"1":4},"f":{"0":16},"b":{}}
,"/Users/imagine/project/packages/bear-react-carousel/src/components/NavButton/NavButton.tsx": {"path":"/Users/imagine/project/packages/bear-react-carousel/src/components/NavButton/NavButton.tsx","statementMap":{"0":{"start":{"line":36,"column":13},"end":{"line":36,"column":26}},"1":{"start":{"line":42,"column":13},"end":{"line":42,"column":26}},"2":{"start":{"line":50,"column":0},"end":{"line":50,"column":15}},"3":{"start":{"line":2,"column":24},"end":{"line":2,"column":null}},"4":{"start":{"line":3,"column":24},"end":{"line":3,"column":null}},"5":{"start":{"line":4,"column":23},"end":{"line":4,"column":null}},"6":{"start":{"line":13,"column":18},"end":{"line":29,"column":null}},"7":{"start":{"line":36,"column":29},"end":{"line":40,"column":null}},"8":{"start":{"line":42,"column":29},"end":{"line":46,"column":null}},"9":{"start":{"line":50,"column":15},"end":{"line":50,"column":25}}},"fnMap":{"0":{"name":"(anonymous_1)","decl":{"start":{"line":36,"column":26},"end":{"line":36,"column":29}},"loc":{"start":{"line":36,"column":13},"end":{"line":36,"column":26}}},"1":{"name":"(anonymous_2)","decl":{"start":{"line":42,"column":26},"end":{"line":42,"column":29}},"loc":{"start":{"line":42,"column":13},"end":{"line":42,"column":26}}},"2":{"name":"(anonymous_3)","decl":{"start":{"line":50,"column":25},"end":{"line":50,"column":null}},"loc":{"start":{"line":50,"column":0},"end":{"line":50,"column":15}}},"3":{"name":"(anonymous_8)","decl":{"start":{"line":13,"column":18},"end":{"line":13,"column":19}},"loc":{"start":{"line":17,"column":14},"end":{"line":29,"column":null}}},"4":{"name":"(anonymous_9)","decl":{"start":{"line":36,"column":29},"end":{"line":36,"column":30}},"loc":{"start":{"line":38,"column":20},"end":{"line":40,"column":null}}},"5":{"name":"(anonymous_10)","decl":{"start":{"line":42,"column":29},"end":{"line":42,"column":30}},"loc":{"start":{"line":44,"column":20},"end":{"line":46,"column":null}}}},"branchMap":{},"s":{"0":17,"1":16,"2":0,"3":5,"4":5,"5":5,"6":5,"7":5,"8":5,"9":5},"f":{"0":17,"1":16,"2":0,"3":33,"4":17,"5":16},"b":{}}
,"/Users/imagine/project/packages/bear-react-carousel/src/components/NavButton/index.ts": {"path":"/Users/imagine/project/packages/bear-react-carousel/src/components/NavButton/index.ts","statementMap":{"0":{"start":{"line":1,"column":14},"end":{"line":1,"column":null}}},"fnMap":{},"branchMap":{},"s":{"0":4},"f":{},"b":{}}
,"/Users/imagine/project/packages/bear-react-carousel/src/components/Page/Page.tsx": {"path":"/Users/imagine/project/packages/bear-react-carousel/src/components/Page/Page.tsx","statementMap":{"0":{"start":{"line":42,"column":0},"end":{"line":42,"column":15}},"1":{"start":{"line":1,"column":38},"end":{"line":1,"column":null}},"2":{"start":{"line":2,"column":24},"end":{"line":2,"column":null}},"3":{"start":{"line":3,"column":32},"end":{"line":3,"column":null}},"4":{"start":{"line":13,"column":13},"end":{"line":39,"column":null}},"5":{"start":{"line":20,"column":30},"end":{"line":22,"column":null}},"6":{"start":{"line":21,"column":8},"end":{"line":21,"column":null}},"7":{"start":{"line":42,"column":15},"end":{"line":42,"column":null}}},"fnMap":{"0":{"name":"(anonymous_0)","decl":{"start":{"line":42,"column":0},"end":{"line":42,"column":15}},"loc":{"start":{"line":42,"column":0},"end":{"line":42,"column":15}}},"1":{"name":"(anonymous_2)","decl":{"start":{"line":13,"column":48},"end":{"line":13,"column":49}},"loc":{"start":{"line":18,"column":11},"end":{"line":39,"column":null}}},"2":{"name":"(anonymous_3)","decl":{"start":{"line":20,"column":42},"end":{"line":20,"column":48}},"loc":{"start":{"line":20,"column":48},"end":{"line":22,"column":7}}}},"branchMap":{"0":{"loc":{"start":{"line":14,"column":4},"end":{"line":14,"column":19}},"type":"default-arg","locations":[{"start":{"line":14,"column":14},"end":{"line":14,"column":19}}]},"1":{"loc":{"start":{"line":33,"column":9},"end":{"line":33,"column":null}},"type":"binary-expr","locations":[{"start":{"line":33,"column":9},"end":{"line":33,"column":null}}]}},"s":{"0":85,"1":5,"2":5,"3":5,"4":5,"5":85,"6":3,"7":5},"f":{"0":85,"1":85,"2":3},"b":{"0":[0],"1":[85]}}
,"/Users/imagine/project/packages/bear-react-carousel/src/components/Page/index.ts": {"path":"/Users/imagine/project/packages/bear-react-carousel/src/components/Page/index.ts","statementMap":{"0":{"start":{"line":1,"column":8},"end":{"line":1,"column":15}},"1":{"start":{"line":1,"column":22},"end":{"line":1,"column":null}}},"fnMap":{"0":{"name":"(anonymous_0)","decl":{"start":{"line":1,"column":8},"end":{"line":1,"column":15}},"loc":{"start":{"line":1,"column":8},"end":{"line":1,"column":15}}}},"branchMap":{},"s":{"0":84,"1":4},"f":{"0":84},"b":{}}
,"/Users/imagine/project/packages/bear-react-carousel/src/components/SlideItem/SlideItem.tsx": {"path":"/Users/imagine/project/packages/bear-react-carousel/src/components/SlideItem/SlideItem.tsx","statementMap":{"0":{"start":{"line":61,"column":0},"end":{"line":61,"column":15}},"1":{"start":{"line":1,"column":25},"end":{"line":1,"column":null}},"2":{"start":{"line":2,"column":24},"end":{"line":2,"column":null}},"3":{"start":{"line":3,"column":24},"end":{"line":3,"column":null}},"4":{"start":{"line":4,"column":32},"end":{"line":4,"column":null}},"5":{"start":{"line":19,"column":18},"end":{"line":58,"column":null}},"6":{"start":{"line":61,"column":15},"end":{"line":61,"column":null}}},"fnMap":{"0":{"name":"(anonymous_0)","decl":{"start":{"line":61,"column":0},"end":{"line":61,"column":15}},"loc":{"start":{"line":61,"column":0},"end":{"line":61,"column":15}}},"1":{"name":"(anonymous_2)","decl":{"start":{"line":19,"column":55},"end":{"line":19,"column":56}},"loc":{"start":{"line":29,"column":11},"end":{"line":58,"column":null}}}},"branchMap":{"0":{"loc":{"start":{"line":26,"column":4},"end":{"line":26,"column":20}},"type":"default-arg","locations":[{"start":{"line":26,"column":15},"end":{"line":26,"column":20}}]},"1":{"loc":{"start":{"line":27,"column":4},"end":{"line":27,"column":19}},"type":"default-arg","locations":[{"start":{"line":27,"column":14},"end":{"line":27,"column":19}}]},"2":{"loc":{"start":{"line":28,"column":4},"end":{"line":28,"column":19}},"type":"default-arg","locations":[{"start":{"line":28,"column":14},"end":{"line":28,"column":19}}]},"3":{"loc":{"start":{"line":44,"column":9},"end":{"line":44,"column":null}},"type":"binary-expr","locations":[{"start":{"line":44,"column":9},"end":{"line":44,"column":null}}]},"4":{"loc":{"start":{"line":47,"column":17},"end":{"line":47,"column":null}},"type":"binary-expr","locations":[{"start":{"line":47,"column":17},"end":{"line":47,"column":null}}]}},"s":{"0":103,"1":5,"2":5,"3":5,"4":5,"5":5,"6":5},"f":{"0":103,"1":103},"b":{"0":[0],"1":[1],"2":[1],"3":[103],"4":[0]}}
,"/Users/imagine/project/packages/bear-react-carousel/src/components/SlideItem/index.ts": {"path":"/Users/imagine/project/packages/bear-react-carousel/src/components/SlideItem/index.ts","statementMap":{"0":{"start":{"line":1,"column":8},"end":{"line":1,"column":15}},"1":{"start":{"line":1,"column":22},"end":{"line":1,"column":null}}},"fnMap":{"0":{"name":"(anonymous_0)","decl":{"start":{"line":1,"column":8},"end":{"line":1,"column":15}},"loc":{"start":{"line":1,"column":8},"end":{"line":1,"column":15}}}},"branchMap":{},"s":{"0":102,"1":4},"f":{"0":102},"b":{}}
,"/Users/imagine/project/packages/bear-react-carousel/src/components/WindowSize/WindowSize.tsx": {"path":"/Users/imagine/project/packages/bear-react-carousel/src/components/WindowSize/WindowSize.tsx","statementMap":{"0":{"start":{"line":24,"column":0},"end":{"line":24,"column":15}},"1":{"start":{"line":1,"column":24},"end":{"line":1,"column":null}},"2":{"start":{"line":12,"column":20},"end":{"line":21,"column":null}},"3":{"start":{"line":24,"column":15},"end":{"line":24,"column":null}}},"fnMap":{"0":{"name":"(anonymous_0)","decl":{"start":{"line":24,"column":0},"end":{"line":24,"column":15}},"loc":{"start":{"line":24,"column":0},"end":{"line":24,"column":15}}},"1":{"name":"(anonymous_2)","decl":{"start":{"line":12,"column":20},"end":{"line":12,"column":21}},"loc":{"start":{"line":14,"column":14},"end":{"line":21,"column":null}}}},"branchMap":{"0":{"loc":{"start":{"line":13,"column":4},"end":{"line":13,"column":12}},"type":"default-arg","locations":[{"start":{"line":13,"column":11},"end":{"line":13,"column":12}}]}},"s":{"0":1,"1":5,"2":5,"3":5},"f":{"0":1,"1":1},"b":{"0":[0]}}
,"/Users/imagine/project/packages/bear-react-carousel/src/components/WindowSize/index.ts": {"path":"/Users/imagine/project/packages/bear-react-carousel/src/components/WindowSize/index.ts","statementMap":{"0":{"start":{"line":1,"column":8},"end":{"line":1,"column":15}},"1":{"start":{"line":1,"column":22},"end":{"line":1,"column":null}}},"fnMap":{"0":{"name":"(anonymous_0)","decl":{"start":{"line":1,"column":8},"end":{"line":1,"column":15}},"loc":{"start":{"line":1,"column":8},"end":{"line":1,"column":15}}}},"branchMap":{},"s":{"0":0,"1":4},"f":{"0":0},"b":{}}
,"/Users/imagine/project/packages/bear-react-carousel/src/hook/useDraggableClick.ts": {"path":"/Users/imagine/project/packages/bear-react-carousel/src/hook/useDraggableClick.ts","statementMap":{"0":{"start":{"line":33,"column":0},"end":{"line":33,"column":15}},"1":{"start":{"line":1,"column":44},"end":{"line":1,"column":null}},"2":{"start":{"line":8,"column":26},"end":{"line":31,"column":null}},"3":{"start":{"line":9,"column":25},"end":{"line":9,"column":null}},"4":{"start":{"line":10,"column":38},"end":{"line":10,"column":null}},"5":{"start":{"line":12,"column":24},"end":{"line":16,"column":null}},"6":{"start":{"line":13,"column":8},"end":{"line":13,"column":null}},"7":{"start":{"line":14,"column":8},"end":{"line":14,"column":null}},"8":{"start":{"line":15,"column":8},"end":{"line":15,"column":null}},"9":{"start":{"line":18,"column":22},"end":{"line":24,"column":null}},"10":{"start":{"line":19,"column":20},"end":{"line":19,"column":null}},"11":{"start":{"line":20,"column":8},"end":{"line":23,"column":9}},"12":{"start":{"line":21,"column":12},"end":{"line":21,"column":null}},"13":{"start":{"line":22,"column":12},"end":{"line":22,"column":null}},"14":{"start":{"line":26,"column":24},"end":{"line":28,"column":null}},"15":{"start":{"line":27,"column":8},"end":{"line":27,"column":null}},"16":{"start":{"line":30,"column":4},"end":{"line":30,"column":null}},"17":{"start":{"line":33,"column":15},"end":{"line":33,"column":null}}},"fnMap":{"0":{"name":"(anonymous_0)","decl":{"start":{"line":33,"column":0},"end":{"line":33,"column":15}},"loc":{"start":{"line":33,"column":0},"end":{"line":33,"column":15}}},"1":{"name":"(anonymous_1)","decl":{"start":{"line":8,"column":26},"end":{"line":8,"column":27}},"loc":{"start":{"line":8,"column":89},"end":{"line":31,"column":null}}},"2":{"name":"(anonymous_2)","decl":{"start":{"line":12,"column":36},"end":{"line":12,"column":37}},"loc":{"start":{"line":12,"column":78},"end":{"line":16,"column":7}}},"3":{"name":"(anonymous_3)","decl":{"start":{"line":18,"column":34},"end":{"line":18,"column":35}},"loc":{"start":{"line":18,"column":76},"end":{"line":24,"column":7}}},"4":{"name":"(anonymous_4)","decl":{"start":{"line":26,"column":36},"end":{"line":26,"column":42}},"loc":{"start":{"line":26,"column":42},"end":{"line":28,"column":7}}}},"branchMap":{"0":{"loc":{"start":{"line":8,"column":37},"end":{"line":8,"column":59}},"type":"default-arg","locations":[{"start":{"line":8,"column":56},"end":{"line":8,"column":59}}]},"1":{"loc":{"start":{"line":20,"column":8},"end":{"line":23,"column":9}},"type":"if","locations":[{"start":{"line":20,"column":8},"end":{"line":23,"column":9}}]},"2":{"loc":{"start":{"line":20,"column":12},"end":{"line":20,"column":88}},"type":"binary-expr","locations":[{"start":{"line":20,"column":12},"end":{"line":20,"column":23}},{"start":{"line":20,"column":23},"end":{"line":20,"column":39}},{"start":{"line":20,"column":39},"end":{"line":20,"column":88}}]}},"s":{"0":102,"1":4,"2":4,"3":102,"4":102,"5":102,"6":0,"7":0,"8":0,"9":102,"10":0,"11":0,"12":0,"13":0,"14":102,"15":0,"16":102,"17":4},"f":{"0":102,"1":102,"2":0,"3":0,"4":0},"b":{"0":[0],"1":[0],"2":[0,0,0]}}
,"/Users/imagine/project/packages/bear-react-carousel/src/hook/useLazyLoadBg.ts": {"path":"/Users/imagine/project/packages/bear-react-carousel/src/hook/useLazyLoadBg.ts","statementMap":{"0":{"start":{"line":42,"column":0},"end":{"line":42,"column":15}},"1":{"start":{"line":1,"column":55},"end":{"line":1,"column":null}},"2":{"start":{"line":8,"column":22},"end":{"line":40,"column":null}},"3":{"start":{"line":9,"column":21},"end":{"line":9,"column":null}},"4":{"start":{"line":10,"column":36},"end":{"line":10,"column":null}},"5":{"start":{"line":11,"column":20},"end":{"line":11,"column":null}},"6":{"start":{"line":13,"column":4},"end":{"line":18,"column":null}},"7":{"start":{"line":14,"column":8},"end":{"line":17,"column":9}},"8":{"start":{"line":15,"column":12},"end":{"line":15,"column":null}},"9":{"start":{"line":16,"column":12},"end":{"line":16,"column":55}},"10":{"start":{"line":20,"column":54},"end":{"line":37,"column":null}},"11":{"start":{"line":21,"column":8},"end":{"line":36,"column":null}},"12":{"start":{"line":22,"column":12},"end":{"line":35,"column":13}},"13":{"start":{"line":23,"column":16},"end":{"line":23,"column":null}},"14":{"start":{"line":24,"column":27},"end":{"line":24,"column":39}},"15":{"start":{"line":26,"column":28},"end":{"line":26,"column":null}},"16":{"start":{"line":27,"column":16},"end":{"line":33,"column":17}},"17":{"start":{"line":28,"column":20},"end":{"line":28,"column":null}},"18":{"start":{"line":29,"column":20},"end":{"line":29,"column":null}},"19":{"start":{"line":29,"column":39},"end":{"line":29,"column":null}},"20":{"start":{"line":31,"column":20},"end":{"line":31,"column":null}},"21":{"start":{"line":32,"column":20},"end":{"line":32,"column":null}},"22":{"start":{"line":34,"column":16},"end":{"line":34,"column":null}},"23":{"start":{"line":39,"column":4},"end":{"line":39,"column":null}},"24":{"start":{"line":42,"column":15},"end":{"line":42,"column":null}}},"fnMap":{"0":{"name":"(anonymous_0)","decl":{"start":{"line":42,"column":0},"end":{"line":42,"column":15}},"loc":{"start":{"line":42,"column":0},"end":{"line":42,"column":15}}},"1":{"name":"(anonymous_1)","decl":{"start":{"line":8,"column":22},"end":{"line":8,"column":23}},"loc":{"start":{"line":8,"column":65},"end":{"line":40,"column":null}}},"2":{"name":"(anonymous_2)","decl":{"start":{"line":13,"column":14},"end":{"line":13,"column":20}},"loc":{"start":{"line":13,"column":20},"end":{"line":18,"column":7}}},"3":{"name":"(anonymous_3)","decl":{"start":{"line":20,"column":66},"end":{"line":20,"column":67}},"loc":{"start":{"line":20,"column":89},"end":{"line":37,"column":7}}},"4":{"name":"(anonymous_4)","decl":{"start":{"line":29,"column":33},"end":{"line":29,"column":39}},"loc":{"start":{"line":29,"column":39},"end":{"line":29,"column":null}}}},"branchMap":{"0":{"loc":{"start":{"line":14,"column":8},"end":{"line":17,"column":9}},"type":"if","locations":[{"start":{"line":14,"column":8},"end":{"line":17,"column":9}}]},"1":{"loc":{"start":{"line":14,"column":11},"end":{"line":14,"column":37}},"type":"binary-expr","locations":[{"start":{"line":14,"column":11},"end":{"line":14,"column":21}},{"start":{"line":14,"column":21},"end":{"line":14,"column":37}}]},"2":{"loc":{"start":{"line":22,"column":12},"end":{"line":35,"column":13}},"type":"if","locations":[{"start":{"line":22,"column":12},"end":{"line":35,"column":13}}]},"3":{"loc":{"start":{"line":27,"column":16},"end":{"line":33,"column":17}},"type":"if","locations":[{"start":{"line":27,"column":16},"end":{"line":33,"column":17}}]}},"s":{"0":102,"1":4,"2":4,"3":102,"4":102,"5":102,"6":102,"7":102,"8":0,"9":0,"10":102,"11":0,"12":0,"13":0,"14":0,"15":0,"16":0,"17":0,"18":0,"19":0,"20":0,"21":0,"22":0,"23":102,"24":4},"f":{"0":102,"1":102,"2":102,"3":0,"4":0},"b":{"0":[0],"1":[102,0],"2":[0],"3":[0]}}
[...]
,"/Users/imagine/project/packages/bear-react-carousel/src/manager/Stater/index.ts": {"path":"/Users/imagine/project/packages/bear-react-carousel/src/manager/Stater/index.ts","statementMap":{"0":{"start":{"line":1,"column":8},"end":{"line":1,"column":15}},"1":{"start":{"line":1,"column":22},"end":{"line":1,"column":null}}},"fnMap":{"0":{"name":"(anonymous_0)","decl":{"start":{"line":1,"column":8},"end":{"line":1,"column":15}},"loc":{"start":{"line":1,"column":8},"end":{"line":1,"column":15}}}},"branchMap":{},"s":{"0":16,"1":4},"f":{"0":16},"b":{}}
,"/Users/imagine/project/packages/bear-react-carousel/src/manager/Stater/utils.ts": {"path":"/Users/imagine/project/packages/bear-react-carousel/src/manager/Stater/utils.ts","statementMap":{"0":{"start":{"line":11,"column":16},"end":{"line":11,"column":28}},"1":{"start":{"line":79,"column":16},"end":{"line":79,"column":37}},"2":{"start":{"line":95,"column":16},"end":{"line":95,"column":39}},"3":{"start":{"line":12,"column":23},"end":{"line":12,"column":25}},"4":{"start":{"line":13,"column":20},"end":{"line":13,"column":null}},"5":{"start":{"line":14,"column":16},"end":{"line":14,"column":null}},"6":{"start":{"line":15,"column":32},"end":{"line":15,"column":86}},"7":{"start":{"line":16,"column":21},"end":{"line":16,"column":null}},"8":{"start":{"line":18,"column":4},"end":{"line":32,"column":5}},"9":{"start":{"line":20,"column":28},"end":{"line":20,"column":null}},"10":{"start":{"line":21,"column":8},"end":{"line":31,"column":null}},"11":{"start":{"line":22,"column":12},"end":{"line":29,"column":null}},"12":{"start":{"line":30,"column":12},"end":{"line":30,"column":null}},"13":{"start":{"line":34,"column":26},"end":{"line":34,"column":null}},"14":{"start":{"line":35,"column":25},"end":{"line":35,"column":null}},"15":{"start":{"line":36,"column":4},"end":{"line":48,"column":null}},"16":{"start":{"line":37,"column":8},"end":{"line":45,"column":null}},"17":{"start":{"line":46,"column":8},"end":{"line":46,"column":null}},"18":{"start":{"line":47,"column":8},"end":{"line":47,"column":null}},"19":{"start":{"line":50,"column":4},"end":{"line":66,"column":5}},"20":{"start":{"line":53,"column":8},"end":{"line":65,"column":null}},"21":{"start":{"line":54,"column":12},"end":{"line":62,"column":null}},"22":{"start":{"line":63,"column":12},"end":{"line":63,"column":null}},"23":{"start":{"line":64,"column":12},"end":{"line":64,"column":null}},"24":{"start":{"line":67,"column":4},"end":{"line":67,"column":null}},"25":{"start":{"line":80,"column":4},"end":{"line":82,"column":5}},"26":{"start":{"line":81,"column":8},"end":{"line":81,"column":null}},"27":{"start":{"line":84,"column":4},"end":{"line":84,"column":null}},"28":{"start":{"line":96,"column":4},"end":{"line":96,"column":null}}},"fnMap":{"0":{"name":"(anonymous_1)","decl":{"start":{"line":11,"column":28},"end":{"line":11,"column":29}},"loc":{"start":{"line":11,"column":16},"end":{"line":11,"column":28}}},"1":{"name":"(anonymous_2)","decl":{"start":{"line":79,"column":37},"end":{"line":79,"column":38}},"loc":{"start":{"line":79,"column":16},"end":{"line":79,"column":37}}},"2":{"name":"(anonymous_3)","decl":{"start":{"line":95,"column":39},"end":{"line":95,"column":40}},"loc":{"start":{"line":95,"column":16},"end":{"line":95,"column":39}}},"3":{"name":"initDataList","decl":{"start":{"line":11,"column":16},"end":{"line":11,"column":28}},"loc":{"start":{"line":11,"column":140},"end":{"line":68,"column":null}}},"4":{"name":"getNextPageFirstIndex","decl":{"start":{"line":79,"column":16},"end":{"line":79,"column":37}},"loc":{"start":{"line":79,"column":140},"end":{"line":86,"column":null}}},"5":{"name":"checkActualIndexInRange","decl":{"start":{"line":95,"column":16},"end":{"line":95,"column":39}},"loc":{"start":{"line":95,"column":114},"end":{"line":97,"column":null}}}},"branchMap":{"0":{"loc":{"start":{"line":11,"column":29},"end":{"line":11,"column":56}},"type":"default-arg","locations":[{"start":{"line":11,"column":54},"end":{"line":11,"column":56}}]},"1":{"loc":{"start":{"line":11,"column":58},"end":{"line":11,"column":91}},"type":"default-arg","locations":[{"start":{"line":11,"column":90},"end":{"line":11,"column":91}}]},"2":{"loc":{"start":{"line":11,"column":93},"end":{"line":11,"column":111}},"type":"default-arg","locations":[{"start":{"line":11,"column":110},"end":{"line":11,"column":111}}]},"3":{"loc":{"start":{"line":11,"column":113},"end":{"line":11,"column":126}},"type":"default-arg","locations":[{"start":{"line":11,"column":121},"end":{"line":11,"column":126}}]},"4":{"loc":{"start":{"line":13,"column":20},"end":{"line":13,"column":null}},"type":"binary-expr","locations":[{"start":{"line":13,"column":20},"end":{"line":13,"column":30}},{"start":{"line":13,"column":30},"end":{"line":13,"column":null}}]},"5":{"loc":{"start":{"line":15,"column":32},"end":{"line":15,"column":86}},"type":"cond-expr","locations":[{"start":{"line":15,"column":59},"end":{"line":15,"column":62}},{"start":{"line":15,"column":62},"end":{"line":15,"column":86}}]},"6":{"loc":{"start":{"line":18,"column":4},"end":{"line":32,"column":5}},"type":"if","locations":[{"start":{"line":18,"column":4},"end":{"line":32,"column":5}}]},"7":{"loc":{"start":{"line":50,"column":4},"end":{"line":66,"column":5}},"type":"if","locations":[{"start":{"line":50,"column":4},"end":{"line":66,"column":5}}]},"8":{"loc":{"start":{"line":80,"column":4},"end":{"line":82,"column":5}},"type":"if","locations":[{"start":{"line":80,"column":4},"end":{"line":82,"column":5}}]},"9":{"loc":{"start":{"line":96,"column":11},"end":{"line":96,"column":71}},"type":"binary-expr","locations":[{"start":{"line":96,"column":11},"end":{"line":96,"column":39}},{"start":{"line":96,"column":43},"end":{"line":96,"column":71}}]}},"s":{"0":16,"1":11,"2":37,"3":16,"4":16,"5":16,"6":16,"7":16,"8":16,"9":3,"10":3,"11":3,"12":3,"13":16,"14":16,"15":16,"16":96,"17":96,"18":96,"19":16,"20":3,"21":3,"22":3,"23":3,"24":16,"25":11,"26":1,"27":10,"28":37},"f":{"0":16,"1":11,"2":37,"3":16,"4":11,"5":37},"b":{"0":[0],"1":[0],"2":[0],"3":[0],"4":[16,3],"5":[0,16],"6":[3],"7":[3],"8":[1],"9":[37,36]}}
,"/Users/imagine/project/packages/bear-react-carousel/src/manager/SyncCarousel/SyncCarousel.ts": {"path":"/Users/imagine/project/packages/bear-react-carousel/src/manager/SyncCarousel/SyncCarousel.ts","statementMap":{"0":{"start":{"line":49,"column":0},"end":{"line":49,"column":15}},"1":{"start":{"line":3,"column":24},"end":{"line":3,"column":null}},"2":{"start":{"line":4,"column":19},"end":{"line":4,"column":null}},"3":{"start":{"line":10,"column":8},"end":{"line":10,"column":null}},"4":{"start":{"line":14,"column":8},"end":{"line":14,"column":null}},"5":{"start":{"line":18,"column":8},"end":{"line":18,"column":null}},"6":{"start":{"line":22,"column":8},"end":{"line":22,"column":null}},"7":{"start":{"line":25,"column":22},"end":{"line":33,"column":6}},"8":{"start":{"line":26,"column":8},"end":{"line":26,"column":null}},"9":{"start":{"line":26,"column":92},"end":{"line":26,"column":null}},"10":{"start":{"line":28,"column":8},"end":{"line":32,"column":9}},"11":{"start":{"line":30,"column":26},"end":{"line":30,"column":null}},"12":{"start":{"line":31,"column":12},"end":{"line":31,"column":null}},"13":{"start":{"line":35,"column":22},"end":{"line":39,"column":6}},"14":{"start":{"line":36,"column":8},"end":{"line":36,"column":null}},"15":{"start":{"line":36,"column":92},"end":{"line":36,"column":null}},"16":{"start":{"line":38,"column":8},"end":{"line":38,"column":null}},"17":{"start":{"line":41,"column":25},"end":{"line":45,"column":6}},"18":{"start":{"line":42,"column":8},"end":{"line":42,"column":null}},"19":{"start":{"line":42,"column":95},"end":{"line":42,"column":null}},"20":{"start":{"line":44,"column":8},"end":{"line":44,"column":null}},"21":{"start":{"line":49,"column":15},"end":{"line":49,"column":null}}},"fnMap":{"0":{"name":"(anonymous_0)","decl":{"start":{"line":49,"column":0},"end":{"line":49,"column":15}},"loc":{"start":{"line":49,"column":0},"end":{"line":49,"column":15}}},"1":{"name":"(anonymous_2)","decl":{"start":{"line":9,"column":4},"end":{"line":9,"column":16}},"loc":{"start":{"line":9,"column":54},"end":{"line":11,"column":null}}},"2":{"name":"(anonymous_3)","decl":{"start":{"line":13,"column":4},"end":{"line":13,"column":8}},"loc":{"start":{"line":13,"column":20},"end":{"line":15,"column":null}}},"3":{"name":"(anonymous_4)","decl":{"start":{"line":17,"column":4},"end":{"line":17,"column":8}},"loc":{"start":{"line":17,"column":23},"end":{"line":19,"column":null}}},"4":{"name":"(anonymous_5)","decl":{"start":{"line":21,"column":4},"end":{"line":21,"column":8}},"loc":{"start":{"line":21,"column":21},"end":{"line":23,"column":null}}},"5":{"name":"(anonymous_6)","decl":{"start":{"line":25,"column":22},"end":{"line":25,"column":23}},"loc":{"start":{"line":25,"column":46},"end":{"line":33,"column":6}}},"6":{"name":"(anonymous_7)","decl":{"start":{"line":35,"column":22},"end":{"line":35,"column":23}},"loc":{"start":{"line":35,"column":47},"end":{"line":39,"column":6}}},"7":{"name":"(anonymous_8)","decl":{"start":{"line":41,"column":25},"end":{"line":41,"column":26}},"loc":{"start":{"line":41,"column":72},"end":{"line":45,"column":6}}}},"branchMap":{"0":{"loc":{"start":{"line":26,"column":8},"end":{"line":26,"column":null}},"type":"if","locations":[{"start":{"line":26,"column":8},"end":{"line":26,"column":null}}]},"1":{"loc":{"start":{"line":26,"column":11},"end":{"line":26,"column":90}},"type":"binary-expr","locations":[{"start":{"line":26,"column":11},"end":{"line":26,"column":46}},{"start":{"line":26,"column":50},"end":{"line":26,"column":90}}]},"2":{"loc":{"start":{"line":28,"column":8},"end":{"line":32,"column":9}},"type":"if","locations":[{"start":{"line":28,"column":8},"end":{"line":32,"column":9}}]},"3":{"loc":{"start":{"line":36,"column":8},"end":{"line":36,"column":null}},"type":"if","locations":[{"start":{"line":36,"column":8},"end":{"line":36,"column":null}}]},"4":{"loc":{"start":{"line":36,"column":11},"end":{"line":36,"column":90}},"type":"binary-expr","locations":[{"start":{"line":36,"column":11},"end":{"line":36,"column":46}},{"start":{"line":36,"column":50},"end":{"line":36,"column":90}}]},"5":{"loc":{"start":{"line":41,"column":46},"end":{"line":41,"column":67}},"type":"default-arg","locations":[{"start":{"line":41,"column":63},"end":{"line":41,"column":67}}]},"6":{"loc":{"start":{"line":42,"column":8},"end":{"line":42,"column":null}},"type":"if","locations":[{"start":{"line":42,"column":8},"end":{"line":42,"column":null}}]},"7":{"loc":{"start":{"line":42,"column":11},"end":{"line":42,"column":93}},"type":"binary-expr","locations":[{"start":{"line":42,"column":11},"end":{"line":42,"column":46}},{"start":{"line":42,"column":50},"end":{"line":42,"column":93}}]}},"s":{"0":16,"1":4,"2":4,"3":16,"4":2,"5":21,"6":19,"7":16,"8":2,"9":0,"10":2,"11":0,"12":0,"13":16,"14":0,"15":0,"16":0,"17":16,"18":19,"19":0,"20":19,"21":4},"f":{"0":16,"1":16,"2":2,"3":21,"4":19,"5":2,"6":0,"7":19},"b":{"0":[0],"1":[2,0],"2":[0],"3":[0],"4":[0,0],"5":[3],"6":[0],"7":[19,0]}}
,"/Users/imagine/project/packages/bear-react-carousel/src/manager/SyncCarousel/index.ts": {"path":"/Users/imagine/project/packages/bear-react-carousel/src/manager/SyncCarousel/index.ts","statementMap":{"0":{"start":{"line":1,"column":8},"end":{"line":1,"column":15}},"1":{"start":{"line":1,"column":22},"end":{"line":1,"column":null}}},"fnMap":{"0":{"name":"(anonymous_0)","decl":{"start":{"line":1,"column":8},"end":{"line":1,"column":15}},"loc":{"start":{"line":1,"column":8},"end":{"line":1,"column":15}}}},"branchMap":{},"s":{"0":16,"1":4},"f":{"0":16},"b":{}}
,"/Users/imagine/project/packages/bear-react-carousel/src/manager/WindowSizer/WindowSizer.ts": {"path":"/Users/imagine/project/packages/bear-react-carousel/src/manager/WindowSizer/WindowSizer.ts","statementMap":{"0":{"start":{"line":76,"column":0},"end":{"line":76,"column":15}},"1":{"start":{"line":1,"column":29},"end":{"line":1,"column":null}},"2":{"start":{"line":4,"column":20},"end":{"line":4,"column":null}},"3":{"start":{"line":5,"column":41},"end":{"line":5,"column":null}},"4":{"start":{"line":6,"column":44},"end":{"line":6,"column":null}},"5":{"start":{"line":7,"column":24},"end":{"line":7,"column":null}},"6":{"start":{"line":8,"column":19},"end":{"line":8,"column":null}},"7":{"start":{"line":12,"column":45},"end":{"line":15,"column":null}},"8":{"start":{"line":22,"column":28},"end":{"line":22,"column":53}},"9":{"start":{"line":26,"column":8},"end":{"line":26,"column":null}},"10":{"start":{"line":29,"column":8},"end":{"line":29,"column":null}},"11":{"start":{"line":37,"column":8},"end":{"line":37,"column":null}},"12":{"start":{"line":38,"column":8},"end":{"line":38,"column":null}},"13":{"start":{"line":39,"column":8},"end":{"line":39,"column":null}},"14":{"start":{"line":40,"column":8},"end":{"line":40,"column":null}},"15":{"start":{"line":41,"column":8},"end":{"line":41,"column":null}},"16":{"start":{"line":44,"column":28},"end":{"line":52,"column":6}},"17":{"start":{"line":45,"column":8},"end":{"line":51,"column":9}},"18":{"start":{"line":46,"column":12},"end":{"line":46,"column":null}},"19":{"start":{"line":47,"column":15},"end":{"line":51,"column":9}},"20":{"start":{"line":48,"column":12},"end":{"line":48,"column":null}},"21":{"start":{"line":50,"column":12},"end":{"line":50,"column":60}},"22":{"start":{"line":54,"column":23},"end":{"line":56,"column":6}},"23":{"start":{"line":55,"column":8},"end":{"line":55,"column":null}},"24":{"start":{"line":58,"column":26},"end":{"line":63,"column":6}},"25":{"start":{"line":59,"column":8},"end":{"line":59,"column":null}},"26":{"start":{"line":59,"column":81},"end":{"line":59,"column":null}},"27":{"start":{"line":61,"column":8},"end":{"line":61,"column":null}},"28":{"start":{"line":62,"column":8},"end":{"line":62,"column":null}},"29":{"start":{"line":65,"column":15},"end":{"line":68,"column":6}},"30":{"start":{"line":66,"column":8},"end":{"line":66,"column":null}},"31":{"start":{"line":67,"column":8},"end":{"line":67,"column":null}},"32":{"start":{"line":70,"column":16},"end":{"line":73,"column":6}},"33":{"start":{"line":71,"column":8},"end":{"line":71,"column":null}},"34":{"start":{"line":72,"column":8},"end":{"line":72,"column":null}},"35":{"start":{"line":76,"column":15},"end":{"line":76,"column":null}}},"fnMap":{"0":{"name":"(anonymous_0)","decl":{"start":{"line":76,"column":0},"end":{"line":76,"column":15}},"loc":{"start":{"line":76,"column":0},"end":{"line":76,"column":15}}},"1":{"name":"(anonymous_2)","decl":{"start":{"line":25,"column":4},"end":{"line":25,"column":8}},"loc":{"start":{"line":25,"column":15},"end":{"line":27,"column":null}}},"2":{"name":"(anonymous_3)","decl":{"start":{"line":28,"column":4},"end":{"line":28,"column":8}},"loc":{"start":{"line":28,"column":16},"end":{"line":30,"column":null}}},"3":{"name":"(anonymous_4)","decl":{"start":{"line":32,"column":4},"end":{"line":32,"column":16}},"loc":{"start":{"line":36,"column":7},"end":{"line":42,"column":null}}},"4":{"name":"(anonymous_5)","decl":{"start":{"line":44,"column":28},"end":{"line":44,"column":43}},"loc":{"start":{"line":44,"column":43},"end":{"line":52,"column":6}}},"5":{"name":"(anonymous_6)","decl":{"start":{"line":54,"column":23},"end":{"line":54,"column":29}},"loc":{"start":{"line":54,"column":29},"end":{"line":56,"column":6}}},"6":{"name":"(anonymous_7)","decl":{"start":{"line":58,"column":26},"end":{"line":58,"column":32}},"loc":{"start":{"line":58,"column":32},"end":{"line":63,"column":6}}},"7":{"name":"(anonymous_8)","decl":{"start":{"line":65,"column":15},"end":{"line":65,"column":16}},"loc":{"start":{"line":65,"column":50},"end":{"line":68,"column":6}}},"8":{"name":"(anonymous_9)","decl":{"start":{"line":70,"column":16},"end":{"line":70,"column":17}},"loc":{"start":{"line":70,"column":51},"end":{"line":73,"column":6}}}},"branchMap":{"0":{"loc":{"start":{"line":45,"column":8},"end":{"line":51,"column":9}},"type":"if","locations":[{"start":{"line":45,"column":8},"end":{"line":51,"column":9}},{"start":{"line":47,"column":15},"end":{"line":51,"column":9}}]},"1":{"loc":{"start":{"line":47,"column":15},"end":{"line":51,"column":9}},"type":"if","locations":[{"start":{"line":47,"column":15},"end":{"line":51,"column":9}},{"start":{"line":49,"column":15},"end":{"line":51,"column":9}}]},"2":{"loc":{"start":{"line":59,"column":8},"end":{"line":59,"column":null}},"type":"if","locations":[{"start":{"line":59,"column":8},"end":{"line":59,"column":null}}]},"3":{"loc":{"start":{"line":59,"column":11},"end":{"line":59,"column":79}},"type":"binary-expr","locations":[{"start":{"line":59,"column":11},"end":{"line":59,"column":45}},{"start":{"line":59,"column":49},"end":{"line":59,"column":79}}]}},"s":{"0":19,"1":5,"2":5,"3":5,"4":5,"5":5,"6":5,"7":5,"8":19,"9":17,"10":1,"11":19,"12":19,"13":19,"14":19,"15":19,"16":19,"17":19,"18":19,"19":0,"20":0,"21":0,"22":19,"23":20,"24":19,"25":1,"26":0,"27":1,"28":1,"29":19,"30":17,"31":17,"32":19,"33":16,"34":16,"35":5},"f":{"0":19,"1":17,"2":1,"3":19,"4":19,"5":20,"6":1,"7":17,"8":16},"b":{"0":[19,0],"1":[0,0],"2":[0],"3":[1,0]}}
,"/Users/imagine/project/packages/bear-react-carousel/src/manager/WindowSizer/index.ts": {"path":"/Users/imagine/project/packages/bear-react-carousel/src/manager/WindowSizer/index.ts","statementMap":{"0":{"start":{"line":1,"column":8},"end":{"line":1,"column":15}},"1":{"start":{"line":1,"column":22},"end":{"line":1,"column":null}}},"fnMap":{"0":{"name":"(anonymous_0)","decl":{"start":{"line":1,"column":8},"end":{"line":1,"column":15}},"loc":{"start":{"line":1,"column":8},"end":{"line":1,"column":15}}}},"branchMap":{},"s":{"0":16,"1":4},"f":{"0":16},"b":{}}
,"/Users/imagine/project/packages/bear-react-carousel/src/manager/WindowSizer/utils.ts": {"path":"/Users/imagine/project/packages/bear-react-carousel/src/manager/WindowSizer/utils.ts","statementMap":{"0":{"start":{"line":7,"column":16},"end":{"line":7,"column":31}},"1":{"start":{"line":8,"column":24},"end":{"line":10,"column":null}},"2":{"start":{"line":9,"column":24},"end":{"line":9,"column":null}},"3":{"start":{"line":10,"column":24},"end":{"line":10,"column":null}},"4":{"start":{"line":12,"column":4},"end":{"line":12,"column":null}},"5":{"start":{"line":12,"column":32},"end":{"line":12,"column":null}},"6":{"start":{"line":13,"column":4},"end":{"line":13,"column":null}}},"fnMap":{"0":{"name":"(anonymous_0)","decl":{"start":{"line":7,"column":16},"end":{"line":7,"column":31}},"loc":{"start":{"line":7,"column":16},"end":{"line":7,"column":31}}},"1":{"name":"(anonymous_2)","decl":{"start":{"line":9,"column":16},"end":{"line":9,"column":24}},"loc":{"start":{"line":9,"column":24},"end":{"line":9,"column":null}}},"2":{"name":"(anonymous_3)","decl":{"start":{"line":10,"column":14},"end":{"line":10,"column":15}},"loc":{"start":{"line":10,"column":24},"end":{"line":10,"column":null}}}},"branchMap":{"0":{"loc":{"start":{"line":12,"column":4},"end":{"line":12,"column":null}},"type":"if","locations":[{"start":{"line":12,"column":4},"end":{"line":12,"column":null}}]}},"s":{"0":20,"1":20,"2":4,"3":0,"4":20,"5":4,"6":16},"f":{"0":40,"1":4,"2":0},"b":{"0":[4]}}
}
