TN:
SF:__tests__/utils.ts
FN:1,(anonymous_1)
FN:8,(anonymous_2)
FN:14,(anonymous_3)
FN:1,setSlideItemsSizes
FN:2,(anonymous_5)
FN:8,setContainerSize
FN:14,getActiveElement
FN:15,(anonymous_8)
FNF:8
FNH:8
FNDA:16,(anonymous_1)
FNDA:16,(anonymous_2)
FNDA:27,(anonymous_3)
FNDA:16,setSlideItemsSizes
FNDA:102,(anonymous_5)
FNDA:16,setContainerSize
FNDA:27,getActiveElement
FNDA:79,(anonymous_8)
DA:1,16
DA:2,16
DA:3,102
DA:4,102
DA:8,16
DA:9,16
DA:10,16
DA:14,27
DA:15,79
LF:9
LH:9
BRF:0
BRH:0
end_of_record
TN:
SF:src/BearCarousel.tsx
FN:396,(anonymous_0)
FN:67,(anonymous_5)
FN:105,(anonymous_6)
FN:135,(anonymous_7)
FN:155,(anonymous_8)
FN:166,(anonymous_9)
FN:186,(anonymous_10)
FN:198,(anonymous_11)
FN:211,(anonymous_12)
FN:223,(anonymous_13)
FN:234,(anonymous_14)
FN:242,(anonymous_15)
FN:251,(anonymous_16)
FN:259,(anonymous_17)
FN:266,(anonymous_18)
FN:273,(anonymous_19)
FN:284,(anonymous_20)
FN:306,(anonymous_21)
FN:309,(anonymous_22)
FN:315,(anonymous_23)
FN:333,(anonymous_24)
FN:345,(anonymous_25)
FN:348,(anonymous_26)
FN:349,(anonymous_27)
FN:365,(anonymous_28)
FNF:25
FNH:22
FNDA:16,(anonymous_0)
FNDA:16,(anonymous_5)
FNDA:16,(anonymous_6)
FNDA:16,(anonymous_7)
FNDA:0,(anonymous_8)
FNDA:0,(anonymous_9)
FNDA:16,(anonymous_10)
FNDA:16,(anonymous_11)
FNDA:5,(anonymous_12)
FNDA:19,(anonymous_13)
FNDA:19,(anonymous_14)
FNDA:3,(anonymous_15)
FNDA:3,(anonymous_16)
FNDA:2,(anonymous_17)
FNDA:34,(anonymous_18)
FNDA:0,(anonymous_19)
FNDA:16,(anonymous_20)
FNDA:16,(anonymous_21)
FNDA:102,(anonymous_22)
FNDA:204,(anonymous_23)
FNDA:14,(anonymous_24)
FNDA:84,(anonymous_25)
FNDA:168,(anonymous_26)
FNDA:2,(anonymous_27)
FNDA:16,(anonymous_28)
DA:1,4
DA:2,4
DA:3,4
DA:5,4
DA:6,4
DA:8,4
DA:9,4
DA:10,4
DA:11,4
DA:12,4
DA:13,4
DA:14,4
DA:15,4
DA:16,4
DA:18,4
DA:19,4
DA:20,4
DA:21,4
DA:22,4
DA:35,4
DA:54,16
DA:55,16
DA:68,16
DA:71,16
DA:72,16
DA:73,16
DA:78,16
DA:79,16
DA:84,16
DA:90,16
DA:96,16
DA:100,16
DA:101,16
DA:106,16
DA:108,16
DA:111,16
DA:113,16
DA:114,16
DA:117,16
DA:118,16
DA:120,16
DA:121,16
DA:122,16
DA:124,16
DA:125,16
DA:127,16
DA:130,16
DA:131,16
DA:132,16
DA:136,16
DA:137,16
DA:138,16
DA:139,16
DA:140,16
DA:141,16
DA:143,16
DA:144,16
DA:146,16
DA:147,16
DA:156,0
DA:158,0
DA:160,0
DA:164,0
DA:165,0
DA:166,0
DA:167,0
DA:170,0
DA:173,0
DA:174,0
DA:175,0
DA:178,0
DA:179,0
DA:180,0
DA:183,0
DA:186,16
DA:187,16
DA:188,16
DA:189,16
DA:190,16
DA:198,16
DA:199,16
DA:200,0
DA:211,16
DA:212,5
DA:223,16
DA:224,19
DA:234,16
DA:235,19
DA:236,19
DA:242,16
DA:243,3
DA:244,3
DA:251,16
DA:252,3
DA:259,16
DA:260,2
DA:266,16
DA:267,34
DA:268,0
DA:269,0
DA:273,16
DA:274,0
DA:275,0
DA:277,0
DA:284,16
DA:285,16
DA:287,16
DA:306,16
DA:307,16
DA:308,16
DA:309,16
DA:310,102
DA:311,102
DA:313,102
DA:315,204
DA:333,16
DA:334,14
DA:335,14
DA:336,14
DA:339,14
DA:340,14
DA:341,0
DA:344,14
DA:346,84
DA:348,168
DA:349,2
DA:366,16
DA:396,16
LF:128
LH:106
BRDA:106,0,0,0
BRDA:106,1,0,16
BRDA:106,1,1,0
BRDA:108,2,0,16
BRDA:111,3,0,16
BRDA:113,4,0,16
BRDA:114,5,0,16
BRDA:114,5,1,0
BRDA:136,6,0,0
BRDA:136,7,0,16
BRDA:136,7,1,0
BRDA:156,8,0,0
BRDA:156,9,0,0
BRDA:156,9,1,0
BRDA:160,10,0,0
BRDA:160,11,0,0
BRDA:160,11,1,0
BRDA:160,11,2,0
BRDA:173,12,0,0
BRDA:173,13,0,0
BRDA:173,13,1,0
BRDA:178,14,0,0
BRDA:187,15,0,16
BRDA:189,16,0,16
BRDA:199,17,0,0
BRDA:267,18,0,0
BRDA:274,19,0,0
BRDA:274,19,1,0
BRDA:287,20,0,0
BRDA:311,21,0,6
BRDA:311,21,1,96
BRDA:340,22,0,0
BRDA:352,23,0,84
BRDA:352,23,1,0
BRDA:379,24,0,16
BRDA:379,24,1,16
BRDA:387,25,0,16
BRDA:387,25,1,14
BRDA:389,26,0,16
BRF:39
BRH:16
end_of_record
TN:
SF:src/BearSlideCard.tsx
FN:54,(anonymous_0)
FN:19,(anonymous_2)
FNF:2
FNH:2
FNDA:30,(anonymous_0)
FNDA:102,(anonymous_2)
DA:1,4
DA:3,4
DA:4,4
DA:5,4
DA:19,4
DA:30,102
DA:31,102
DA:54,30
LF:8
LH:8
BRDA:24,0,0,102
BRDA:25,1,0,102
BRDA:28,2,0,102
BRDA:36,3,0,0
BRDA:36,3,1,102
BRDA:37,4,0,0
BRDA:37,4,1,102
BRDA:38,5,0,0
BRDA:38,5,1,102
BRDA:41,6,0,0
BRDA:41,6,1,102
BRDA:41,7,0,102
BRDA:41,7,1,0
BRDA:45,8,0,0
BRDA:45,8,1,102
BRDA:45,9,0,102
BRDA:45,9,1,0
BRF:17
BRH:10
end_of_record
TN:
SF:src/Icon.tsx
FN:3,(anonymous_1)
FN:12,(anonymous_2)
FN:3,(anonymous_4)
FN:12,(anonymous_5)
FNF:4
FNH:2
FNDA:0,(anonymous_1)
FNDA:33,(anonymous_2)
FNDA:0,(anonymous_4)
FNDA:33,(anonymous_5)
DA:1,6
DA:3,6
DA:12,33
LF:3
LH:3
BRF:0
BRH:0
end_of_record
TN:
SF:src/config.ts
FN:3,(anonymous_0)
FNF:1
FNH:0
FNDA:0,(anonymous_0)
DA:3,5
LF:1
LH:1
BRF:0
BRH:0
end_of_record
TN:
SF:src/deepCompare.ts
FN:222,(anonymous_0)
FN:4,keys
FN:13,(anonymous_2)
FN:20,hasKey
FN:24,hasDefinedKey
FN:29,isDomNode
FN:40,isA
FN:44,isAsymmetric
FN:48,asymmetricMatch
FN:78,(anonymous_9)
FN:210,deepCompare
FNF:11
FNH:0
FNDA:0,(anonymous_0)
FNDA:0,keys
FNDA:0,(anonymous_2)
FNDA:0,hasKey
FNDA:0,hasDefinedKey
FNDA:0,isDomNode
FNDA:0,isA
FNDA:0,isAsymmetric
FNDA:0,asymmetricMatch
FNDA:0,(anonymous_9)
FNDA:0,deepCompare
DA:5,0
DA:6,0
DA:7,0
DA:8,0
DA:11,0
DA:14,0
DA:21,0
DA:25,0
DA:30,0
DA:41,0
DA:45,0
DA:49,0
DA:50,0
DA:52,0
DA:53,0
DA:56,0
DA:57,0
DA:60,0
DA:61,0
DA:78,11
DA:87,0
DA:89,0
DA:91,0
DA:92,0
DA:93,0
DA:96,0
DA:97,0
DA:98,0
DA:99,0
DA:103,0
DA:104,0
DA:107,0
DA:108,0
DA:111,0
DA:112,0
DA:114,0
DA:115,0
DA:116,0
DA:118,0
DA:122,0
DA:124,0
DA:125,0
DA:127,0
DA:130,0
DA:136,0
DA:139,0
DA:141,0
DA:142,0
DA:146,0
DA:147,0
DA:151,0
DA:152,0
DA:157,0
DA:158,0
DA:159,0
DA:160,0
DA:164,0
DA:165,0
DA:168,0
DA:169,0
DA:173,0
DA:175,0
DA:178,0
DA:179,0
DA:182,0
DA:183,0
DA:186,0
DA:190,0
DA:191,0
DA:195,0
DA:196,0
DA:198,0
DA:218,0
DA:219,0
DA:222,11
LF:75
LH:2
BRDA:7,0,0,0
BRDA:25,1,0,0
BRDA:25,1,1,0
BRDA:31,2,0,0
BRDA:31,2,1,0
BRDA:31,2,2,0
BRDA:31,2,3,0
BRDA:31,2,4,0
BRDA:45,3,0,0
BRDA:45,3,1,0
BRDA:52,4,0,0
BRDA:52,5,0,0
BRDA:52,5,1,0
BRDA:56,6,0,0
BRDA:60,7,0,0
BRDA:87,8,0,0
BRDA:87,8,1,0
BRDA:92,9,0,0
BRDA:98,10,0,0
BRDA:103,11,0,0
BRDA:103,12,0,0
BRDA:103,12,1,0
BRDA:107,13,0,0
BRDA:111,14,0,0
BRDA:111,15,0,0
BRDA:111,15,1,0
BRDA:115,16,0,0
BRDA:118,17,0,0
BRDA:118,17,1,0
BRDA:118,17,2,0
BRDA:118,17,3,0
BRDA:118,17,4,0
BRDA:122,18,0,0
BRDA:122,18,1,0
BRDA:125,19,0,0
BRDA:125,19,1,0
BRDA:125,20,0,0
BRDA:125,20,1,0
BRDA:139,21,0,0
BRDA:139,21,1,0
BRDA:141,22,0,0
BRDA:141,23,0,0
BRDA:141,23,1,0
BRDA:146,24,0,0
BRDA:146,25,0,0
BRDA:146,25,1,0
BRDA:157,26,0,0
BRDA:157,26,1,0
BRDA:159,27,0,0
BRDA:168,28,0,0
BRDA:168,29,0,0
BRDA:168,29,1,0
BRDA:178,30,0,0
BRDA:187,31,0,0
BRDA:187,31,1,0
BRDA:190,32,0,0
BRDA:218,33,0,0
BRDA:218,33,1,0
BRDA:219,34,0,0
BRDA:219,34,1,0
BRF:60
BRH:0
end_of_record
TN:
SF:src/el-class-name.ts
FN:4,(anonymous_0)
FNF:1
FNH:1
FNDA:499,(anonymous_0)
DA:4,499
LF:1
LH:1
BRF:0
BRH:0
end_of_record
TN:
SF:src/logger.ts
FN:108,(anonymous_0)
FN:16,messageConsole
FN:26,primary
FN:39,success
FN:52,info
FN:65,warning
FN:78,danger
FN:87,printInText
FNF:8
FNH:0
FNDA:0,(anonymous_0)
FNDA:0,messageConsole
FNDA:0,primary
FNDA:0,success
FNDA:0,info
FNDA:0,warning
FNDA:0,danger
FNDA:0,printInText
DA:1,5
DA:3,5
DA:18,0
DA:27,0
DA:31,0
DA:40,0
DA:44,0
DA:53,0
DA:57,0
DA:66,0
DA:70,0
DA:79,0
DA:83,0
DA:88,0
DA:89,0
DA:90,0
DA:91,0
DA:92,0
DA:93,0
DA:94,0
DA:99,5
DA:108,5
LF:22
LH:4
BRDA:87,0,0,0
BRDA:89,1,0,0
BRDA:89,1,1,0
BRDA:93,2,0,0
BRF:4
BRH:0
end_of_record
TN:
SF:src/types.ts
FN:9,(anonymous_1)
FNF:1
FNH:1
FNDA:5,(anonymous_1)
DA:9,5
LF:1
LH:1
BRDA:9,0,0,5
BRDA:9,0,1,5
BRF:2
BRH:2
end_of_record
TN:
SF:src/utils.ts
FN:7,(anonymous_1)
FN:13,(anonymous_2)
FN:24,(anonymous_3)
FN:39,(anonymous_4)
FN:56,(anonymous_5)
FN:74,(anonymous_6)
FN:86,(anonymous_7)
FN:90,(anonymous_8)
FN:100,(anonymous_9)
FN:110,(anonymous_10)
FN:121,(anonymous_11)
FN:130,(anonymous_12)
FN:7,checkIsMobile
FN:13,checkIsDesktop
FN:24,anyToNumber
FN:39,getSizeByRange
FN:41,(anonymous_18)
FN:42,(anonymous_19)
FN:56,getMatrixValue
FN:74,decimal2Rounding
FN:86,getNextPage
FN:90,getLastIndex
FN:100,getLoopResetIndex
FN:110,isPropsDiff
FN:112,(anonymous_26)
FN:113,(anonymous_27)
FN:115,(anonymous_28)
FN:116,(anonymous_29)
FN:121,isDataKeyDff
FN:122,(anonymous_31)
FN:123,(anonymous_32)
FN:130,booleanToDataAttr
FNF:32
FNH:22
FNDA:21,(anonymous_1)
FNDA:18,(anonymous_2)
FNDA:38,(anonymous_3)
FNDA:22,(anonymous_4)
FNDA:5,(anonymous_5)
FNDA:4,(anonymous_6)
FNDA:1,(anonymous_7)
FNDA:1,(anonymous_8)
FNDA:1,(anonymous_9)
FNDA:0,(anonymous_10)
FNDA:0,(anonymous_11)
FNDA:485,(anonymous_12)
FNDA:21,checkIsMobile
FNDA:18,checkIsDesktop
FNDA:38,anyToNumber
FNDA:22,getSizeByRange
FNDA:15,(anonymous_18)
FNDA:1,(anonymous_19)
FNDA:5,getMatrixValue
FNDA:4,decimal2Rounding
FNDA:1,getNextPage
FNDA:1,getLastIndex
FNDA:1,getLoopResetIndex
FNDA:0,isPropsDiff
FNDA:0,(anonymous_26)
FNDA:0,(anonymous_27)
FNDA:0,(anonymous_28)
FNDA:0,(anonymous_29)
FNDA:0,isDataKeyDff
FNDA:0,(anonymous_31)
FNDA:0,(anonymous_32)
FNDA:485,booleanToDataAttr
DA:2,11
DA:7,21
DA:8,21
DA:13,18
DA:14,18
DA:24,38
DA:25,38
DA:26,38
DA:27,32
DA:30,6
DA:39,22
DA:40,22
DA:41,15
DA:42,1
DA:44,22
DA:45,17
DA:56,5
DA:57,5
DA:58,5
DA:59,2
DA:74,4
DA:75,4
DA:86,1
DA:87,1
DA:90,1
DA:91,1
DA:100,1
DA:101,1
DA:110,0
DA:111,0
DA:112,0
DA:113,0
DA:114,0
DA:115,0
DA:116,0
DA:118,0
DA:121,0
DA:122,0
DA:123,0
DA:125,0
DA:130,485
DA:131,485
DA:132,46
DA:134,439
LF:44
LH:32
BRDA:24,0,0,0
BRDA:26,1,0,32
BRDA:44,2,0,5
BRDA:58,3,0,3
BRDA:112,4,0,0
BRDA:112,4,1,0
BRDA:115,5,0,0
BRDA:115,5,1,0
BRDA:130,6,0,382
BRDA:131,7,0,46
BRF:10
BRH:5
end_of_record
TN:
SF:src/components/CarouselRoot/CarouselRoot.tsx
FN:55,(anonymous_0)
FN:25,(anonymous_2)
FNF:2
FNH:2
FNDA:16,(anonymous_0)
FNDA:16,(anonymous_2)
DA:1,4
DA:2,4
DA:3,4
DA:25,4
DA:55,16
LF:5
LH:5
BRDA:31,0,0,0
BRDA:33,1,0,0
BRF:2
BRH:0
end_of_record
TN:
SF:src/components/CarouselRoot/index.ts
FN:1,(anonymous_0)
FNF:1
FNH:1
FNDA:16,(anonymous_0)
DA:1,16
LF:1
LH:1
BRF:0
BRH:0
end_of_record
TN:
SF:src/components/NavButton/NavButton.tsx
FN:36,(anonymous_1)
FN:42,(anonymous_2)
FN:50,(anonymous_3)
FN:13,(anonymous_8)
FN:36,(anonymous_9)
FN:42,(anonymous_10)
FNF:6
FNH:5
FNDA:17,(anonymous_1)
FNDA:16,(anonymous_2)
FNDA:0,(anonymous_3)
FNDA:33,(anonymous_8)
FNDA:17,(anonymous_9)
FNDA:16,(anonymous_10)
DA:2,5
DA:3,5
DA:4,5
DA:13,5
DA:36,17
DA:42,16
DA:50,5
LF:7
LH:7
BRF:0
BRH:0
end_of_record
TN:
SF:src/components/NavButton/index.ts
FNF:0
FNH:0
DA:1,4
LF:1
LH:1
BRF:0
BRH:0
end_of_record
TN:
SF:src/components/Page/Page.tsx
FN:42,(anonymous_0)
FN:13,(anonymous_2)
FN:20,(anonymous_3)
FNF:3
FNH:3
FNDA:85,(anonymous_0)
FNDA:85,(anonymous_2)
FNDA:3,(anonymous_3)
DA:1,5
DA:2,5
DA:3,5
DA:13,5
DA:20,85
DA:21,3
DA:42,85
LF:7
LH:7
BRDA:14,0,0,0
BRDA:33,1,0,85
BRF:2
BRH:1
end_of_record
TN:
SF:src/components/Page/index.ts
FN:1,(anonymous_0)
FNF:1
FNH:1
FNDA:84,(anonymous_0)
DA:1,84
LF:1
LH:1
BRF:0
BRH:0
end_of_record
TN:
SF:src/components/SlideItem/SlideItem.tsx
FN:61,(anonymous_0)
FN:19,(anonymous_2)
FNF:2
FNH:2
FNDA:103,(anonymous_0)
FNDA:103,(anonymous_2)
DA:1,5
DA:2,5
DA:3,5
DA:4,5
DA:19,5
DA:61,103
LF:6
LH:6
BRDA:26,0,0,0
BRDA:27,1,0,1
BRDA:28,2,0,1
BRDA:44,3,0,103
BRDA:47,4,0,0
BRF:5
BRH:3
end_of_record
TN:
SF:src/components/SlideItem/index.ts
FN:1,(anonymous_0)
FNF:1
FNH:1
FNDA:102,(anonymous_0)
DA:1,102
LF:1
LH:1
BRF:0
BRH:0
end_of_record
TN:
SF:src/components/WindowSize/WindowSize.tsx
FN:24,(anonymous_0)
FN:12,(anonymous_2)
FNF:2
FNH:2
FNDA:1,(anonymous_0)
FNDA:1,(anonymous_2)
DA:1,5
DA:12,5
DA:24,5
LF:3
LH:3
BRDA:13,0,0,0
BRF:1
BRH:0
end_of_record
TN:
SF:src/components/WindowSize/index.ts
FN:1,(anonymous_0)
FNF:1
FNH:0
FNDA:0,(anonymous_0)
DA:1,4
LF:1
LH:1
BRF:0
BRH:0
end_of_record
TN:
SF:src/hook/useDraggableClick.ts
FN:33,(anonymous_0)
FN:8,(anonymous_1)
FN:12,(anonymous_2)
FN:18,(anonymous_3)
FN:26,(anonymous_4)
FNF:5
FNH:2
FNDA:102,(anonymous_0)
FNDA:102,(anonymous_1)
FNDA:0,(anonymous_2)
FNDA:0,(anonymous_3)
FNDA:0,(anonymous_4)
DA:1,4
DA:8,4
DA:9,102
DA:10,102
DA:12,102
DA:13,0
DA:14,0
DA:15,0
DA:18,102
DA:19,0
DA:20,0
DA:21,0
DA:22,0
DA:26,102
DA:27,0
DA:30,102
DA:33,102
LF:17
LH:9
BRDA:8,0,0,0
BRDA:20,1,0,0
BRDA:20,2,0,0
BRDA:20,2,1,0
BRDA:20,2,2,0
BRF:5
BRH:0
end_of_record
TN:
SF:src/hook/useLazyLoadBg.ts
FN:42,(anonymous_0)
FN:8,(anonymous_1)
FN:13,(anonymous_2)
FN:20,(anonymous_3)
FN:29,(anonymous_4)
FNF:5
FNH:3
FNDA:102,(anonymous_0)
FNDA:102,(anonymous_1)
FNDA:102,(anonymous_2)
FNDA:0,(anonymous_3)
FNDA:0,(anonymous_4)
DA:1,4
DA:8,4
DA:9,102
DA:10,102
DA:11,102
DA:13,102
DA:14,102
DA:15,0
DA:16,0
DA:20,102
DA:21,0
DA:22,0
DA:23,0
DA:24,0
DA:26,0
DA:27,0
DA:28,0
DA:29,0
DA:31,0
DA:32,0
DA:34,0
DA:39,102
DA:42,102
LF:23
LH:10
BRDA:14,0,0,0
BRDA:14,1,0,102
BRDA:14,1,1,0
BRDA:22,2,0,0
BRDA:27,3,0,0
BRF:5
BRH:1
end_of_record
TN:
SF:src/interface/DragEvent.ts
FN:11,(anonymous_1)
FN:35,(anonymous_2)
FN:14,(anonymous_3)
FN:20,(anonymous_4)
FN:23,(anonymous_5)
FN:27,(anonymous_6)
FN:39,(anonymous_7)
FN:45,(anonymous_8)
FN:48,(anonymous_9)
FN:52,(anonymous_10)
FNF:10
FNH:6
FNDA:2,(anonymous_1)
FNDA:3,(anonymous_2)
FNDA:2,(anonymous_3)
FNDA:0,(anonymous_4)
FNDA:0,(anonymous_5)
FNDA:2,(anonymous_6)
FNDA:3,(anonymous_7)
FNDA:0,(anonymous_8)
FNDA:0,(anonymous_9)
FNDA:3,(anonymous_10)
DA:11,2
DA:17,2
DA:21,0
DA:24,0
DA:28,2
DA:35,3
DA:42,3
DA:46,0
DA:49,0
DA:53,3
LF:10
LH:6
BRDA:17,0,0,2
BRDA:17,0,1,0
BRDA:21,1,0,0
BRDA:21,1,1,0
BRDA:24,2,0,0
BRDA:24,2,1,0
BRF:6
BRH:1
end_of_record
TN:
SF:src/manager/AutoPlayer/AutoPlayer.ts
FN:66,(anonymous_0)
FN:15,(anonymous_2)
FN:19,(anonymous_3)
FN:25,(anonymous_4)
FN:37,(anonymous_5)
FN:45,(anonymous_6)
FN:51,(anonymous_7)
FN:57,(anonymous_8)
FNF:8
FNH:8
FNDA:16,(anonymous_0)
FNDA:35,(anonymous_2)
FNDA:16,(anonymous_3)
FNDA:16,(anonymous_4)
FNDA:16,(anonymous_5)
FNDA:35,(anonymous_6)
FNDA:5,(anonymous_7)
FNDA:38,(anonymous_8)
DA:2,4
DA:4,4
DA:5,4
DA:13,16
DA:16,35
DA:22,16
DA:25,16
DA:26,16
DA:27,16
DA:29,16
DA:30,16
DA:37,16
DA:38,16
DA:39,16
DA:41,16
DA:42,16
DA:45,16
DA:46,35
DA:47,35
DA:49,35
DA:51,8
DA:52,5
DA:57,16
DA:58,38
DA:60,38
DA:61,38
DA:66,16
LF:27
LH:27
BRDA:47,0,0,0
BRDA:47,1,0,35
BRDA:47,1,1,0
BRDA:49,2,0,8
BRDA:49,3,0,35
BRDA:49,3,1,35
BRDA:49,3,2,8
BRDA:58,4,0,0
BRDA:58,5,0,38
BRDA:58,5,1,0
BRF:10
BRH:6
end_of_record
TN:
SF:src/manager/AutoPlayer/index.ts
FN:1,(anonymous_0)
FNF:1
FNH:1
FNDA:16,(anonymous_0)
DA:1,16
LF:1
LH:1
BRF:0
BRH:0
end_of_record
TN:
SF:src/manager/Configurator/Configurator.ts
FN:65,(anonymous_0)
FN:13,(anonymous_2)
FN:17,(anonymous_3)
FN:21,(anonymous_4)
FN:26,(anonymous_5)
FN:52,(anonymous_6)
FN:53,(anonymous_7)
FN:59,(anonymous_8)
FNF:8
FNH:8
FNDA:19,(anonymous_0)
FNDA:19,(anonymous_2)
FNDA:48,(anonymous_3)
FNDA:382,(anonymous_4)
FNDA:16,(anonymous_5)
FNDA:48,(anonymous_6)
FNDA:48,(anonymous_7)
FNDA:19,(anonymous_8)
DA:1,5
DA:2,5
DA:5,5
DA:11,19
DA:14,19
DA:18,48
DA:22,382
DA:27,16
DA:51,16
DA:52,48
DA:54,48
DA:59,19
DA:60,19
DA:65,19
LF:14
LH:14
BRDA:38,0,0,0
BRDA:38,0,1,16
BRDA:44,1,0,0
BRDA:44,1,1,16
BRF:4
BRH:2
end_of_record
TN:
SF:src/manager/Configurator/index.ts
FN:1,(anonymous_0)
FNF:1
FNH:1
FNDA:19,(anonymous_0)
DA:1,19
DA:2,5
DA:3,5
LF:3
LH:3
BRF:0
BRH:0
end_of_record
TN:
SF:src/manager/Configurator/utils.ts
FN:5,(anonymous_1)
FN:33,(anonymous_2)
FN:48,(anonymous_3)
FN:70,(anonymous_4)
FN:5,getSetting
FN:33,getPaddingBySize
FN:48,getMediaSetting
FN:70,getHeight
FNF:8
FNH:8
FNDA:16,(anonymous_1)
FNDA:2,(anonymous_2)
FNDA:19,(anonymous_3)
FNDA:16,(anonymous_4)
FNDA:16,getSetting
FNDA:2,getPaddingBySize
FNDA:19,getMediaSetting
FNDA:16,getHeight
DA:3,6
DA:5,16
DA:6,16
DA:33,2
DA:34,2
DA:36,2
DA:37,1
DA:39,1
DA:48,19
DA:49,19
DA:50,19
DA:51,19
DA:52,3
DA:60,19
DA:61,19
DA:70,16
DA:71,16
DA:72,0
DA:74,16
DA:75,0
DA:77,16
LF:21
LH:19
BRDA:36,0,0,1
BRDA:51,1,0,3
BRDA:52,2,0,3
BRDA:52,2,1,3
BRDA:60,3,0,0
BRDA:60,3,1,19
BRDA:64,4,0,0
BRDA:64,4,1,19
BRDA:65,5,0,0
BRDA:65,5,1,19
BRDA:71,6,0,0
BRDA:74,7,0,0
BRF:12
BRH:7
end_of_record
TN:
SF:src/manager/Controller/Controller.ts
FN:117,(anonymous_0)
FN:18,(anonymous_2)
FN:28,(anonymous_3)
FN:33,(anonymous_4)
FN:38,(anonymous_5)
FN:42,(anonymous_6)
FN:51,(anonymous_7)
FN:62,(anonymous_8)
FN:87,(anonymous_9)
FN:100,(anonymous_10)
FN:102,(anonymous_11)
FN:108,(anonymous_12)
FN:110,(anonymous_13)
FNF:13
FNH:13
FNDA:16,(anonymous_0)
FNDA:16,(anonymous_2)
FNDA:16,(anonymous_3)
FNDA:16,(anonymous_4)
FNDA:16,(anonymous_5)
FNDA:16,(anonymous_6)
FNDA:3,(anonymous_7)
FNDA:35,(anonymous_8)
FNDA:18,(anonymous_9)
FNDA:10,(anonymous_10)
FNDA:10,(anonymous_11)
FNDA:3,(anonymous_12)
FNDA:3,(anonymous_13)
DA:2,4
DA:7,4
DA:8,4
DA:9,4
DA:16,16
DA:23,16
DA:24,16
DA:25,16
DA:28,16
DA:29,16
DA:33,16
DA:34,16
DA:38,16
DA:39,16
DA:42,16
DA:43,16
DA:51,16
DA:52,3
DA:53,3
DA:55,3
DA:56,1
DA:62,16
DA:63,35
DA:64,35
DA:66,35
DA:67,34
DA:68,34
DA:71,34
DA:72,34
DA:77,35
DA:88,18
DA:89,18
DA:91,18
DA:93,18
DA:94,18
DA:100,16
DA:101,10
DA:102,10
DA:108,16
DA:109,3
DA:110,3
DA:117,16
LF:42
LH:42
BRDA:52,0,0,0
BRDA:52,1,0,3
BRDA:52,1,1,0
BRDA:55,2,0,1
BRDA:63,3,0,35
BRDA:63,3,1,35
BRDA:64,4,0,35
BRDA:66,5,0,34
BRDA:68,6,0,34
BRDA:68,6,1,0
BRDA:73,7,0,34
BRDA:73,7,1,3
BRDA:77,8,0,35
BRDA:87,9,0,2
BRDA:91,10,0,0
BRDA:91,10,1,18
BRF:16
BRH:12
end_of_record
TN:
SF:src/manager/Controller/index.ts
FN:1,(anonymous_0)
FNF:1
FNH:1
FNDA:16,(anonymous_0)
DA:1,16
LF:1
LH:1
BRF:0
BRH:0
end_of_record
TN:
SF:src/manager/Controller/utils.ts
FN:11,(anonymous_1)
FN:23,(anonymous_2)
FN:67,(anonymous_3)
FN:11,getSlideIndex
FN:23,getPrevIndex
FN:67,getNextIndex
FNF:6
FNH:6
FNDA:21,(anonymous_1)
FNDA:3,(anonymous_2)
FNDA:10,(anonymous_3)
FNDA:21,getSlideIndex
FNDA:3,getPrevIndex
FNDA:10,getNextIndex
DA:11,21
DA:12,21
DA:23,3
DA:28,3
DA:29,3
DA:31,3
DA:33,0
DA:34,0
DA:38,0
DA:43,3
DA:45,0
DA:49,3
DA:51,3
DA:56,0
DA:67,10
DA:73,10
DA:74,10
DA:76,10
DA:77,10
DA:79,10
DA:81,0
DA:82,0
DA:86,0
DA:91,10
DA:94,0
DA:98,10
DA:101,10
DA:105,0
DA:106,0
DA:111,0
LF:30
LH:18
BRDA:31,0,0,0
BRDA:31,0,1,3
BRDA:33,1,0,0
BRDA:43,2,0,0
BRDA:43,2,1,3
BRDA:43,3,0,3
BRDA:43,3,1,0
BRDA:43,3,2,0
BRDA:49,4,0,3
BRDA:79,5,0,0
BRDA:79,5,1,10
BRDA:81,6,0,0
BRDA:91,7,0,0
BRDA:91,7,1,10
BRDA:91,8,0,10
BRDA:91,8,1,1
BRDA:91,8,2,1
BRDA:98,9,0,10
BRDA:98,9,1,0
BRDA:98,10,0,10
BRDA:98,10,1,10
BRDA:105,11,0,0
BRDA:105,12,0,0
BRDA:105,12,1,0
BRF:24
BRH:12
end_of_record
TN:
SF:src/manager/Dragger/Dragger.ts
FN:207,(anonymous_0)
FN:25,(anonymous_2)
FN:38,(anonymous_3)
FN:44,(anonymous_4)
FN:48,(anonymous_5)
FN:52,(anonymous_6)
FN:58,(anonymous_7)
FN:62,(anonymous_8)
FN:71,(anonymous_9)
FN:89,(anonymous_10)
FN:103,(anonymous_11)
FN:115,(anonymous_12)
FN:134,(anonymous_13)
FN:146,(anonymous_14)
FN:159,(anonymous_15)
FN:189,(anonymous_16)
FN:194,(anonymous_17)
FNF:17
FNH:17
FNDA:16,(anonymous_0)
FNDA:16,(anonymous_2)
FNDA:16,(anonymous_3)
FNDA:16,(anonymous_4)
FNDA:16,(anonymous_5)
FNDA:16,(anonymous_6)
FNDA:16,(anonymous_7)
FNDA:16,(anonymous_8)
FNDA:1,(anonymous_9)
FNDA:1,(anonymous_10)
FNDA:1,(anonymous_11)
FNDA:2,(anonymous_12)
FNDA:1,(anonymous_13)
FNDA:2,(anonymous_14)
FNDA:2,(anonymous_15)
FNDA:3,(anonymous_16)
FNDA:6,(anonymous_17)
DA:1,4
DA:6,4
DA:8,4
DA:9,4
DA:10,4
DA:11,4
DA:22,16
DA:30,16
DA:31,16
DA:32,16
DA:33,16
DA:34,16
DA:38,16
DA:39,16
DA:40,16
DA:41,16
DA:44,16
DA:45,16
DA:48,16
DA:49,16
DA:52,16
DA:53,16
DA:54,16
DA:55,16
DA:58,16
DA:59,16
DA:62,16
DA:63,16
DA:71,16
DA:72,1
DA:73,1
DA:75,1
DA:76,1
DA:77,1
DA:78,1
DA:79,1
DA:89,16
DA:90,1
DA:91,1
DA:93,1
DA:94,1
DA:103,16
DA:104,1
DA:106,1
DA:107,1
DA:108,1
DA:115,16
DA:116,2
DA:117,2
DA:119,2
DA:120,2
DA:121,2
DA:122,2
DA:123,2
DA:124,2
DA:134,16
DA:135,1
DA:136,1
DA:138,1
DA:139,1
DA:146,16
DA:147,2
DA:148,2
DA:150,2
DA:151,2
DA:152,2
DA:153,2
DA:160,2
DA:162,2
DA:164,2
DA:165,2
DA:167,2
DA:172,2
DA:173,2
DA:176,2
DA:178,2
DA:189,16
DA:190,3
DA:191,3
DA:193,3
DA:194,6
DA:195,3
DA:196,3
DA:197,3
DA:207,16
LF:85
LH:85
BRDA:72,0,0,0
BRDA:72,1,0,1
BRDA:72,1,1,0
BRDA:76,2,0,1
BRDA:91,3,0,0
BRDA:91,4,0,1
BRDA:91,4,1,0
BRDA:104,5,0,0
BRDA:104,6,0,1
BRDA:104,6,1,0
BRDA:116,7,0,0
BRDA:116,8,0,2
BRDA:116,8,1,0
BRDA:120,9,0,2
BRDA:136,10,0,0
BRDA:136,11,0,1
BRDA:136,11,1,0
BRDA:148,12,0,0
BRDA:148,13,0,2
BRDA:148,13,1,0
BRDA:160,14,0,0
BRDA:160,15,0,2
BRDA:160,15,1,0
BRDA:167,16,0,2
BRDA:167,17,0,2
BRDA:167,17,1,2
BRDA:167,17,2,2
BRDA:167,17,3,2
BRDA:190,18,0,0
BRDA:190,19,0,3
BRDA:190,19,1,0
BRDA:193,20,0,3
BRDA:195,21,0,3
BRF:33
BRH:17
end_of_record
TN:
SF:src/manager/Dragger/index.ts
FN:1,(anonymous_0)
FNF:1
FNH:1
FNDA:16,(anonymous_0)
DA:1,16
LF:1
LH:1
BRF:0
BRH:0
end_of_record
TN:
SF:src/manager/Dragger/utils.ts
FN:7,(anonymous_0)
FNF:1
FNH:1
FNDA:4,(anonymous_0)
DA:7,2
DA:8,2
LF:2
LH:2
BRF:0
BRH:0
end_of_record
TN:
SF:src/manager/Elementor/Elementor.ts
FN:216,(anonymous_0)
FN:22,(anonymous_1)
FN:33,(anonymous_2)
FN:36,(anonymous_3)
FN:39,(anonymous_4)
FN:42,(anonymous_5)
FN:45,(anonymous_6)
FN:48,(anonymous_7)
FN:52,(anonymous_8)
FN:56,(anonymous_9)
FN:63,(anonymous_10)
FN:68,(anonymous_11)
FN:79,(anonymous_12)
FN:87,(anonymous_13)
FN:100,(anonymous_14)
FN:114,(anonymous_15)
FN:128,(anonymous_16)
FN:134,(anonymous_17)
FN:137,(anonymous_18)
FN:142,(anonymous_19)
FN:155,(anonymous_20)
FN:157,(anonymous_21)
FN:161,(anonymous_22)
FN:169,(anonymous_23)
FN:174,(anonymous_24)
FN:204,(anonymous_25)
FN:209,(anonymous_26)
FNF:27
FNH:20
FNDA:16,(anonymous_0)
FNDA:16,(anonymous_1)
FNDA:117,(anonymous_2)
FNDA:281,(anonymous_3)
FNDA:345,(anonymous_4)
FNDA:28,(anonymous_5)
FNDA:0,(anonymous_6)
FNDA:0,(anonymous_7)
FNDA:0,(anonymous_8)
FNDA:0,(anonymous_9)
FNDA:16,(anonymous_10)
FNDA:16,(anonymous_11)
FNDA:36,(anonymous_12)
FNDA:2,(anonymous_13)
FNDA:0,(anonymous_14)
FNDA:34,(anonymous_15)
FNDA:5,(anonymous_16)
FNDA:204,(anonymous_17)
FNDA:168,(anonymous_18)
FNDA:36,(anonymous_19)
FNDA:36,(anonymous_20)
FNDA:230,(anonymous_21)
FNDA:230,(anonymous_22)
FNDA:75,(anonymous_23)
FNDA:168,(anonymous_24)
FNDA:0,(anonymous_25)
FNDA:0,(anonymous_26)
DA:1,4
DA:4,4
DA:5,4
DA:10,16
DA:11,16
DA:12,16
DA:13,16
DA:14,16
DA:15,16
DA:19,16
DA:26,16
DA:27,16
DA:29,16
DA:30,16
DA:34,117
DA:37,281
DA:40,345
DA:43,28
DA:46,0
DA:49,0
DA:53,0
DA:57,0
DA:63,16
DA:64,16
DA:65,16
DA:68,16
DA:69,16
DA:70,16
DA:79,16
DA:80,36
DA:87,16
DA:88,2
DA:89,2
DA:90,2
DA:91,2
DA:100,16
DA:101,0
DA:102,0
DA:103,0
DA:105,0
DA:114,16
DA:115,34
DA:116,34
DA:117,34
DA:120,0
DA:128,16
DA:129,5
DA:135,204
DA:138,168
DA:143,36
DA:144,36
DA:145,36
DA:150,36
DA:155,16
DA:156,36
DA:157,230
DA:160,36
DA:162,230
DA:163,36
DA:164,194
DA:165,20
DA:169,75
DA:170,36
DA:173,36
DA:174,28
DA:175,168
DA:176,28
DA:177,140
DA:178,10
DA:186,36
DA:187,29
DA:188,29
DA:189,29
DA:190,14
DA:192,29
DA:193,0
DA:199,36
DA:200,36
DA:204,16
DA:205,0
DA:206,0
DA:209,16
DA:210,0
DA:211,0
DA:216,16
LF:85
LH:71
BRDA:116,0,0,34
BRDA:142,1,0,2
BRDA:143,2,0,36
BRDA:145,3,0,17
BRDA:145,3,1,19
BRDA:162,4,0,36
BRDA:162,4,1,194
BRDA:164,5,0,20
BRDA:173,6,0,28
BRDA:173,7,0,36
BRDA:173,7,1,28
BRDA:175,8,0,28
BRDA:175,8,1,140
BRDA:177,9,0,10
BRDA:186,10,0,29
BRDA:186,11,0,36
BRDA:186,11,1,36
BRDA:189,12,0,14
BRDA:192,13,0,0
BRDA:200,14,0,36
BRDA:200,14,1,0
BRF:21
BRH:19
end_of_record
TN:
SF:src/manager/Elementor/index.ts
FN:1,(anonymous_0)
FNF:1
FNH:1
FNDA:16,(anonymous_0)
DA:1,16
DA:2,4
LF:2
LH:2
BRF:0
BRH:0
end_of_record
TN:
SF:src/manager/Elementor/utils.ts
FN:14,(anonymous_1)
FN:40,(anonymous_2)
FN:52,(anonymous_3)
FN:62,(anonymous_4)
FN:14,getStartPosition
FN:40,getMovePercentage
FN:52,getMoveDistance
FN:62,checkInRange
FNF:8
FNH:8
FNDA:38,(anonymous_1)
FNDA:2,(anonymous_2)
FNDA:35,(anonymous_3)
FNDA:230,(anonymous_4)
FNDA:38,getStartPosition
FNDA:2,getMovePercentage
FNDA:35,getMoveDistance
FNDA:230,checkInRange
DA:1,5
DA:14,38
DA:19,38
DA:20,2
DA:21,2
DA:22,2
DA:24,1
DA:27,2
DA:29,36
DA:40,2
DA:41,2
DA:42,2
DA:52,35
DA:53,35
DA:62,230
DA:63,230
LF:16
LH:16
BRDA:19,0,0,2
BRDA:21,1,0,2
BRDA:21,1,1,0
BRDA:22,2,0,1
BRDA:63,3,0,230
BRDA:63,3,1,84
BRDA:63,3,2,216
BRDA:63,3,3,0
BRDA:63,3,4,216
BRF:9
BRH:7
end_of_record
TN:
SF:src/manager/Eventor/Eventor.ts
FN:33,(anonymous_0)
FN:5,(anonymous_1)
FN:12,(anonymous_2)
FN:22,(anonymous_3)
FNF:4
FNH:4
FNDA:89,(anonymous_0)
FNDA:132,(anonymous_1)
FNDA:129,(anonymous_2)
FNDA:137,(anonymous_3)
DA:3,89
DA:6,132
DA:7,132
DA:9,132
DA:13,129
DA:14,129
DA:15,129
DA:16,129
DA:17,129
DA:23,137
DA:24,89
DA:25,88
DA:26,88
DA:33,89
LF:14
LH:14
BRDA:6,0,0,132
BRDA:13,1,0,129
BRDA:16,2,0,129
BRDA:23,3,0,89
BRDA:25,4,0,88
BRF:5
BRH:5
end_of_record
TN:
SF:src/manager/Eventor/index.ts
FN:1,(anonymous_0)
FNF:1
FNH:1
FNDA:86,(anonymous_0)
DA:1,86
LF:1
LH:1
BRF:0
BRH:0
end_of_record
TN:
SF:src/manager/Locator/Locator.ts
FN:32,(anonymous_0)
FN:18,(anonymous_1)
FN:22,(anonymous_2)
FN:27,(anonymous_3)
FNF:4
FNH:4
FNDA:16,(anonymous_0)
FNDA:2,(anonymous_1)
FNDA:3,(anonymous_2)
FNDA:2,(anonymous_3)
DA:2,4
DA:5,4
DA:16,16
DA:19,2
DA:22,16
DA:23,3
DA:24,3
DA:27,16
DA:28,2
DA:32,16
LF:10
LH:10
BRF:0
BRH:0
end_of_record
TN:
SF:src/manager/Locator/index.ts
FN:1,(anonymous_0)
FNF:1
FNH:1
FNDA:16,(anonymous_0)
DA:1,16
LF:1
LH:1
BRF:0
BRH:0
end_of_record
TN:
SF:src/manager/Locator/types.ts
FN:1,(anonymous_1)
FNF:1
FNH:1
FNDA:5,(anonymous_1)
DA:1,5
LF:1
LH:1
BRDA:1,0,0,5
BRDA:1,0,1,5
BRF:2
BRH:2
end_of_record
TN:
SF:src/manager/Locator/utils.ts
FN:10,(anonymous_1)
FN:25,(anonymous_2)
FN:54,(anonymous_3)
FN:10,getSlideAngle
FN:25,getSlideDirection
FN:54,getTranslateParams
FNF:6
FNH:6
FNDA:3,(anonymous_1)
FNDA:4,(anonymous_2)
FNDA:4,(anonymous_3)
FNDA:7,getSlideAngle
FNDA:4,getSlideDirection
FNDA:4,getTranslateParams
DA:1,5
DA:2,5
DA:10,3
DA:11,7
DA:25,4
DA:26,4
DA:27,4
DA:30,4
DA:31,4
DA:33,4
DA:36,3
DA:39,2
DA:42,1
DA:44,0
DA:54,4
DA:55,4
DA:56,4
DA:58,4
DA:59,4
DA:62,4
DA:65,4
DA:69,0
DA:71,0
LF:23
LH:20
BRDA:30,0,0,4
BRDA:30,1,0,4
BRDA:30,1,1,2
BRDA:33,2,0,1
BRDA:33,3,0,4
BRDA:33,3,1,2
BRDA:36,4,0,1
BRDA:36,5,0,3
BRDA:36,5,1,2
BRDA:39,6,0,1
BRDA:39,7,0,2
BRDA:39,7,1,2
BRDA:42,8,0,1
BRDA:42,9,0,1
BRDA:42,9,1,1
BRDA:42,9,2,0
BRDA:42,9,3,0
BRDA:58,10,0,0
BRDA:58,10,1,4
BRDA:62,11,0,4
BRDA:62,11,1,0
BRDA:62,11,2,0
BRDA:65,12,0,4
BRDA:65,12,1,3
BRDA:65,13,0,4
BRDA:65,13,1,3
BRDA:69,14,0,0
BRDA:69,14,1,0
BRDA:69,15,0,0
BRDA:69,15,1,0
BRF:30
BRH:21
end_of_record
TN:
SF:src/manager/Stater/Stater.ts
FN:154,(anonymous_0)
FN:16,(anonymous_2)
FN:21,(anonymous_3)
FN:25,(anonymous_4)
FN:30,(anonymous_5)
FN:34,(anonymous_6)
FN:38,(anonymous_7)
FN:42,(anonymous_8)
FN:46,(anonymous_9)
FN:50,(anonymous_10)
FN:54,(anonymous_11)
FN:58,(anonymous_12)
FN:63,(anonymous_13)
FN:67,(anonymous_14)
FN:76,(anonymous_15)
FN:82,(anonymous_16)
FN:132,(anonymous_17)
FN:145,(anonymous_18)
FNF:18
FNH:17
FNDA:16,(anonymous_0)
FNDA:16,(anonymous_2)
FNDA:10,(anonymous_3)
FNDA:10,(anonymous_4)
FNDA:0,(anonymous_5)
FNDA:167,(anonymous_6)
FNDA:187,(anonymous_7)
FNDA:112,(anonymous_8)
FNDA:26,(anonymous_9)
FNDA:1,(anonymous_10)
FNDA:52,(anonymous_11)
FNDA:52,(anonymous_12)
FNDA:16,(anonymous_13)
FNDA:16,(anonymous_14)
FNDA:35,(anonymous_15)
FNDA:16,(anonymous_16)
FNDA:16,(anonymous_17)
FNDA:34,(anonymous_18)
DA:3,4
DA:6,4
DA:13,16
DA:17,16
DA:18,16
DA:22,10
DA:26,10
DA:27,10
DA:31,0
DA:35,167
DA:39,187
DA:43,112
DA:47,26
DA:51,1
DA:55,52
DA:59,52
DA:63,16
DA:64,16
DA:67,16
DA:68,16
DA:76,16
DA:77,35
DA:78,35
DA:82,16
DA:83,16
DA:85,16
DA:86,16
DA:88,16
DA:91,16
DA:92,16
DA:95,16
DA:98,16
DA:100,16
DA:101,12
DA:104,16
DA:129,16
DA:132,16
DA:133,16
DA:134,16
DA:141,16
DA:145,16
DA:146,34
DA:147,34
DA:148,34
DA:154,16
LF:45
LH:44
BRDA:51,0,0,1
BRDA:51,0,1,0
BRDA:82,1,0,0
BRDA:91,2,0,3
BRDA:91,2,1,13
BRDA:100,3,0,12
BRDA:100,4,0,16
BRDA:100,4,1,13
BRDA:100,4,2,13
BRDA:126,5,0,16
BRDA:126,5,1,14
BRDA:127,6,0,16
BRDA:127,6,1,16
BRDA:132,7,0,0
BRF:14
BRH:11
end_of_record
TN:
SF:src/manager/Stater/index.ts
FN:1,(anonymous_0)
FNF:1
FNH:1
FNDA:16,(anonymous_0)
DA:1,16
LF:1
LH:1
BRF:0
BRH:0
end_of_record
TN:
SF:src/manager/Stater/utils.ts
FN:11,(anonymous_1)
FN:79,(anonymous_2)
FN:95,(anonymous_3)
FN:11,initDataList
FN:79,getNextPageFirstIndex
FN:95,checkActualIndexInRange
FNF:6
FNH:6
FNDA:16,(anonymous_1)
FNDA:11,(anonymous_2)
FNDA:37,(anonymous_3)
FNDA:16,initDataList
FNDA:11,getNextPageFirstIndex
FNDA:37,checkActualIndexInRange
DA:11,16
DA:12,16
DA:13,16
DA:14,16
DA:15,16
DA:16,16
DA:18,16
DA:20,3
DA:21,3
DA:22,3
DA:30,3
DA:34,16
DA:35,16
DA:36,16
DA:37,96
DA:46,96
DA:47,96
DA:50,16
DA:53,3
DA:54,3
DA:63,3
DA:64,3
DA:67,16
DA:79,11
DA:80,11
DA:81,1
DA:84,10
DA:95,37
DA:96,37
LF:29
LH:29
BRDA:11,0,0,0
BRDA:11,1,0,0
BRDA:11,2,0,0
BRDA:11,3,0,0
BRDA:13,4,0,16
BRDA:13,4,1,3
BRDA:15,5,0,0
BRDA:15,5,1,16
BRDA:18,6,0,3
BRDA:50,7,0,3
BRDA:80,8,0,1
BRDA:96,9,0,37
BRDA:96,9,1,36
BRF:13
BRH:8
end_of_record
TN:
SF:src/manager/SyncCarousel/SyncCarousel.ts
FN:49,(anonymous_0)
FN:9,(anonymous_2)
FN:13,(anonymous_3)
FN:17,(anonymous_4)
FN:21,(anonymous_5)
FN:25,(anonymous_6)
FN:35,(anonymous_7)
FN:41,(anonymous_8)
FNF:8
FNH:7
FNDA:16,(anonymous_0)
FNDA:16,(anonymous_2)
FNDA:2,(anonymous_3)
FNDA:21,(anonymous_4)
FNDA:19,(anonymous_5)
FNDA:2,(anonymous_6)
FNDA:0,(anonymous_7)
FNDA:19,(anonymous_8)
DA:3,4
DA:4,4
DA:10,16
DA:14,2
DA:18,21
DA:22,19
DA:25,16
DA:26,2
DA:28,2
DA:30,0
DA:31,0
DA:35,16
DA:36,0
DA:38,0
DA:41,16
DA:42,19
DA:44,19
DA:49,16
LF:18
LH:14
BRDA:26,0,0,0
BRDA:26,1,0,2
BRDA:26,1,1,0
BRDA:28,2,0,0
BRDA:36,3,0,0
BRDA:36,4,0,0
BRDA:36,4,1,0
BRDA:41,5,0,3
BRDA:42,6,0,0
BRDA:42,7,0,19
BRDA:42,7,1,0
BRF:11
BRH:3
end_of_record
TN:
SF:src/manager/SyncCarousel/index.ts
FN:1,(anonymous_0)
FNF:1
FNH:1
FNDA:16,(anonymous_0)
DA:1,16
LF:1
LH:1
BRF:0
BRH:0
end_of_record
TN:
SF:src/manager/WindowSizer/WindowSizer.ts
FN:76,(anonymous_0)
FN:25,(anonymous_2)
FN:28,(anonymous_3)
FN:32,(anonymous_4)
FN:44,(anonymous_5)
FN:54,(anonymous_6)
FN:58,(anonymous_7)
FN:65,(anonymous_8)
FN:70,(anonymous_9)
FNF:9
FNH:9
FNDA:19,(anonymous_0)
FNDA:17,(anonymous_2)
FNDA:1,(anonymous_3)
FNDA:19,(anonymous_4)
FNDA:19,(anonymous_5)
FNDA:20,(anonymous_6)
FNDA:1,(anonymous_7)
FNDA:17,(anonymous_8)
FNDA:16,(anonymous_9)
DA:1,5
DA:4,5
DA:5,5
DA:6,5
DA:7,5
DA:8,5
DA:12,5
DA:22,19
DA:26,17
DA:29,1
DA:37,19
DA:38,19
DA:39,19
DA:40,19
DA:41,19
DA:44,19
DA:45,19
DA:46,19
DA:47,0
DA:48,0
DA:50,0
DA:54,19
DA:55,20
DA:58,19
DA:59,1
DA:61,1
DA:62,1
DA:65,19
DA:66,17
DA:67,17
DA:70,19
DA:71,16
DA:72,16
DA:76,19
LF:34
LH:31
BRDA:45,0,0,19
BRDA:45,0,1,0
BRDA:47,1,0,0
BRDA:47,1,1,0
BRDA:59,2,0,0
BRDA:59,3,0,1
BRDA:59,3,1,0
BRF:7
BRH:2
end_of_record
TN:
SF:src/manager/WindowSizer/index.ts
FN:1,(anonymous_0)
FNF:1
FNH:1
FNDA:16,(anonymous_0)
DA:1,16
LF:1
LH:1
BRF:0
BRH:0
end_of_record
TN:
SF:src/manager/WindowSizer/utils.ts
FN:7,(anonymous_0)
FN:9,(anonymous_2)
FN:10,(anonymous_3)
FNF:3
FNH:2
FNDA:40,(anonymous_0)
FNDA:4,(anonymous_2)
FNDA:0,(anonymous_3)
DA:7,20
DA:8,20
DA:9,4
DA:10,0
DA:12,20
DA:13,16
LF:6
LH:5
BRDA:12,0,0,4
BRF:1
BRH:1
end_of_record
